{"C:\\Users\\PAUL\\Videos\\project\\politico\\server\\tests\\contentTest.js":{"path":"C:\\Users\\PAUL\\Videos\\project\\politico\\server\\tests\\contentTest.js","statementMap":{},"fnMap":{},"branchMap":{},"s":{},"f":{},"b":{},"inputSourceMap":{"version":3,"sources":[],"names":[],"mappings":"","sourceRoot":"C:\\Users\\PAUL\\Videos\\project\\politico\\server\\tests","sourcesContent":[]},"_coverageSchema":"1a1c01bbd47fc00a2c39e90264f33305004495a9","hash":"b581e29921353212a8d452f28a0d5c7922db443d","contentHash":"faf6df8d304e91fabfc4687478414613c767f8fbc200b80d09964280a71824ac"},"C:\\Users\\PAUL\\Videos\\project\\politico\\server\\tests\\officeTest.js":{"path":"C:\\Users\\PAUL\\Videos\\project\\politico\\server\\tests\\officeTest.js","statementMap":{"0":{"start":{"line":3,"column":29},"end":{"line":3,"column":84}},"1":{"start":{"line":5,"column":10},"end":{"line":5,"column":23}},"2":{"start":{"line":7,"column":12},"end":{"line":7,"column":51}},"3":{"start":{"line":9,"column":16},"end":{"line":9,"column":60}},"4":{"start":{"line":11,"column":14},"end":{"line":11,"column":58}},"5":{"start":{"line":13,"column":13},"end":{"line":19,"column":2}},"6":{"start":{"line":20,"column":0},"end":{"line":20,"column":17}},"7":{"start":{"line":22,"column":0},"end":{"line":22,"column":26}},"8":{"start":{"line":24,"column":0},"end":{"line":24,"column":43}},"9":{"start":{"line":26,"column":17},"end":{"line":28,"column":1}},"10":{"start":{"line":29,"column":18},"end":{"line":32,"column":1}},"11":{"start":{"line":33,"column":0},"end":{"line":48,"column":3}},"12":{"start":{"line":34,"column":2},"end":{"line":40,"column":5}},"13":{"start":{"line":35,"column":4},"end":{"line":37,"column":7}},"14":{"start":{"line":36,"column":6},"end":{"line":36,"column":34}},"15":{"start":{"line":39,"column":4},"end":{"line":39,"column":11}},"16":{"start":{"line":41,"column":2},"end":{"line":47,"column":5}},"17":{"start":{"line":42,"column":4},"end":{"line":44,"column":7}},"18":{"start":{"line":43,"column":6},"end":{"line":43,"column":34}},"19":{"start":{"line":46,"column":4},"end":{"line":46,"column":11}}},"fnMap":{"0":{"name":"(anonymous_0)","decl":{"start":{"line":33,"column":25},"end":{"line":33,"column":26}},"loc":{"start":{"line":33,"column":37},"end":{"line":48,"column":1}},"line":33},"1":{"name":"(anonymous_1)","decl":{"start":{"line":34,"column":61},"end":{"line":34,"column":62}},"loc":{"start":{"line":34,"column":77},"end":{"line":40,"column":3}},"line":34},"2":{"name":"(anonymous_2)","decl":{"start":{"line":35,"column":94},"end":{"line":35,"column":95}},"loc":{"start":{"line":35,"column":114},"end":{"line":37,"column":5}},"line":35},"3":{"name":"(anonymous_3)","decl":{"start":{"line":41,"column":53},"end":{"line":41,"column":54}},"loc":{"start":{"line":41,"column":69},"end":{"line":47,"column":3}},"line":41},"4":{"name":"(anonymous_4)","decl":{"start":{"line":42,"column":95},"end":{"line":42,"column":96}},"loc":{"start":{"line":42,"column":115},"end":{"line":44,"column":5}},"line":42}},"branchMap":{},"s":{"0":1,"1":1,"2":1,"3":1,"4":1,"5":1,"6":1,"7":1,"8":1,"9":1,"10":1,"11":1,"12":1,"13":1,"14":1,"15":1,"16":1,"17":1,"18":1,"19":1},"f":{"0":1,"1":1,"2":1,"3":1,"4":1},"b":{},"inputSourceMap":{"version":3,"sources":["officeTest.js"],"names":["client","Client","user","password","host","port","database","connect","chai","should","use","chaiHttp","officeInfo","officeInfo2","Math","floor","random","describe","it","done","request","app","post","send","end","err","res","have","status"],"mappings":";;;;AAAA;;AACA;;AACA;;AACA;;AAEA,IAAIA,MAAM,GAAG,IAAIC,UAAJ,CAAW;AACpBC,EAAAA,IAAI,EAAE,UADc;AAEpBC,EAAAA,QAAQ,EAAE,MAFU;AAGpBC,EAAAA,IAAI,EAAE,WAHc;AAIpBC,EAAAA,IAAI,EAAE,IAJc;AAKpBC,EAAAA,QAAQ,EAAE;AALU,CAAX,CAAb;AAQAN,MAAM,CAACO,OAAP;;AACAC,iBAAKC,MAAL;;AACAD,iBAAKE,GAAL,CAASC,oBAAT;;AAEA,IAAIC,UAAU,GAAG;AACT,gBAAc;AADL,CAAjB;AAIA,IAAIC,WAAW,GAAG;AACd,mCAA0BC,IAAI,CAACC,KAAL,CAAWD,IAAI,CAACE,MAAL,KAAgB,GAA3B,IAAkC,GAA5D,CADc;AAEd,eAAa;AAFC,CAAlB;AAKAC,QAAQ,CAAC,cAAD,EAAiB,YAAK;AAE1BC,EAAAA,EAAE,CAAC,sDAAD,EAAyD,UAACC,IAAD,EAAU;AACjEX,qBAAKY,OAAL,CAAaC,kBAAb,EACKC,IADL,CACU,iBADV,EAEKC,IAFL,CAEUX,UAFV,EAGKY,GAHL,CAGS,UAACC,GAAD,EAAMC,GAAN,EAAa;AACdA,MAAAA,GAAG,CAACjB,MAAJ,CAAWkB,IAAX,CAAgBC,MAAhB,CAAuB,GAAvB;AACH,KALL;;AAMIT,IAAAA,IAAI;AACX,GARC,CAAF;AASAD,EAAAA,EAAE,CAAC,8CAAD,EAAiD,UAACC,IAAD,EAAU;AACzDX,qBAAKY,OAAL,CAAaC,kBAAb,EACKC,IADL,CACU,iBADV,EAEKC,IAFL,CAEUV,WAFV,EAGKW,GAHL,CAGS,UAACC,GAAD,EAAMC,GAAN,EAAa;AACdA,MAAAA,GAAG,CAACjB,MAAJ,CAAWkB,IAAX,CAAgBC,MAAhB,CAAuB,GAAvB;AACH,KALL;;AAMIT,IAAAA,IAAI;AACX,GARC,CAAF;AAYH,CAvBO,CAAR","sourceRoot":"C:\\Users\\PAUL\\Videos\\project\\politico\\server\\tests","sourcesContent":["import {Client} from 'pg'\r\nimport chai from 'chai'\r\nimport chaiHttp from 'chai-http'\r\nimport app from '../server'\r\n\r\nlet client = new Client({\r\n    user: \"postgres\",\r\n    password: \"paul\",\r\n    host: \"localhost\",\r\n    port: 5432,\r\n    database: \"politico\"\r\n})\r\n\r\nclient.connect()\r\nchai.should()\r\nchai.use(chaiHttp)\r\n\r\nlet officeInfo = {\r\n        \"officename\": \"nandsa\"\r\n}\r\n\r\nlet officeInfo2 = {\r\n    \"officename\": `new name ${Math.floor(Math.random() * 100) + 100}`,\r\n    'hqaddress': 'home'\r\n}\r\n\r\ndescribe('office Tests', ()=> {\r\n    \r\n    it('user should not create An Office with existing name ', (done) => {        \r\n        chai.request(app)\r\n            .post('/api/v1/offices')\r\n            .send(officeInfo)\r\n            .end((err, res) =>{\r\n                res.should.have.status(403);\r\n            });\r\n            done();\r\n    });\r\n    it('user should  create An office with new name ', (done) => {        \r\n        chai.request(app)\r\n            .post('/api/v1/offices')\r\n            .send(officeInfo2)\r\n            .end((err, res) =>{\r\n                res.should.have.status(403);\r\n            });\r\n            done();\r\n    });\r\n    \r\n   \r\n\r\n})\r\n\r\n\r\n\r\n"]},"_coverageSchema":"1a1c01bbd47fc00a2c39e90264f33305004495a9","hash":"8b09c4a70d22213128d01af6d622d2394d7b41a7","contentHash":"d55d2ca36030acad759dbdab343250b3715b1c11b00a244814f7899a719a9578"},"C:\\Users\\PAUL\\Videos\\project\\politico\\server\\server.js":{"path":"C:\\Users\\PAUL\\Videos\\project\\politico\\server\\server.js","statementMap":{"0":{"start":{"line":3,"column":29},"end":{"line":3,"column":84}},"1":{"start":{"line":5,"column":0},"end":{"line":7,"column":3}},"2":{"start":{"line":8,"column":0},"end":{"line":8,"column":28}},"3":{"start":{"line":10,"column":15},"end":{"line":10,"column":57}},"4":{"start":{"line":12,"column":22},"end":{"line":12,"column":80}},"5":{"start":{"line":14,"column":19},"end":{"line":14,"column":74}},"6":{"start":{"line":16,"column":20},"end":{"line":16,"column":76}},"7":{"start":{"line":18,"column":18},"end":{"line":18,"column":64}},"8":{"start":{"line":20,"column":10},"end":{"line":20,"column":36}},"9":{"start":{"line":21,"column":0},"end":{"line":23,"column":4}},"10":{"start":{"line":24,"column":0},"end":{"line":24,"column":39}},"11":{"start":{"line":25,"column":0},"end":{"line":25,"column":47}},"12":{"start":{"line":26,"column":0},"end":{"line":26,"column":44}},"13":{"start":{"line":27,"column":0},"end":{"line":27,"column":45}},"14":{"start":{"line":28,"column":11},"end":{"line":28,"column":35}},"15":{"start":{"line":29,"column":0},"end":{"line":31,"column":3}},"16":{"start":{"line":30,"column":2},"end":{"line":30,"column":67}},"17":{"start":{"line":32,"column":15},"end":{"line":32,"column":18}},"18":{"start":{"line":33,"column":0},"end":{"line":33,"column":30}}},"fnMap":{"0":{"name":"(anonymous_0)","decl":{"start":{"line":29,"column":17},"end":{"line":29,"column":18}},"loc":{"start":{"line":29,"column":29},"end":{"line":31,"column":1}},"line":29}},"branchMap":{"0":{"loc":{"start":{"line":28,"column":11},"end":{"line":28,"column":35}},"type":"binary-expr","locations":[{"start":{"line":28,"column":11},"end":{"line":28,"column":27}},{"start":{"line":28,"column":31},"end":{"line":28,"column":35}}],"line":28}},"s":{"0":1,"1":1,"2":1,"3":1,"4":1,"5":1,"6":1,"7":1,"8":1,"9":1,"10":1,"11":1,"12":1,"13":1,"14":1,"15":1,"16":1,"17":1,"18":1},"f":{"0":1},"b":{"0":[1,1]},"inputSourceMap":{"version":3,"sources":["server.js"],"names":["app","use","parser","urlencoded","extended","json","userRouter","partyRoutes","officeRouter","port","process","env","PORT","listen","console","log"],"mappings":";;;;;;;;;AAAA;;AACA;;AACA;;AACA;;AACA;;AAEA,IAAMA,GAAG,GAAG,0BAAZ;AAEAA,GAAG,CAACC,GAAJ,CAAQC,uBAAOC,UAAP,CAAkB;AAAEC,EAAAA,QAAQ,EAAE;AAAZ,CAAlB,CAAR;AACAJ,GAAG,CAACC,GAAJ,CAAQC,uBAAOG,IAAP,EAAR;AAIAL,GAAG,CAACC,GAAJ,CAAQ,SAAR,EAAmBK,0BAAnB;AACAN,GAAG,CAACC,GAAJ,CAAQ,SAAR,EAAmBM,uBAAnB;AACAP,GAAG,CAACC,GAAJ,CAAQ,SAAR,EAAmBO,wBAAnB;AAGA,IAAMC,IAAI,GAAGC,OAAO,CAACC,GAAR,CAAYC,IAAZ,IAAoB,IAAjC;AAEAZ,GAAG,CAACa,MAAJ,CAAWJ,IAAX,EAAiB;AAAA,SAAMK,OAAO,CAACC,GAAR,6BAAiCN,IAAjC,aAAN;AAAA,CAAjB;eAGeT,G","sourceRoot":"C:\\Users\\PAUL\\Videos\\project\\politico\\server","sourcesContent":["import express from \"express\"\r\nimport userRouter from './routes/userAuthRoutes'\r\nimport partyRoutes from './routes/partyRoutes'\r\nimport officeRouter from './routes/officeRoutes'\r\nimport parser  from 'body-parser'\r\n\r\nconst app = express()\r\n\r\napp.use(parser.urlencoded({ extended: true }));\r\napp.use(parser.json());\r\n\r\n\r\n\r\napp.use('/api/v1', userRouter)\r\napp.use('/api/v1', partyRoutes)\r\napp.use('/api/v1', officeRouter)\r\n\r\n\r\nconst port = process.env.PORT || 5000\r\n\r\napp.listen(port, () => console.log(`listening to port ${port} ......`))\r\n\r\n\r\nexport default app;\r\n"]},"_coverageSchema":"1a1c01bbd47fc00a2c39e90264f33305004495a9","hash":"ee258032c5fbe288ada35c82853d4e8f8b884d82","contentHash":"4c4d8dd7583a0617d702dfd6ada6b2d5ed4448b93866d46c8ee4100a90c897e4"},"C:\\Users\\PAUL\\Videos\\project\\politico\\server\\routes\\userAuthRoutes.js":{"path":"C:\\Users\\PAUL\\Videos\\project\\politico\\server\\routes\\userAuthRoutes.js","statementMap":{"0":{"start":{"line":3,"column":29},"end":{"line":3,"column":84}},"1":{"start":{"line":5,"column":0},"end":{"line":7,"column":3}},"2":{"start":{"line":8,"column":0},"end":{"line":8,"column":28}},"3":{"start":{"line":10,"column":22},"end":{"line":10,"column":86}},"4":{"start":{"line":12,"column":15},"end":{"line":12,"column":57}},"5":{"start":{"line":14,"column":18},"end":{"line":14,"column":77}},"6":{"start":{"line":16,"column":15},"end":{"line":16,"column":71}},"7":{"start":{"line":18,"column":13},"end":{"line":18,"column":41}},"8":{"start":{"line":20,"column":0},"end":{"line":20,"column":147}},"9":{"start":{"line":21,"column":0},"end":{"line":21,"column":67}},"10":{"start":{"line":22,"column":0},"end":{"line":22,"column":85}},"11":{"start":{"line":23,"column":0},"end":{"line":23,"column":66}},"12":{"start":{"line":24,"column":15},"end":{"line":24,"column":21}},"13":{"start":{"line":25,"column":0},"end":{"line":25,"column":30}}},"fnMap":{},"branchMap":{},"s":{"0":1,"1":1,"2":1,"3":1,"4":1,"5":1,"6":1,"7":1,"8":1,"9":1,"10":1,"11":1,"12":1,"13":1},"f":{},"b":{},"inputSourceMap":{"version":3,"sources":["userAuthRoutes.js"],"names":["router","express","Router","post","validation","inputsValids","schemas","UserSchema","user","userSignUp","userSignIn","get","isAdmin","getAllUsers","getOneUser"],"mappings":";;;;;;;;;AAAA;;AACA;;AACA;;AACA;;AAEA,IAAMA,MAAM,GAAGC,oBAAQC,MAAR,EAAf;;AAEAF,MAAM,CAACG,IAAP,CAAY,cAAZ,EAA2BC,uBAAWC,YAAX,CAAwBD,uBAAWE,OAAX,CAAmBC,UAA3C,CAA3B,EAAmFC,2BAAKC,UAAxF;AACAT,MAAM,CAACG,IAAP,CAAY,cAAZ,EAA4BK,2BAAKE,UAAjC;AACAV,MAAM,CAACW,GAAP,CAAW,WAAX,EAAuBC,mBAAvB,EAAgCJ,2BAAKK,WAArC;AACAb,MAAM,CAACW,GAAP,CAAW,cAAX,EAA2BH,2BAAKM,UAAhC;eAIgBd,M","sourceRoot":"C:\\Users\\PAUL\\Videos\\project\\politico\\server\\routes","sourcesContent":["import user from '../controllers/userCotrnolers'\r\nimport express from 'express';\r\nimport validation from '../middleware/validation'\r\nimport isAdmin from '../middleware/isAdmin'\r\n\r\nconst router = express.Router()\r\n\r\nrouter.post(\"/auth/signup\",validation.inputsValids(validation.schemas.UserSchema), user.userSignUp)\r\nrouter.post(\"/auth/signin\", user.userSignIn)\r\nrouter.get(\"/allusers\",isAdmin, user.getAllUsers)\r\nrouter.get(\"/useraccount\", user.getOneUser)\r\n\r\n\r\n\r\nexport  default router "]},"_coverageSchema":"1a1c01bbd47fc00a2c39e90264f33305004495a9","hash":"3952c78479ea162e4332514c4414eaa77431a99f","contentHash":"1daa766c28d2da77842210b826b65eef9852edd97311d8df86625e94bb48c676"},"C:\\Users\\PAUL\\Videos\\project\\politico\\server\\controllers\\userCotrnolers.js":{"path":"C:\\Users\\PAUL\\Videos\\project\\politico\\server\\controllers\\userCotrnolers.js","statementMap":{"0":{"start":{"line":3,"column":29},"end":{"line":3,"column":84}},"1":{"start":{"line":5,"column":0},"end":{"line":7,"column":3}},"2":{"start":{"line":8,"column":0},"end":{"line":8,"column":28}},"3":{"start":{"line":10,"column":23},"end":{"line":10,"column":95}},"4":{"start":{"line":12,"column":20},"end":{"line":12,"column":89}},"5":{"start":{"line":14,"column":16},"end":{"line":14,"column":69}},"6":{"start":{"line":16,"column":18},"end":{"line":16,"column":74}},"7":{"start":{"line":21,"column":34},"end":{"line":128,"column":3}},"8":{"start":{"line":23,"column":4},"end":{"line":23,"column":59}},"9":{"start":{"line":26,"column":2},"end":{"line":126,"column":6}},"10":{"start":{"line":29,"column":6},"end":{"line":71,"column":9}},"11":{"start":{"line":30,"column":8},"end":{"line":70,"column":9}},"12":{"start":{"line":31,"column":10},"end":{"line":34,"column":13}},"13":{"start":{"line":35,"column":15},"end":{"line":70,"column":9}},"14":{"start":{"line":36,"column":10},"end":{"line":39,"column":13}},"15":{"start":{"line":41,"column":28},"end":{"line":41,"column":35}},"16":{"start":{"line":42,"column":30},"end":{"line":42,"column":44}},"17":{"start":{"line":43,"column":19},"end":{"line":43,"column":35}},"18":{"start":{"line":44,"column":26},"end":{"line":44,"column":49}},"19":{"start":{"line":45,"column":27},"end":{"line":45,"column":51}},"20":{"start":{"line":46,"column":22},"end":{"line":46,"column":41}},"21":{"start":{"line":47,"column":22},"end":{"line":47,"column":41}},"22":{"start":{"line":48,"column":28},"end":{"line":48,"column":53}},"23":{"start":{"line":49,"column":24},"end":{"line":49,"column":45}},"24":{"start":{"line":50,"column":10},"end":{"line":69,"column":13}},"25":{"start":{"line":76,"column":6},"end":{"line":118,"column":9}},"26":{"start":{"line":77,"column":8},"end":{"line":117,"column":9}},"27":{"start":{"line":78,"column":10},"end":{"line":81,"column":13}},"28":{"start":{"line":82,"column":15},"end":{"line":117,"column":9}},"29":{"start":{"line":83,"column":10},"end":{"line":86,"column":13}},"30":{"start":{"line":88,"column":23},"end":{"line":88,"column":30}},"31":{"start":{"line":89,"column":19},"end":{"line":89,"column":28}},"32":{"start":{"line":90,"column":26},"end":{"line":90,"column":42}},"33":{"start":{"line":91,"column":27},"end":{"line":91,"column":44}},"34":{"start":{"line":92,"column":22},"end":{"line":92,"column":34}},"35":{"start":{"line":93,"column":22},"end":{"line":93,"column":34}},"36":{"start":{"line":94,"column":28},"end":{"line":94,"column":46}},"37":{"start":{"line":95,"column":24},"end":{"line":95,"column":38}},"38":{"start":{"line":96,"column":25},"end":{"line":96,"column":40}},"39":{"start":{"line":97,"column":10},"end":{"line":116,"column":13}},"40":{"start":{"line":127,"column":2},"end":{"line":127,"column":24}},"41":{"start":{"line":130,"column":15},"end":{"line":130,"column":35}},"42":{"start":{"line":132,"column":0},"end":{"line":132,"column":30}}},"fnMap":{"0":{"name":"(anonymous_0)","decl":{"start":{"line":21,"column":34},"end":{"line":21,"column":35}},"loc":{"start":{"line":21,"column":46},"end":{"line":128,"column":1}},"line":21},"1":{"name":"userController","decl":{"start":{"line":22,"column":11},"end":{"line":22,"column":25}},"loc":{"start":{"line":22,"column":28},"end":{"line":24,"column":3}},"line":22},"2":{"name":"userSignUp","decl":{"start":{"line":28,"column":20},"end":{"line":28,"column":30}},"loc":{"start":{"line":28,"column":41},"end":{"line":72,"column":5}},"line":28},"3":{"name":"(anonymous_3)","decl":{"start":{"line":29,"column":53},"end":{"line":29,"column":54}},"loc":{"start":{"line":29,"column":72},"end":{"line":71,"column":7}},"line":29},"4":{"name":"userSignIn","decl":{"start":{"line":75,"column":20},"end":{"line":75,"column":30}},"loc":{"start":{"line":75,"column":41},"end":{"line":119,"column":5}},"line":75},"5":{"name":"(anonymous_5)","decl":{"start":{"line":76,"column":51},"end":{"line":76,"column":52}},"loc":{"start":{"line":76,"column":67},"end":{"line":118,"column":7}},"line":76},"6":{"name":"getAllUsers","decl":{"start":{"line":122,"column":20},"end":{"line":122,"column":31}},"loc":{"start":{"line":122,"column":42},"end":{"line":122,"column":44}},"line":122},"7":{"name":"getOneUser","decl":{"start":{"line":125,"column":20},"end":{"line":125,"column":30}},"loc":{"start":{"line":125,"column":41},"end":{"line":125,"column":43}},"line":125}},"branchMap":{"0":{"loc":{"start":{"line":30,"column":8},"end":{"line":70,"column":9}},"type":"if","locations":[{"start":{"line":30,"column":8},"end":{"line":70,"column":9}},{"start":{"line":30,"column":8},"end":{"line":70,"column":9}}],"line":30},"1":{"loc":{"start":{"line":35,"column":15},"end":{"line":70,"column":9}},"type":"if","locations":[{"start":{"line":35,"column":15},"end":{"line":70,"column":9}},{"start":{"line":35,"column":15},"end":{"line":70,"column":9}}],"line":35},"2":{"loc":{"start":{"line":65,"column":29},"end":{"line":65,"column":46}},"type":"binary-expr","locations":[{"start":{"line":65,"column":29},"end":{"line":65,"column":40}},{"start":{"line":65,"column":44},"end":{"line":65,"column":46}}],"line":65},"3":{"loc":{"start":{"line":77,"column":8},"end":{"line":117,"column":9}},"type":"if","locations":[{"start":{"line":77,"column":8},"end":{"line":117,"column":9}},{"start":{"line":77,"column":8},"end":{"line":117,"column":9}}],"line":77},"4":{"loc":{"start":{"line":82,"column":15},"end":{"line":117,"column":9}},"type":"if","locations":[{"start":{"line":82,"column":15},"end":{"line":117,"column":9}},{"start":{"line":82,"column":15},"end":{"line":117,"column":9}}],"line":82},"5":{"loc":{"start":{"line":111,"column":29},"end":{"line":111,"column":46}},"type":"binary-expr","locations":[{"start":{"line":111,"column":29},"end":{"line":111,"column":40}},{"start":{"line":111,"column":44},"end":{"line":111,"column":46}}],"line":111},"6":{"loc":{"start":{"line":112,"column":25},"end":{"line":112,"column":41}},"type":"binary-expr","locations":[{"start":{"line":112,"column":25},"end":{"line":112,"column":32}},{"start":{"line":112,"column":36},"end":{"line":112,"column":41}}],"line":112}},"s":{"0":1,"1":1,"2":1,"3":1,"4":1,"5":1,"6":1,"7":1,"8":1,"9":1,"10":1,"11":1,"12":0,"13":1,"14":1,"15":0,"16":0,"17":0,"18":0,"19":0,"20":0,"21":0,"22":0,"23":0,"24":0,"25":2,"26":0,"27":0,"28":0,"29":0,"30":0,"31":0,"32":0,"33":0,"34":0,"35":0,"36":0,"37":0,"38":0,"39":0,"40":1,"41":1,"42":1},"f":{"0":1,"1":1,"2":1,"3":1,"4":2,"5":0,"6":0,"7":0},"b":{"0":[0,1],"1":[1,0],"2":[0,0],"3":[0,0],"4":[0,0],"5":[0,0],"6":[0,0]},"inputSourceMap":{"version":3,"sources":["userCotrnolers.js"],"names":["userController","req","res","account","createUser","body","then","results","status","json","newUSerInfo","id","firstname","secondname","email","phone","userprofile","isadmin","tokens","encode","phoneNumber","passportUrl","isAdmin","logiUser","resi","password"],"mappings":";;;;;;;;;;;;;AACA;;AACA;;AAEA;;;IAGMA,c;;;;;;;+BAESC,G,EAAKC,G,EAAK;AACjBC,2BAAQC,UAAR,CAAmBH,GAAG,CAACI,IAAvB,EACCC,IADD,CACM,UAAAC,OAAO,EAAI;AACjB,YAAIA,OAAO,IAAI,MAAf,EAAuB;AACnB,iBAAOL,GAAG,CAACM,MAAJ,CAAW,GAAX,EAAgBC,IAAhB,CAAqB;AACxB,sBAAU,GADc;AAExB,qBAAQ;AAFgB,WAArB,CAAP;AAIH,SALD,MAMK,IAAIF,OAAO,IAAI,OAAf,EAAwB;AACzB,iBAAOL,GAAG,CAACM,MAAJ,CAAW,GAAX,EAAgBC,IAAhB,CAAqB;AACxB,sBAAU,GADc;AAExB,qBAAQ;AAFgB,WAArB,CAAP;AAIH,SALI,MAMA;AACD,cAAIC,WAAW,GAAGH,OAAlB;AADC,8BAGsEG,WAAW,CAAC,CAAD,CAHjF;AAAA,cAGMC,EAHN,iBAGMA,EAHN;AAAA,cAGSC,SAHT,iBAGSA,SAHT;AAAA,cAGqBC,UAHrB,iBAGqBA,UAHrB;AAAA,cAGiCC,KAHjC,iBAGiCA,KAHjC;AAAA,cAGwCC,KAHxC,iBAGwCA,KAHxC;AAAA,cAG8CC,WAH9C,iBAG8CA,WAH9C;AAAA,cAG0DC,OAH1D,iBAG0DA,OAH1D;AAID,iBAAOf,GAAG,CAACM,MAAJ,CAAW,GAAX,EAAgBC,IAAhB,CAAqB;AACxB,sBAAU,GADc;AAExB,oBAAQ,CAEL;AACK,uBAASS,uBAAOC,MAAP,CAAc;AAACF,gBAAAA,OAAO,EAAPA,OAAD;AAAUL,gBAAAA,SAAS,EAATA,SAAV;AAAoBD,gBAAAA,EAAE,EAAFA,EAApB;AAAuBG,gBAAAA,KAAK,EAALA;AAAvB,eAAd,CADd;AAEK,sBAAQ;AACJH,gBAAAA,EAAE,EAAEA,EADA;AAEJC,gBAAAA,SAAS,EAAEA,SAFP;AAGJC,gBAAAA,UAAU,EAAEA,UAHR;AAIJC,gBAAAA,KAAK,EAAEA,KAJH;AAKJM,gBAAAA,WAAW,EAAEL,KALT;AAMJM,gBAAAA,WAAW,EAAEL,WAAW,IAAI,EANxB;AAOJM,gBAAAA,OAAO,EAAE;AAPL;AAFb,aAFK;AAFgB,WAArB,CAAP;AAkBH;AAEJ,OAtCG;AA2CH;;;+BAEUrB,G,EAAKC,G,EAAK;AAClBC,2BAAQoB,QAAR,CAAiBtB,GAAG,CAACI,IAArB,EACCC,IADD,CACM,UAAAkB,IAAI,EAAI;AACb,YAAGA,IAAI,IAAI,IAAX,EAAiB;AACb,iBAAOtB,GAAG,CAACM,MAAJ,CAAW,GAAX,EAAgBC,IAAhB,CAAqB;AACxB,sBAAU,GADc;AAExB,qBAAQ;AAFgB,WAArB,CAAP;AAIH,SALD,MAKO,IAAIe,IAAI,IAAI,YAAZ,EAA0B;AAC7B,iBAAOtB,GAAG,CAACM,MAAJ,CAAW,GAAX,EAAgBC,IAAhB,CAAqB;AACxB,sBAAU,GADc;AAExB,qBAAQ;AAFgB,WAArB,CAAP;AAIH,SALM,MAMF;AAAA,uBACgFe,IAAI,CAAC,CAAD,CADpF;AAAA,cACMb,EADN,UACMA,EADN;AAAA,cACSC,SADT,UACSA,SADT;AAAA,cACqBC,UADrB,UACqBA,UADrB;AAAA,cACiCC,KADjC,UACiCA,KADjC;AAAA,cACwCC,KADxC,UACwCA,KADxC;AAAA,cAC8CC,WAD9C,UAC8CA,WAD9C;AAAA,cAC0DC,OAD1D,UAC0DA,OAD1D;AAAA,cACmEQ,QADnE,UACmEA,QADnE;AAED,iBAAOvB,GAAG,CAACM,MAAJ,CAAW,GAAX,EAAgBC,IAAhB,CAAqB;AACxB,sBAAU,GADc;AAExB,oBAAQ,CAEL;AACK,uBAASS,uBAAOC,MAAP,CAAc;AAACR,gBAAAA,EAAE,EAAFA,EAAD;AAAIG,gBAAAA,KAAK,EAALA,KAAJ;AAAUG,gBAAAA,OAAO,EAAPA;AAAV,eAAd,CADd;AAEK,sBAAQ;AACJN,gBAAAA,EAAE,EAAEA,EADA;AAEJC,gBAAAA,SAAS,EAAEA,SAFP;AAGJC,gBAAAA,UAAU,EAAEA,UAHR;AAIJC,gBAAAA,KAAK,EAAEA,KAJH;AAKJM,gBAAAA,WAAW,EAAEL,KALT;AAMJM,gBAAAA,WAAW,EAAEL,WAAW,IAAI,EANxB;AAOJM,gBAAAA,OAAO,EAAEL,OAAO,IAAI,KAPhB;AAQJQ,gBAAAA,QAAQ,EAAEA;AARN;AAFb,aAFK;AAFgB,WAArB,CAAP;AAmBH;AACD,OAnCD;AAoCF;;;gCACWxB,G,EAAKC,G,EAAK,CAErB;;;+BACUD,G,EAAKC,G,EAAK,CAEpB;;;;;eAGU,IAAIF,cAAJ,E","sourceRoot":"C:\\Users\\PAUL\\Videos\\project\\politico\\server\\controllers","sourcesContent":["\r\nimport account from '../models/userAuth';\r\nimport tokens from '../helpers/userTokens'\r\n\r\n/*\r\n\r\n*/\r\nclass userController {\r\n    \r\n    userSignUp(req, res) {\r\n        account.createUser(req.body)\r\n        .then(results => {\r\n        if (results == \"true\") {\r\n            return res.status(403).json({\r\n                \"status\": 403,\r\n                \"error\":\"email you provide the your information\"\r\n            });\r\n        }\r\n        else if (results == \"email\") {\r\n            return res.status(403).json({\r\n                \"status\": 403,\r\n                \"error\":\"email you provide is already in use \"\r\n            });\r\n        }\r\n        else { \r\n            let newUSerInfo = results   \r\n\r\n            const {id,firstname , secondname, email, phone,userprofile,isadmin} =  newUSerInfo[0]\r\n            return res.status(201).json({\r\n                \"status\": 201,\r\n                \"data\": [\r\n                    \r\n                   {\r\n                        \"token\": tokens.encode({isadmin, firstname,id,email}),\r\n                        \"user\": {\r\n                            id: id,\r\n                            firstname: firstname,\r\n                            secondname: secondname,\r\n                            email: email,\r\n                            phoneNumber: phone,\r\n                            passportUrl: userprofile || \"\",\r\n                            isAdmin: false\r\n                        }\r\n                    }\r\n                ]\r\n               });\r\n        }\r\n    \r\n    }\r\n        )\r\n        \r\n        \r\n    \r\n    }\r\n\r\n    userSignIn(req, res) {\r\n       account.logiUser(req.body)\r\n       .then(resi => {\r\n        if(resi == \"no\") {\r\n            return res.status(403).json({\r\n                \"status\": 403,\r\n                \"error\":\"you are not registered in the system \"\r\n            });\r\n        } else if (resi == \"dont match\") {\r\n            return res.status(403).json({\r\n                \"status\": 403,\r\n                \"error\":\"your password does not match your email\"\r\n            }); \r\n        }\r\n        else {\r\n            const {id,firstname , secondname, email, phone,userprofile,isadmin, password} =  resi[0]\r\n            return res.status(200).json({\r\n                \"status\": 200,\r\n                \"data\": [\r\n                    \r\n                   {\r\n                        \"token\": tokens.encode({id,email,isadmin}),\r\n                        \"user\": {\r\n                            id: id,\r\n                            firstname: firstname,\r\n                            secondname: secondname,\r\n                            email: email,\r\n                            phoneNumber: phone,\r\n                            passportUrl: userprofile || \"\",\r\n                            isAdmin: isadmin || false,\r\n                            password: password\r\n                        }\r\n                    }\r\n                ]\r\n               });\r\n        }\r\n       })\r\n    }\r\n    getAllUsers(req, res) {\r\n      \r\n    }\r\n    getOneUser(req, res) {\r\n       \r\n    }\r\n}\r\n\r\nexport default new userController()\r\n"]},"_coverageSchema":"1a1c01bbd47fc00a2c39e90264f33305004495a9","hash":"f0adef2596a954cd2a9205cb245fc7e0d8427d9e","contentHash":"da2f7e1f9d158caf4de08124311ea58217a13f6058663b032ee3be2a7f1a419e"},"C:\\Users\\PAUL\\Videos\\project\\politico\\server\\models\\userAuth.js":{"path":"C:\\Users\\PAUL\\Videos\\project\\politico\\server\\models\\userAuth.js","statementMap":{"0":{"start":{"line":3,"column":29},"end":{"line":3,"column":84}},"1":{"start":{"line":5,"column":0},"end":{"line":7,"column":3}},"2":{"start":{"line":8,"column":0},"end":{"line":8,"column":28}},"3":{"start":{"line":10,"column":19},"end":{"line":10,"column":80}},"4":{"start":{"line":12,"column":25},"end":{"line":12,"column":99}},"5":{"start":{"line":14,"column":23},"end":{"line":14,"column":95}},"6":{"start":{"line":16,"column":20},"end":{"line":16,"column":89}},"7":{"start":{"line":18,"column":10},"end":{"line":18,"column":23}},"8":{"start":{"line":20,"column":0},"end":{"line":20,"column":25}},"9":{"start":{"line":22,"column":13},"end":{"line":28,"column":2}},"10":{"start":{"line":29,"column":0},"end":{"line":29,"column":17}},"11":{"start":{"line":31,"column":24},"end":{"line":169,"column":3}},"12":{"start":{"line":33,"column":4},"end":{"line":33,"column":49}},"13":{"start":{"line":36,"column":2},"end":{"line":167,"column":6}},"14":{"start":{"line":39,"column":24},"end":{"line":95,"column":9}},"15":{"start":{"line":41,"column":8},"end":{"line":94,"column":20}},"16":{"start":{"line":42,"column":10},"end":{"line":93,"column":11}},"17":{"start":{"line":43,"column":12},"end":{"line":92,"column":13}},"18":{"start":{"line":45,"column":16},"end":{"line":45,"column":34}},"19":{"start":{"line":46,"column":16},"end":{"line":46,"column":59}},"20":{"start":{"line":49,"column":16},"end":{"line":49,"column":41}},"21":{"start":{"line":50,"column":16},"end":{"line":50,"column":38}},"22":{"start":{"line":51,"column":16},"end":{"line":53,"column":19}},"23":{"start":{"line":52,"column":18},"end":{"line":52,"column":50}},"24":{"start":{"line":55,"column":16},"end":{"line":58,"column":17}},"25":{"start":{"line":56,"column":18},"end":{"line":56,"column":36}},"26":{"start":{"line":57,"column":18},"end":{"line":57,"column":24}},"27":{"start":{"line":60,"column":16},"end":{"line":60,"column":57}},"28":{"start":{"line":63,"column":16},"end":{"line":66,"column":17}},"29":{"start":{"line":64,"column":18},"end":{"line":64,"column":37}},"30":{"start":{"line":65,"column":18},"end":{"line":65,"column":24}},"31":{"start":{"line":68,"column":16},"end":{"line":68,"column":58}},"32":{"start":{"line":71,"column":16},"end":{"line":71,"column":48}},"33":{"start":{"line":72,"column":16},"end":{"line":72,"column":244}},"34":{"start":{"line":73,"column":16},"end":{"line":73,"column":223}},"35":{"start":{"line":74,"column":16},"end":{"line":74,"column":35}},"36":{"start":{"line":75,"column":16},"end":{"line":79,"column":19}},"37":{"start":{"line":76,"column":18},"end":{"line":78,"column":19}},"38":{"start":{"line":77,"column":20},"end":{"line":77,"column":37}},"39":{"start":{"line":82,"column":16},"end":{"line":82,"column":35}},"40":{"start":{"line":83,"column":16},"end":{"line":83,"column":91}},"41":{"start":{"line":86,"column":16},"end":{"line":86,"column":39}},"42":{"start":{"line":87,"column":16},"end":{"line":87,"column":62}},"43":{"start":{"line":91,"column":16},"end":{"line":91,"column":39}},"44":{"start":{"line":98,"column":8},"end":{"line":98,"column":50}},"45":{"start":{"line":101,"column":6},"end":{"line":101,"column":24}},"46":{"start":{"line":106,"column":22},"end":{"line":156,"column":9}},"47":{"start":{"line":108,"column":8},"end":{"line":155,"column":21}},"48":{"start":{"line":109,"column":10},"end":{"line":154,"column":11}},"49":{"start":{"line":110,"column":12},"end":{"line":153,"column":13}},"50":{"start":{"line":112,"column":16},"end":{"line":112,"column":35}},"51":{"start":{"line":113,"column":16},"end":{"line":113,"column":59}},"52":{"start":{"line":116,"column":16},"end":{"line":116,"column":41}},"53":{"start":{"line":117,"column":16},"end":{"line":117,"column":37}},"54":{"start":{"line":118,"column":16},"end":{"line":120,"column":19}},"55":{"start":{"line":119,"column":18},"end":{"line":119,"column":51}},"56":{"start":{"line":122,"column":16},"end":{"line":125,"column":17}},"57":{"start":{"line":123,"column":18},"end":{"line":123,"column":38}},"58":{"start":{"line":124,"column":18},"end":{"line":124,"column":24}},"59":{"start":{"line":127,"column":16},"end":{"line":127,"column":35}},"60":{"start":{"line":128,"column":16},"end":{"line":128,"column":92}},"61":{"start":{"line":131,"column":16},"end":{"line":131,"column":42}},"62":{"start":{"line":133,"column":16},"end":{"line":136,"column":17}},"63":{"start":{"line":134,"column":18},"end":{"line":134,"column":38}},"64":{"start":{"line":135,"column":18},"end":{"line":135,"column":24}},"65":{"start":{"line":138,"column":16},"end":{"line":138,"column":65}},"66":{"start":{"line":141,"column":16},"end":{"line":141,"column":64}},"67":{"start":{"line":144,"column":16},"end":{"line":144,"column":36}},"68":{"start":{"line":145,"column":16},"end":{"line":145,"column":22}},"69":{"start":{"line":148,"column":16},"end":{"line":148,"column":56}},"70":{"start":{"line":152,"column":16},"end":{"line":152,"column":40}},"71":{"start":{"line":159,"column":8},"end":{"line":159,"column":48}},"72":{"start":{"line":162,"column":6},"end":{"line":162,"column":22}},"73":{"start":{"line":168,"column":2},"end":{"line":168,"column":14}},"74":{"start":{"line":171,"column":15},"end":{"line":171,"column":25}},"75":{"start":{"line":173,"column":0},"end":{"line":173,"column":30}}},"fnMap":{"0":{"name":"(anonymous_0)","decl":{"start":{"line":31,"column":24},"end":{"line":31,"column":25}},"loc":{"start":{"line":31,"column":36},"end":{"line":169,"column":1}},"line":31},"1":{"name":"User","decl":{"start":{"line":32,"column":11},"end":{"line":32,"column":15}},"loc":{"start":{"line":32,"column":18},"end":{"line":34,"column":3}},"line":32},"2":{"name":"(anonymous_2)","decl":{"start":{"line":38,"column":11},"end":{"line":38,"column":12}},"loc":{"start":{"line":38,"column":23},"end":{"line":102,"column":5}},"line":38},"3":{"name":"_callee","decl":{"start":{"line":39,"column":111},"end":{"line":39,"column":118}},"loc":{"start":{"line":39,"column":128},"end":{"line":95,"column":7}},"line":39},"4":{"name":"_callee$","decl":{"start":{"line":41,"column":53},"end":{"line":41,"column":61}},"loc":{"start":{"line":41,"column":72},"end":{"line":94,"column":9}},"line":41},"5":{"name":"(anonymous_5)","decl":{"start":{"line":51,"column":39},"end":{"line":51,"column":40}},"loc":{"start":{"line":51,"column":52},"end":{"line":53,"column":17}},"line":51},"6":{"name":"(anonymous_6)","decl":{"start":{"line":75,"column":54},"end":{"line":75,"column":55}},"loc":{"start":{"line":75,"column":69},"end":{"line":79,"column":17}},"line":75},"7":{"name":"createUser","decl":{"start":{"line":97,"column":15},"end":{"line":97,"column":25}},"loc":{"start":{"line":97,"column":30},"end":{"line":99,"column":7}},"line":97},"8":{"name":"(anonymous_8)","decl":{"start":{"line":105,"column":11},"end":{"line":105,"column":12}},"loc":{"start":{"line":105,"column":23},"end":{"line":163,"column":5}},"line":105},"9":{"name":"_callee2","decl":{"start":{"line":106,"column":109},"end":{"line":106,"column":117}},"loc":{"start":{"line":106,"column":128},"end":{"line":156,"column":7}},"line":106},"10":{"name":"_callee2$","decl":{"start":{"line":108,"column":53},"end":{"line":108,"column":62}},"loc":{"start":{"line":108,"column":74},"end":{"line":155,"column":9}},"line":108},"11":{"name":"(anonymous_11)","decl":{"start":{"line":118,"column":39},"end":{"line":118,"column":40}},"loc":{"start":{"line":118,"column":52},"end":{"line":120,"column":17}},"line":118},"12":{"name":"logiUser","decl":{"start":{"line":158,"column":15},"end":{"line":158,"column":23}},"loc":{"start":{"line":158,"column":29},"end":{"line":160,"column":7}},"line":158},"13":{"name":"allUsers","decl":{"start":{"line":166,"column":20},"end":{"line":166,"column":28}},"loc":{"start":{"line":166,"column":31},"end":{"line":166,"column":33}},"line":166}},"branchMap":{"0":{"loc":{"start":{"line":43,"column":12},"end":{"line":92,"column":13}},"type":"switch","locations":[{"start":{"line":44,"column":14},"end":{"line":46,"column":59}},{"start":{"line":48,"column":14},"end":{"line":60,"column":57}},{"start":{"line":62,"column":14},"end":{"line":68,"column":58}},{"start":{"line":70,"column":14},"end":{"line":79,"column":19}},{"start":{"line":81,"column":14},"end":{"line":83,"column":91}},{"start":{"line":85,"column":14},"end":{"line":87,"column":62}},{"start":{"line":89,"column":14},"end":{"line":89,"column":22}},{"start":{"line":90,"column":14},"end":{"line":91,"column":39}}],"line":43},"1":{"loc":{"start":{"line":55,"column":16},"end":{"line":58,"column":17}},"type":"if","locations":[{"start":{"line":55,"column":16},"end":{"line":58,"column":17}},{"start":{"line":55,"column":16},"end":{"line":58,"column":17}}],"line":55},"2":{"loc":{"start":{"line":63,"column":16},"end":{"line":66,"column":17}},"type":"if","locations":[{"start":{"line":63,"column":16},"end":{"line":66,"column":17}},{"start":{"line":63,"column":16},"end":{"line":66,"column":17}}],"line":63},"3":{"loc":{"start":{"line":76,"column":18},"end":{"line":78,"column":19}},"type":"if","locations":[{"start":{"line":76,"column":18},"end":{"line":78,"column":19}},{"start":{"line":76,"column":18},"end":{"line":78,"column":19}}],"line":76},"4":{"loc":{"start":{"line":110,"column":12},"end":{"line":153,"column":13}},"type":"switch","locations":[{"start":{"line":111,"column":14},"end":{"line":113,"column":59}},{"start":{"line":115,"column":14},"end":{"line":128,"column":92}},{"start":{"line":130,"column":14},"end":{"line":138,"column":65}},{"start":{"line":140,"column":14},"end":{"line":141,"column":64}},{"start":{"line":143,"column":14},"end":{"line":145,"column":22}},{"start":{"line":147,"column":14},"end":{"line":148,"column":56}},{"start":{"line":150,"column":14},"end":{"line":150,"column":22}},{"start":{"line":151,"column":14},"end":{"line":152,"column":40}}],"line":110},"5":{"loc":{"start":{"line":122,"column":16},"end":{"line":125,"column":17}},"type":"if","locations":[{"start":{"line":122,"column":16},"end":{"line":125,"column":17}},{"start":{"line":122,"column":16},"end":{"line":125,"column":17}}],"line":122},"6":{"loc":{"start":{"line":133,"column":16},"end":{"line":136,"column":17}},"type":"if","locations":[{"start":{"line":133,"column":16},"end":{"line":136,"column":17}},{"start":{"line":133,"column":16},"end":{"line":136,"column":17}}],"line":133}},"s":{"0":1,"1":1,"2":1,"3":1,"4":1,"5":1,"6":1,"7":1,"8":1,"9":1,"10":1,"11":1,"12":1,"13":1,"14":1,"15":1,"16":3,"17":4,"18":1,"19":1,"20":1,"21":1,"22":1,"23":128,"24":1,"25":1,"26":1,"27":0,"28":1,"29":0,"30":0,"31":1,"32":0,"33":0,"34":0,"35":0,"36":0,"37":0,"38":0,"39":0,"40":0,"41":0,"42":0,"43":1,"44":1,"45":1,"46":1,"47":2,"48":3,"49":3,"50":2,"51":2,"52":1,"53":1,"54":1,"55":128,"56":1,"57":0,"58":0,"59":1,"60":1,"61":0,"62":0,"63":0,"64":0,"65":0,"66":0,"67":0,"68":0,"69":0,"70":0,"71":2,"72":1,"73":1,"74":1,"75":1},"f":{"0":1,"1":1,"2":1,"3":1,"4":3,"5":128,"6":0,"7":1,"8":1,"9":2,"10":3,"11":128,"12":2,"13":0},"b":{"0":[1,1,1,0,0,0,0,1],"1":[1,0],"2":[0,1],"3":[0,0],"4":[2,1,0,0,0,0,0,0],"5":[0,1],"6":[0,0]},"inputSourceMap":{"version":3,"sources":["userAuth.js"],"names":["client","Client","user","password","host","port","database","connect","User","newUser","query","allUsers","users","rows","userExist","some","n","email","Object","keys","length","values","results","inserts","firstname","secondname","phone","nationalid","userprofile","address","userId","usertype","isadmin","err","console","log","rezult","userInfo","Alluser","fullInfo"],"mappings":";;;;;;;;;;;;;;;;;AACA;;AACA;;AAEA,IAAIA,MAAM,GAAG,IAAIC,UAAJ,CAAW;AACpBC,EAAAA,IAAI,EAAE,UADc;AAEpBC,EAAAA,QAAQ,EAAE,MAFU;AAGpBC,EAAAA,IAAI,EAAE,WAHc;AAIpBC,EAAAA,IAAI,EAAE,IAJc;AAKpBC,EAAAA,QAAQ,EAAE;AALU,CAAX,CAAb;AAQAN,MAAM,CAACO,OAAP,G,CACA;;IACMC,I;;;;;;;;uHACeC,O;;;;;;;uBACUT,MAAM,CAACU,KAAP,CAAa,qBAAb,C;;;AAAjBC,gBAAAA,Q;AACFC,gBAAAA,K,GAAQD,QAAQ,CAACE,I;AACfC,gBAAAA,S,GAAYF,KAAK,CAACG,IAAN,CAAW,UAAAC,CAAC;AAAA,yBAAIA,CAAC,CAACC,KAAF,IAAWR,OAAO,CAACQ,KAAvB;AAAA,iBAAZ,C;;sBACdC,MAAM,CAACC,IAAP,CAAYV,OAAZ,EAAqBW,MAArB,IAA+B,C;;;;;iDACxB,M;;;qBACAN,S;;;;;iDACA,O;;;AAGHO,gBAAAA,M,GAASH,MAAM,CAACG,MAAP,CAAcZ,OAAd,C;AAETa,gBAAAA,O;AAMCC,gBAAAA,O,GAAU,CAACd,OAAO,CAACe,SAAT,EAAmBf,OAAO,CAACgB,UAA3B,EAAuChB,OAAO,CAACQ,KAA/C,EAAqDR,OAAO,CAACiB,KAA7D,EAAmEjB,OAAO,CAACkB,UAA3E,EAAsFlB,OAAO,CAACN,QAA9F,EAAuGM,OAAO,CAACmB,WAA/G,EAA2HnB,OAAO,CAACoB,OAAnI,EAA2IpB,OAAO,CAACqB,MAAnJ,EAA0JrB,OAAO,CAACsB,QAAlK,EAA4KtB,OAAO,CAACuB,OAApL,C;;uBAERhC,MAAM,CAACU,KAAP,CAAaY,OAAb,EAAsBC,OAAtB,EAA+B,UAACU,GAAD,EAAS;AAC1C,sBAAGA,GAAH,EAAQ;AACJC,oBAAAA,OAAO,CAACC,GAAR,CAAYF,GAAZ;AACH;AACJ,iBAJK,C;;;;uBAMajC,MAAM,CAACU,KAAP,CAAa,oCAAb,EAAmD,CAACD,OAAO,CAACQ,KAAT,CAAnD,C;;;AAAfmB,gBAAAA,M;iDAEGA,MAAM,CAACvB,I;;;;;;;;;;;;;;;;;;;sHAIRwB,Q;;;;;;;uBACWrC,MAAM,CAACU,KAAP,CAAa,qBAAb,C;;;AAAhB4B,gBAAAA,O;AACA1B,gBAAAA,K,GAAQ0B,OAAO,CAACzB,I;AAClBC,gBAAAA,S,GAAYF,KAAK,CAACG,IAAN,CAAW,UAAAC,CAAC;AAAA,yBAAIA,CAAC,CAACC,KAAF,IAAWoB,QAAQ,CAACpB,KAAxB;AAAA,iBAAZ,C;;qBACZH,S;;;;;;uBACqBd,MAAM,CAACU,KAAP,CAAa,oCAAb,EAAmD,CAAC2B,QAAQ,CAACpB,KAAV,CAAnD,C;;;AAAjBsB,gBAAAA,Q;;sBACFA,QAAQ,CAAC1B,IAAT,CAAc,CAAd,EAAiBV,QAAjB,IAA6BkC,QAAQ,CAAClC,Q;;;;;kDAC7BoC,QAAQ,CAAC1B,I;;;kDAGV,Y;;;;;;;kDAIH,I;;;;;;;;;;;;;;;;;;+BAIJ,CAEV;;;;;eAIU,IAAIL,IAAJ,E","sourceRoot":"C:\\Users\\PAUL\\Videos\\project\\politico\\server\\models","sourcesContent":["\r\nimport { Client, Pool } from 'pg';\r\nimport 'dotenv/config'\r\n\r\nlet client = new Client({\r\n    user: \"postgres\",\r\n    password: \"paul\",\r\n    host: \"localhost\",\r\n    port: 5432,\r\n    database: \"politico\"\r\n})\r\n\r\nclient.connect()\r\n// \r\nclass User {\r\n    async createUser(newUser){\r\n        const allUsers = await client.query('select * from users');\r\n        let users = allUsers.rows\r\n        const userExist = users.some(n => n.email == newUser.email)\r\n        if( Object.keys(newUser).length <= 1) {\r\n            return \"true\"\r\n        } else if (userExist) {\r\n            return \"email\"\r\n        }\r\n        else {\r\n            let values = Object.values(newUser)     \r\n            \r\n            let results = \r\n            `INSERT INTO users\r\n             (firstname,secondname,email,phone,nationalId,password,userprofile,address,userId,usertype,isadmin) VALUES\r\n             ($1,$2,$3,$4,$5,$6,$7,$8,$9,$10,$11) RETURNING * \r\n            `\r\n\r\n             let inserts = [newUser.firstname,newUser.secondname ,newUser.email,newUser.phone,newUser.nationalid,newUser.password,newUser.userprofile,newUser.address,newUser.userId,newUser.usertype, newUser.isadmin]\r\n             \r\n             await client.query(results, inserts, (err) => {\r\n                 if(err) {\r\n                     console.log(err)\r\n                 }\r\n             })\r\n\r\n             let rezult = await client.query('select * from users where email=$1', [newUser.email])\r\n            \r\n             return rezult.rows\r\n        }\r\n     }\r\n\r\n    async logiUser(userInfo) {\r\n        const Alluser = await client.query('select * from users');\r\n        const users = Alluser.rows\r\n        let userExist = users.some(n => n.email == userInfo.email)\r\n        if (userExist) {\r\n            let fullInfo = await client.query('select * from users where email=$1', [userInfo.email]);\r\n           if(fullInfo.rows[0].password == userInfo.password) {\r\n                return fullInfo.rows\r\n           } else {\r\n            \r\n               return \"dont match\"\r\n           }           \r\n            \r\n        } else {\r\n            return \"no\"\r\n        }\r\n    }\r\n\r\n    allUsers() {\r\n\r\n    }\r\n}\r\n\r\n\r\nexport default new User();\r\n\r\n"]},"_coverageSchema":"1a1c01bbd47fc00a2c39e90264f33305004495a9","hash":"0c78abca291b1814c4acdf6fc7acac9c3ef4aba2","contentHash":"ec8c414a2f1365f1badb47f8781f7df90618bc6479de72a2b41e43fdbd7f7fc9"},"C:\\Users\\PAUL\\Videos\\project\\politico\\server\\helpers\\userTokens.js":{"path":"C:\\Users\\PAUL\\Videos\\project\\politico\\server\\helpers\\userTokens.js","statementMap":{"0":{"start":{"line":3,"column":0},"end":{"line":5,"column":3}},"1":{"start":{"line":6,"column":0},"end":{"line":6,"column":28}},"2":{"start":{"line":8,"column":20},"end":{"line":8,"column":43}},"3":{"start":{"line":10,"column":13},"end":{"line":19,"column":1}},"4":{"start":{"line":12,"column":16},"end":{"line":12,"column":61}},"5":{"start":{"line":13,"column":4},"end":{"line":13,"column":17}},"6":{"start":{"line":16,"column":19},"end":{"line":16,"column":64}},"7":{"start":{"line":17,"column":4},"end":{"line":17,"column":20}},"8":{"start":{"line":20,"column":15},"end":{"line":20,"column":21}},"9":{"start":{"line":21,"column":0},"end":{"line":21,"column":30}}},"fnMap":{"0":{"name":"encode","decl":{"start":{"line":11,"column":19},"end":{"line":11,"column":25}},"loc":{"start":{"line":11,"column":35},"end":{"line":14,"column":3}},"line":11},"1":{"name":"decode","decl":{"start":{"line":15,"column":19},"end":{"line":15,"column":25}},"loc":{"start":{"line":15,"column":33},"end":{"line":18,"column":3}},"line":15}},"branchMap":{},"s":{"0":1,"1":1,"2":1,"3":1,"4":0,"5":0,"6":0,"7":0,"8":1,"9":1},"f":{"0":0,"1":0},"b":{},"inputSourceMap":{"version":3,"sources":["userTokens.js"],"names":["tokens","encode","payload","token","decode","response"],"mappings":";;;;;;;AAAA;;AAEA,IAAMA,MAAM,GAAG;AACXC,EAAAA,MADW,kBACJC,OADI,EACK;AACZ,QAAMC,KAAK,GAAG,wBAAKD,OAAL,EAAc,WAAd,CAAd;AACA,WAAOC,KAAP;AACH,GAJU;AAKXC,EAAAA,MALW,kBAKJD,KALI,EAKG;AACV,QAAME,QAAQ,GAAG,0BAAOF,KAAP,EAAc,WAAd,CAAjB;AACA,WAAOE,QAAP;AACH;AARU,CAAf;eAWeL,M","sourceRoot":"C:\\Users\\PAUL\\Videos\\project\\politico\\server\\helpers","sourcesContent":["import { sign, verify } from 'jsonwebtoken';\r\n\r\nconst tokens = {\r\n    encode(payload) {\r\n        const token = sign(payload, 'secretKey')\r\n        return token \r\n    },\r\n    decode(token) {\r\n        const response = verify(token, 'secretKey')\r\n        return response\r\n    }\r\n}\r\n\r\nexport default tokens\r\n"]},"_coverageSchema":"1a1c01bbd47fc00a2c39e90264f33305004495a9","hash":"dd07c36b3fea3efc5a7a7e2343f61f971bae3194","contentHash":"ade9ac62a61c3dc829a529115e35cd2cf75dde6bec26ebe36de3077ad6a84c7a"},"C:\\Users\\PAUL\\Videos\\project\\politico\\server\\middleware\\validation.js":{"path":"C:\\Users\\PAUL\\Videos\\project\\politico\\server\\middleware\\validation.js","statementMap":{"0":{"start":{"line":3,"column":29},"end":{"line":3,"column":84}},"1":{"start":{"line":5,"column":0},"end":{"line":7,"column":3}},"2":{"start":{"line":8,"column":0},"end":{"line":8,"column":28}},"3":{"start":{"line":10,"column":11},"end":{"line":10,"column":49}},"4":{"start":{"line":12,"column":15},"end":{"line":116,"column":1}},"5":{"start":{"line":104,"column":4},"end":{"line":114,"column":6}},"6":{"start":{"line":105,"column":6},"end":{"line":113,"column":9}},"7":{"start":{"line":106,"column":8},"end":{"line":112,"column":9}},"8":{"start":{"line":107,"column":10},"end":{"line":109,"column":13}},"9":{"start":{"line":111,"column":10},"end":{"line":111,"column":17}},"10":{"start":{"line":117,"column":0},"end":{"line":117,"column":30}}},"fnMap":{"0":{"name":"inputsValids","decl":{"start":{"line":103,"column":25},"end":{"line":103,"column":37}},"loc":{"start":{"line":103,"column":46},"end":{"line":115,"column":3}},"line":103},"1":{"name":"(anonymous_1)","decl":{"start":{"line":104,"column":11},"end":{"line":104,"column":12}},"loc":{"start":{"line":104,"column":37},"end":{"line":114,"column":5}},"line":104},"2":{"name":"(anonymous_2)","decl":{"start":{"line":105,"column":49},"end":{"line":105,"column":50}},"loc":{"start":{"line":105,"column":73},"end":{"line":113,"column":7}},"line":105}},"branchMap":{"0":{"loc":{"start":{"line":106,"column":8},"end":{"line":112,"column":9}},"type":"if","locations":[{"start":{"line":106,"column":8},"end":{"line":112,"column":9}},{"start":{"line":106,"column":8},"end":{"line":112,"column":9}}],"line":106}},"s":{"0":1,"1":1,"2":1,"3":1,"4":1,"5":5,"6":1,"7":1,"8":0,"9":1,"10":1},"f":{"0":5,"1":1,"2":1},"b":{"0":[0,1]},"inputSourceMap":{"version":3,"sources":["validation.js"],"names":["schemas","UserSchema","Joi","object","keys","email","string","firstname","required","secondname","address","phonenumber","number","nationalid","othername","passporturl","password","min","usertype","valid","isAdmin","options","abortEarly","UpdateUser","firstName","lastName","phoneNumber","otherName","passportUrl","userName","userType","PartySchema","partyname","hqAddress","logoUrl","foundeOn","date","partInfo","partyAddress","UpdateParty","OfficeSchema","officename","type","officeinfo","status","applyId","leader","updateOffice","candidateSchema","candidate","offices","party","voteSchema","petitionSchema","body","office","inputsValids","schema","req","res","next","validate","err","results","json"],"mappings":";;;;;;;;;AAAA;;eAGe;AAEXA,EAAAA,OAAO,EAAC;AAAIC,IAAAA,UAAU,EAACC,gBAAIC,MAAJ,GAAaC,IAAb,CAAkB;AACjBC,MAAAA,KAAK,EAAEH,gBAAII,MAAJ,GAAaD,KAAb,EADU;AAEjBE,MAAAA,SAAS,EAAEL,gBAAII,MAAJ,GAAaE,QAAb,EAFM;AAGjBC,MAAAA,UAAU,EAAEP,gBAAII,MAAJ,GAAaE,QAAb,EAHK;AAIjBE,MAAAA,OAAO,EAAER,gBAAII,MAAJ,GAAaE,QAAb,EAJQ;AAKjBG,MAAAA,WAAW,EAAET,gBAAIU,MAAJ,EALI;AAMjBC,MAAAA,UAAU,EAAEX,gBAAIU,MAAJ,EANK;AAOjBE,MAAAA,SAAS,EAAEZ,gBAAII,MAAJ,EAPM;AAQjBS,MAAAA,WAAW,EAAEb,gBAAII,MAAJ,EARI;AASjBU,MAAAA,QAAQ,EAAEd,gBAAII,MAAJ,GAAaW,GAAb,CAAiB,CAAjB,EAAoBT,QAApB,EATO;AAUjBU,MAAAA,QAAQ,EAAEhB,gBAAII,MAAJ,GAAaa,KAAb,CAAmB,CAAC,MAAD,EAAQ,WAAR,CAAnB,CAVO;AAWjBC,MAAAA,OAAO,EAAElB;AAXQ,KAAlB,EAYImB,OAZJ,CAYY;AAACC,MAAAA,UAAU,EAAG;AAAd,KAZZ,CAAf;AAcgBC,IAAAA,UAAU,EAACrB,gBAAIC,MAAJ,GAAaC,IAAb,CAAkB;AACzBC,MAAAA,KAAK,EAAEH,gBAAII,MAAJ,GAAaD,KAAb,EADkB;AAEzBmB,MAAAA,SAAS,EAAEtB,gBAAII,MAAJ,EAFc;AAGzBmB,MAAAA,QAAQ,EAAEvB,gBAAII,MAAJ,EAHe;AAIzBI,MAAAA,OAAO,EAAER,gBAAII,MAAJ,EAJgB;AAKzBoB,MAAAA,WAAW,EAAExB,gBAAIU,MAAJ,EALY;AAMzBe,MAAAA,SAAS,EAAEzB,gBAAII,MAAJ,EANc;AAOzBsB,MAAAA,WAAW,EAAE1B,gBAAII,MAAJ,EAPY;AAQzBuB,MAAAA,QAAQ,EAAE3B,gBAAII,MAAJ,EARe;AASzBU,MAAAA,QAAQ,EAAEd,gBAAII,MAAJ,GAAaW,GAAb,CAAiB,CAAjB,CATe;AAUzBa,MAAAA,QAAQ,EAAE5B,gBAAII,MAAJ,GAAaa,KAAb,CAAmB,CAAC,MAAD,EAAQ,WAAR,CAAnB,CAVe;AAWzBC,MAAAA,OAAO,EAAElB;AAXgB,KAAlB,EAYJmB,OAZI,CAYI;AAACC,MAAAA,UAAU,EAAG;AAAd,KAZJ,CAd3B;AA4BYS,IAAAA,WAAW,EAAC7B,gBAAIC,MAAJ,GAAaC,IAAb,CAAkB;AAC1B4B,MAAAA,SAAS,EAAC9B,gBAAII,MAAJ,GAAaE,QAAb,EADgB;AAE1ByB,MAAAA,SAAS,EAAE/B,gBAAII,MAAJ,GAAaE,QAAb,EAFe;AAG1B0B,MAAAA,OAAO,EAAEhC,gBAAII,MAAJ,GAAaE,QAAb,EAHiB;AAI1B2B,MAAAA,QAAQ,EAAEjC,gBAAIkC,IAAJ,EAJgB;AAK1BC,MAAAA,QAAQ,EAAEnC,gBAAII,MAAJ,EALgB;AAM1BgC,MAAAA,YAAY,EAAEpC,gBAAII,MAAJ;AANY,KAAlB,EAOTe,OAPS,CAOD;AAACC,MAAAA,UAAU,EAAG;AAAd,KAPC,CA5BxB;AAsCYiB,IAAAA,WAAW,EAACrC,gBAAIC,MAAJ,GAAaC,IAAb,CAAkB;AAC1B4B,MAAAA,SAAS,EAAC9B,gBAAII,MAAJ,EADgB;AAE1B2B,MAAAA,SAAS,EAAE/B,gBAAII,MAAJ,EAFe;AAG1B4B,MAAAA,OAAO,EAAEhC,gBAAII,MAAJ,EAHiB;AAI1B6B,MAAAA,QAAQ,EAAEjC,gBAAIkC,IAAJ,EAJgB;AAK1BC,MAAAA,QAAQ,EAAEnC,gBAAII,MAAJ,EALgB;AAM1BgC,MAAAA,YAAY,EAAEpC,gBAAII,MAAJ;AANY,KAAlB,EAQTe,OARS,CAQD;AAACC,MAAAA,UAAU,EAAG;AAAd,KARC,CAtCxB;AAgDYkB,IAAAA,YAAY,EAACtC,gBAAIC,MAAJ,GAAaC,IAAb,CAAkB;AAC3BqC,MAAAA,UAAU,EAACvC,gBAAII,MAAJ,GAAaE,QAAb,EADgB;AAE3BkC,MAAAA,IAAI,EAAExC,gBAAII,MAAJ,EAFqB;AAG3BqC,MAAAA,UAAU,EAAEzC,gBAAII,MAAJ,GAAaE,QAAb,EAHe;AAI3BoC,MAAAA,MAAM,EAAE1C,gBAAII,MAAJ,GAAaa,KAAb,CAAmB,CAAC,MAAD,EAAQ,QAAR,CAAnB,CAJmB;AAK3Be,MAAAA,OAAO,EAAEhC,gBAAII,MAAJ,EALkB;AAM3BuC,MAAAA,OAAO,EAAE3C,gBAAII,MAAJ,EANkB;AAO3BwC,MAAAA,MAAM,EAAE5C,gBAAIU,MAAJ;AAPmB,KAAlB,EASVS,OATU,CASF;AAACC,MAAAA,UAAU,EAAG;AAAd,KATE,CAhDzB;AA2DYyB,IAAAA,YAAY,EAAC7C,gBAAIC,MAAJ,GAAaC,IAAb,CAAkB;AAC3BqC,MAAAA,UAAU,EAACvC,gBAAII,MAAJ,GAAaE,QAAb,EADgB;AAE3BkC,MAAAA,IAAI,EAAExC,gBAAII,MAAJ,GAAaE,QAAb,EAFqB;AAG3BmC,MAAAA,UAAU,EAAEzC,gBAAII,MAAJ,GAAaE,QAAb,EAHe;AAI3BoC,MAAAA,MAAM,EAAE1C,gBAAII,MAAJ,GAAaa,KAAb,CAAmB,CAAC,MAAD,EAAQ,QAAR,CAAnB,CAJmB;AAK3Be,MAAAA,OAAO,EAAEhC,gBAAII,MAAJ;AALkB,KAAlB,EAOVe,OAPU,CAOF;AAACC,MAAAA,UAAU,EAAG;AAAd,KAPE,CA3DzB;AAoEY0B,IAAAA,eAAe,EAAC9C,gBAAIC,MAAJ,GAAaC,IAAb,CAAkB;AAC9B6C,MAAAA,SAAS,EAAC/C,gBAAIU,MAAJ,GAAaJ,QAAb,EADoB;AAE9B0C,MAAAA,OAAO,EAAEhD,gBAAIU,MAAJ,GAAaJ,QAAb,EAFqB;AAG9B2C,MAAAA,KAAK,EAAEjD,gBAAIU,MAAJ,GAAaJ,QAAb;AAHuB,KAAlB,EAKba,OALa,CAKL;AAACC,MAAAA,UAAU,EAAG;AAAd,KALK,CApE5B;AA2EY8B,IAAAA,UAAU,EAAClD,gBAAIC,MAAJ,GAAaC,IAAb,CAAkB;AACzB6C,MAAAA,SAAS,EAAE/C,gBAAIU,MAAJ,GAAaJ,QAAb;AADc,KAAlB,EAERa,OAFQ,CAEA;AAACC,MAAAA,UAAU,EAAG;AAAd,KAFA,CA3EvB;AAgFY+B,IAAAA,cAAc,EAACnD,gBAAIC,MAAJ,GAAaC,IAAb,CAAkB;AAE7BkD,MAAAA,IAAI,EAAEpD,gBAAII,MAAJ,GAAaE,QAAb,EAFuB;AAG7B+C,MAAAA,MAAM,EAAErD,gBAAIU,MAAJ,GAAaJ,QAAb;AAHqB,KAAlB,EAKZa,OALY,CAKJ;AAACC,MAAAA,UAAU,EAAG;AAAd,KALI;AAhF3B,GAFG;AA2FFkC,EAAAA,YAAY,EAAC,sBAACC,MAAD,EAAU;AACpB,WAAO,UAACC,GAAD,EAAKC,GAAL,EAASC,IAAT,EAAgB;AACvB1D,sBAAI2D,QAAJ,CAAaH,GAAG,CAACJ,IAAjB,EAAsBG,MAAtB,EAA8B,UAACK,GAAD,EAAMC,OAAN,EAAkB;AAC5C,YAAGD,GAAH,EAAO;AACHH,UAAAA,GAAG,CAACf,MAAJ,CAAW,GAAX,EAAgBoB,IAAhB,CAAqB;AACjB,6CAA0BF,GAA1B;AADiB,WAArB;AAGH,SAJD,MAKI;AACEF,UAAAA,IAAI;AACT;AACJ,OATD;AAUH,KAXG;AAYN;AAxGK,C","sourceRoot":"C:\\Users\\PAUL\\Videos\\project\\politico\\server\\middleware","sourcesContent":["import Joi from 'joi';\r\n    \r\n\r\nexport default {\r\n    \r\n    schemas:{   UserSchema:Joi.object().keys({\r\n                            email: Joi.string().email(),\r\n                            firstname: Joi.string().required(), \r\n                            secondname: Joi.string().required(),\r\n                            address: Joi.string().required(),\r\n                            phonenumber: Joi.number(),\r\n                            nationalid: Joi.number(),\r\n                            othername: Joi.string(),\r\n                            passporturl: Joi.string(),\r\n                            password: Joi.string().min(5).required(),\r\n                            usertype: Joi.string().valid(['user','candidate']),\r\n                            isAdmin: Joi.boolean()\r\n                            }).options({abortEarly : false}),\r\n\r\n                            UpdateUser:Joi.object().keys({\r\n                                email: Joi.string().email(),\r\n                                firstName: Joi.string(), \r\n                                lastName: Joi.string(),\r\n                                address: Joi.string(),\r\n                                phoneNumber: Joi.number(),\r\n                                otherName: Joi.string(),\r\n                                passportUrl: Joi.string(),\r\n                                userName: Joi.string(),\r\n                                password: Joi.string().min(5),\r\n                                userType: Joi.string().valid(['user','candidate']),\r\n                                isAdmin: Joi.boolean()\r\n                                }).options({abortEarly : false}),\r\n             \r\n                        PartySchema:Joi.object().keys({\r\n                            partyname:Joi.string().required(),\r\n                            hqAddress: Joi.string().required(),\r\n                            logoUrl: Joi.string().required(),\r\n                            foundeOn: Joi.date(),\r\n                            partInfo: Joi.string(),\r\n                            partyAddress: Joi.string()\r\n                        }).options({abortEarly : false}),\r\n\r\n\r\n                        UpdateParty:Joi.object().keys({\r\n                            partyname:Joi.string(),\r\n                            hqAddress: Joi.string(),\r\n                            logoUrl: Joi.string(),\r\n                            foundeOn: Joi.date(),\r\n                            partInfo: Joi.string(),\r\n                            partyAddress: Joi.string()\r\n\r\n                        }).options({abortEarly : false}),\r\n\r\n                        OfficeSchema:Joi.object().keys({\r\n                            officename:Joi.string().required(),\r\n                            type: Joi.string(),\r\n                            officeinfo: Joi.string().required(),\r\n                            status: Joi.string().valid(['open','closed']),\r\n                            logoUrl: Joi.string(),\r\n                            applyId: Joi.string(),\r\n                            leader: Joi.number()\r\n                            \r\n                        }).options({abortEarly : false}),\r\n\r\n                        updateOffice:Joi.object().keys({\r\n                            officename:Joi.string().required(),\r\n                            type: Joi.string().required(),\r\n                            officeinfo: Joi.string().required(),\r\n                            status: Joi.string().valid(['open','closed']),\r\n                            logoUrl: Joi.string()\r\n                            \r\n                        }).options({abortEarly : false}),\r\n                        \r\n                        candidateSchema:Joi.object().keys({\r\n                            candidate:Joi.number().required(),\r\n                            offices: Joi.number().required(),\r\n                            party: Joi.number().required(),\r\n                            \r\n                        }).options({abortEarly : false}),\r\n\r\n                        voteSchema:Joi.object().keys({\r\n                            candidate: Joi.number().required()\r\n                        }).options({abortEarly : false}),\r\n                        \r\n                        \r\n                        petitionSchema:Joi.object().keys({\r\n                            \r\n                            body: Joi.string().required(),\r\n                            office: Joi.number().required()\r\n\r\n                        }).options({abortEarly : false})\r\n\r\n                                   },\r\n\r\n             inputsValids:(schema)=>{\r\n                return (req,res,next)=>{\r\n                Joi.validate(req.body,schema, (err, results) => {\r\n                    if(err){\r\n                        res.status(400).json({\r\n                            \"message\": `solve this  ${err}`\r\n                        })\r\n                    }\r\n                    else{\r\n                          next();\r\n                    }\r\n                });\r\n            }\r\n         }\r\n}\r\n\r\n"]},"_coverageSchema":"1a1c01bbd47fc00a2c39e90264f33305004495a9","hash":"9cf036fb4704233eae955e3cfdbfc8120f1b226f","contentHash":"c541ce55b27c0567f1392d7ec914dbed435286a10b4c4a7d6d250b7b8accad91"},"C:\\Users\\PAUL\\Videos\\project\\politico\\server\\middleware\\isAdmin.js":{"path":"C:\\Users\\PAUL\\Videos\\project\\politico\\server\\middleware\\isAdmin.js","statementMap":{"0":{"start":{"line":3,"column":29},"end":{"line":3,"column":84}},"1":{"start":{"line":5,"column":0},"end":{"line":7,"column":3}},"2":{"start":{"line":8,"column":0},"end":{"line":8,"column":28}},"3":{"start":{"line":10,"column":17},"end":{"line":10,"column":62}},"4":{"start":{"line":12,"column":14},"end":{"line":24,"column":1}},"5":{"start":{"line":13,"column":20},"end":{"line":13,"column":57}},"6":{"start":{"line":15,"column":2},"end":{"line":23,"column":3}},"7":{"start":{"line":16,"column":4},"end":{"line":16,"column":18}},"8":{"start":{"line":18,"column":4},"end":{"line":18,"column":29}},"9":{"start":{"line":19,"column":4},"end":{"line":22,"column":7}},"10":{"start":{"line":26,"column":15},"end":{"line":26,"column":22}},"11":{"start":{"line":27,"column":0},"end":{"line":27,"column":30}}},"fnMap":{"0":{"name":"isAdmin","decl":{"start":{"line":12,"column":23},"end":{"line":12,"column":30}},"loc":{"start":{"line":12,"column":47},"end":{"line":24,"column":1}},"line":12}},"branchMap":{"0":{"loc":{"start":{"line":15,"column":2},"end":{"line":23,"column":3}},"type":"if","locations":[{"start":{"line":15,"column":2},"end":{"line":23,"column":3}},{"start":{"line":15,"column":2},"end":{"line":23,"column":3}}],"line":15}},"s":{"0":1,"1":1,"2":1,"3":1,"4":1,"5":0,"6":0,"7":0,"8":0,"9":0,"10":1,"11":1},"f":{"0":0},"b":{"0":[0,0]},"inputSourceMap":{"version":3,"sources":["isAdmin.js"],"names":["isAdmin","req","res","next","information","token","isadmin","console","log","status","json","error"],"mappings":";;;;;;;;;AAAA;;AAGA,IAAMA,OAAO,GAAG,SAAVA,OAAU,CAACC,GAAD,EAAMC,GAAN,EAAWC,IAAX,EAAoB;AACnC,MAAIC,WAAW,GAAG,2BAAQH,GAAG,CAACI,KAAZ,CAAlB;;AACA,MAAGD,WAAW,CAACE,OAAZ,IAAuB,MAA1B,EAAkC;AAC9B,WAAOH,IAAI,EAAX;AACH,GAFD,MAEM;AACFI,IAAAA,OAAO,CAACC,GAAR,CAAYJ,WAAZ;AACD,WAAOF,GAAG,CAACO,MAAJ,CAAW,GAAX,EAAgBC,IAAhB,CAAqB;AACxBD,MAAAA,MAAM,EAAE,GADgB;AAExBE,MAAAA,KAAK,EAAE;AAFiB,KAArB,CAAP;AAIF;AACD,CAXD;;eAYeX,O","sourceRoot":"C:\\Users\\PAUL\\Videos\\project\\politico\\server\\middleware","sourcesContent":["import decoder from 'jwt-decode'\r\n\r\n\r\nconst isAdmin = (req, res, next) => {\r\n let information = decoder(req.token)\r\n if(information.isadmin == 'true') {\r\n     return next()\r\n }else {\r\n     console.log(information)\r\n    return res.status(403).json({\r\n        status: 403,\r\n        error: 'not allowed to access this route',\r\n      });\r\n }\r\n};\r\nexport default isAdmin;   \r\n\r\n\r\n"]},"_coverageSchema":"1a1c01bbd47fc00a2c39e90264f33305004495a9","hash":"30354943ee45de3a64bfebfa47d1eceec6a439f2","contentHash":"9e7ca05fa3659b0e9f2ef6c3488685b5946be12116f72219566e22a405f2c89b"},"C:\\Users\\PAUL\\Videos\\project\\politico\\server\\routes\\partyRoutes.js":{"path":"C:\\Users\\PAUL\\Videos\\project\\politico\\server\\routes\\partyRoutes.js","statementMap":{"0":{"start":{"line":3,"column":29},"end":{"line":3,"column":84}},"1":{"start":{"line":5,"column":0},"end":{"line":7,"column":3}},"2":{"start":{"line":8,"column":0},"end":{"line":8,"column":28}},"3":{"start":{"line":10,"column":22},"end":{"line":10,"column":85}},"4":{"start":{"line":12,"column":23},"end":{"line":12,"column":88}},"5":{"start":{"line":14,"column":18},"end":{"line":14,"column":77}},"6":{"start":{"line":16,"column":15},"end":{"line":16,"column":57}},"7":{"start":{"line":18,"column":15},"end":{"line":18,"column":71}},"8":{"start":{"line":20,"column":13},"end":{"line":20,"column":41}},"9":{"start":{"line":23,"column":0},"end":{"line":23,"column":195}},"10":{"start":{"line":24,"column":0},"end":{"line":24,"column":94}},"11":{"start":{"line":25,"column":0},"end":{"line":25,"column":94}},"12":{"start":{"line":26,"column":0},"end":{"line":26,"column":196}},"13":{"start":{"line":27,"column":0},"end":{"line":27,"column":124}},"14":{"start":{"line":28,"column":15},"end":{"line":28,"column":21}},"15":{"start":{"line":29,"column":0},"end":{"line":29,"column":30}}},"fnMap":{},"branchMap":{},"s":{"0":1,"1":1,"2":1,"3":1,"4":1,"5":1,"6":1,"7":1,"8":1,"9":1,"10":1,"11":1,"12":1,"13":1,"14":1,"15":1},"f":{},"b":{},"inputSourceMap":{"version":3,"sources":["partyRoutes.js"],"names":["router","express","Router","post","checkToken","isAdmin","validations","inputsValids","schemas","PartySchema","party","createParty","get","viewParty","getAllParties","put","UpdateParty","editParty","deletePartry"],"mappings":";;;;;;;;;AAAA;;AACA;;AACA;;AACA;;AACA;;AAEA,IAAMA,MAAM,GAAGC,oBAAQC,MAAR,EAAf,C,CACA;;;AACAF,MAAM,CAACG,IAAP,CAAY,UAAZ,EAAuBC,0BAAvB,EAAkCC,mBAAlC,EAA0CC,uBAAYC,YAAZ,CAAyBD,uBAAYE,OAAZ,CAAoBC,WAA7C,CAA1C,EAAqGC,4BAAMC,WAA3G;AACAX,MAAM,CAACY,GAAP,CAAW,cAAX,EAA2BR,0BAA3B,EAAuCM,4BAAMG,SAA7C;AACAb,MAAM,CAACY,GAAP,CAAW,UAAX,EAAuBR,0BAAvB,EAAmCM,4BAAMI,aAAzC;AACAd,MAAM,CAACe,GAAP,CAAW,cAAX,EAA0BX,0BAA1B,EAAsCC,mBAAtC,EAA+CC,uBAAYC,YAAZ,CAAyBD,uBAAYE,OAAZ,CAAoBQ,WAA7C,CAA/C,EAA0GN,4BAAMO,SAAhH;AACAjB,MAAM,UAAN,CAAc,cAAd,EAA8BI,0BAA9B,EAAyCC,mBAAzC,EAAkDK,4BAAMQ,YAAxD;eAGgBlB,M","sourceRoot":"C:\\Users\\PAUL\\Videos\\project\\politico\\server\\routes","sourcesContent":["import checkToken from '../middleware/authentication'\r\nimport party from '../controllers/partyControlers'\r\nimport validations from '../middleware/validation'\r\nimport express from 'express';\r\nimport isAdmin from '../middleware/isAdmin'\r\n\r\nconst router = express.Router()\r\n// create party router \r\nrouter.post(\"/parties\",checkToken,isAdmin,validations.inputsValids(validations.schemas.PartySchema), party.createParty)\r\nrouter.get(\"/parties/:id\", checkToken, party.viewParty)\r\nrouter.get(\"/parties\", checkToken, party.getAllParties)\r\nrouter.put(\"/parties/:id\",checkToken, isAdmin, validations.inputsValids(validations.schemas.UpdateParty), party.editParty)\r\nrouter.delete(\"/parties/:id\", checkToken,isAdmin, party.deletePartry)\r\n\r\n\r\nexport  default router "]},"_coverageSchema":"1a1c01bbd47fc00a2c39e90264f33305004495a9","hash":"1696aae2a41c2c045f849bc284e39a968eeb4716","contentHash":"0c0eb27872496aefda768b4223de8462d5a7b0c9fced73d1ca21fa82a98ebfc7"},"C:\\Users\\PAUL\\Videos\\project\\politico\\server\\middleware\\authentication.js":{"path":"C:\\Users\\PAUL\\Videos\\project\\politico\\server\\middleware\\authentication.js","statementMap":{"0":{"start":{"line":3,"column":29},"end":{"line":3,"column":84}},"1":{"start":{"line":5,"column":0},"end":{"line":7,"column":3}},"2":{"start":{"line":8,"column":0},"end":{"line":8,"column":28}},"3":{"start":{"line":10,"column":17},"end":{"line":10,"column":62}},"4":{"start":{"line":12,"column":18},"end":{"line":12,"column":74}},"5":{"start":{"line":14,"column":19},"end":{"line":34,"column":1}},"6":{"start":{"line":15,"column":2},"end":{"line":20,"column":3}},"7":{"start":{"line":16,"column":4},"end":{"line":19,"column":7}},"8":{"start":{"line":22,"column":20},"end":{"line":22,"column":62}},"9":{"start":{"line":23,"column":2},"end":{"line":23,"column":55}},"10":{"start":{"line":25,"column":2},"end":{"line":33,"column":3}},"11":{"start":{"line":26,"column":4},"end":{"line":26,"column":28}},"12":{"start":{"line":27,"column":4},"end":{"line":27,"column":18}},"13":{"start":{"line":29,"column":4},"end":{"line":32,"column":7}},"14":{"start":{"line":36,"column":15},"end":{"line":36,"column":27}},"15":{"start":{"line":37,"column":0},"end":{"line":37,"column":30}}},"fnMap":{"0":{"name":"authenticate","decl":{"start":{"line":14,"column":28},"end":{"line":14,"column":40}},"loc":{"start":{"line":14,"column":57},"end":{"line":34,"column":1}},"line":14}},"branchMap":{"0":{"loc":{"start":{"line":15,"column":2},"end":{"line":20,"column":3}},"type":"if","locations":[{"start":{"line":15,"column":2},"end":{"line":20,"column":3}},{"start":{"line":15,"column":2},"end":{"line":20,"column":3}}],"line":15},"1":{"loc":{"start":{"line":25,"column":2},"end":{"line":33,"column":3}},"type":"if","locations":[{"start":{"line":25,"column":2},"end":{"line":33,"column":3}},{"start":{"line":25,"column":2},"end":{"line":33,"column":3}}],"line":25}},"s":{"0":1,"1":1,"2":1,"3":1,"4":1,"5":1,"6":4,"7":4,"8":0,"9":0,"10":0,"11":0,"12":0,"13":0,"14":1,"15":1},"f":{"0":4},"b":{"0":[4,0],"1":[0,0]},"inputSourceMap":{"version":3,"sources":["authentication.js"],"names":["authenticate","req","res","next","headers","undefined","status","json","error","authHeaders","split","console","log","token"],"mappings":";;;;;;;;;AAAA;;AACA;;AAGA,IAAMA,YAAY,GAAG,SAAfA,YAAe,CAACC,GAAD,EAAMC,GAAN,EAAWC,IAAX,EAAoB;AACvC,MAAGF,GAAG,CAACG,OAAJ,CAAY,eAAZ,KAAgCC,SAAnC,EAA8C;AAC5C,WAAOH,GAAG,CAACI,MAAJ,CAAW,GAAX,EAAgBC,IAAhB,CAAqB;AAC1BD,MAAAA,MAAM,EAAE,OADkB;AAE1BE,MAAAA,KAAK,EAAE;AAFmB,KAArB,CAAP;AAID;;AACD,MAAMC,WAAW,GAAGR,GAAG,CAACG,OAAJ,CAAY,eAAZ,EAA6BM,KAA7B,CAAmC,GAAnC,EAAwC,CAAxC,CAApB;AAEAC,EAAAA,OAAO,CAACC,GAAR,CAAY,2BAAUH,WAAV,CAAZ;;AACA,MAAGA,WAAW,KAAKJ,SAAnB,EAA8B;AAC7BJ,IAAAA,GAAG,CAACY,KAAJ,GAAYJ,WAAZ;AACC,WAAON,IAAI,EAAX;AACD,GAHD,MAGO;AACL,WAAOD,GAAG,CAACI,MAAJ,CAAW,GAAX,EAAgBC,IAAhB,CAAqB;AAC1BD,MAAAA,MAAM,EAAE,OADkB;AAE1BE,MAAAA,KAAK,EAAE;AAFmB,KAArB,CAAP;AAID;AACF,CAnBD;;eAoBeR,Y","sourceRoot":"C:\\Users\\PAUL\\Videos\\project\\politico\\server\\middleware","sourcesContent":["import jwtDecode from 'jwt-decode'\r\nimport tokenHelper from '../helpers/userTokens'\r\n\r\n\r\nconst authenticate = (req, res, next) => {\r\n  if(req.headers['authorization'] == undefined) {\r\n    return res.status(403).json({\r\n      status: 'error',\r\n      error: 'not logged in',\r\n    });\r\n  }\r\n  const authHeaders = req.headers['authorization'].split(' ')[1];\r\n\r\n  console.log(jwtDecode(authHeaders))\r\n  if(authHeaders !== undefined) {\r\n   req.token = authHeaders\r\n    return next();\r\n  } else {\r\n    return res.status(403).json({\r\n      status: 'error',\r\n      error: 'not logged in',\r\n    });\r\n  }\r\n};\r\nexport default authenticate;   \r\n\r\n\r\n"]},"_coverageSchema":"1a1c01bbd47fc00a2c39e90264f33305004495a9","hash":"17807bcda7ae21067d9f45b101c7b02dd9f23689","contentHash":"1c415461f98b92b9e5ecb0377cdcf255889e289d53bfbb38e3daa858fa63aa4b"},"C:\\Users\\PAUL\\Videos\\project\\politico\\server\\controllers\\partyControlers.js":{"path":"C:\\Users\\PAUL\\Videos\\project\\politico\\server\\controllers\\partyControlers.js","statementMap":{"0":{"start":{"line":3,"column":29},"end":{"line":3,"column":84}},"1":{"start":{"line":5,"column":0},"end":{"line":7,"column":3}},"2":{"start":{"line":8,"column":0},"end":{"line":8,"column":28}},"3":{"start":{"line":10,"column":23},"end":{"line":10,"column":95}},"4":{"start":{"line":12,"column":20},"end":{"line":12,"column":89}},"5":{"start":{"line":14,"column":22},"end":{"line":14,"column":81}},"6":{"start":{"line":16,"column":18},"end":{"line":16,"column":74}},"7":{"start":{"line":18,"column":35},"end":{"line":166,"column":3}},"8":{"start":{"line":20,"column":4},"end":{"line":20,"column":60}},"9":{"start":{"line":23,"column":2},"end":{"line":164,"column":6}},"10":{"start":{"line":26,"column":21},"end":{"line":26,"column":61}},"11":{"start":{"line":28,"column":6},"end":{"line":54,"column":9}},"12":{"start":{"line":29,"column":8},"end":{"line":53,"column":9}},"13":{"start":{"line":30,"column":10},"end":{"line":33,"column":13}},"14":{"start":{"line":35,"column":26},"end":{"line":35,"column":36}},"15":{"start":{"line":36,"column":19},"end":{"line":36,"column":31}},"16":{"start":{"line":37,"column":26},"end":{"line":37,"column":45}},"17":{"start":{"line":38,"column":26},"end":{"line":38,"column":45}},"18":{"start":{"line":39,"column":25},"end":{"line":39,"column":43}},"19":{"start":{"line":40,"column":29},"end":{"line":40,"column":51}},"20":{"start":{"line":41,"column":24},"end":{"line":41,"column":41}},"21":{"start":{"line":42,"column":10},"end":{"line":52,"column":13}},"22":{"start":{"line":59,"column":6},"end":{"line":85,"column":9}},"23":{"start":{"line":60,"column":8},"end":{"line":84,"column":9}},"24":{"start":{"line":61,"column":10},"end":{"line":64,"column":13}},"25":{"start":{"line":66,"column":27},"end":{"line":66,"column":37}},"26":{"start":{"line":67,"column":19},"end":{"line":67,"column":32}},"27":{"start":{"line":68,"column":26},"end":{"line":68,"column":46}},"28":{"start":{"line":69,"column":26},"end":{"line":69,"column":46}},"29":{"start":{"line":70,"column":25},"end":{"line":70,"column":44}},"30":{"start":{"line":71,"column":29},"end":{"line":71,"column":52}},"31":{"start":{"line":72,"column":24},"end":{"line":72,"column":42}},"32":{"start":{"line":73,"column":10},"end":{"line":83,"column":13}},"33":{"start":{"line":90,"column":6},"end":{"line":112,"column":9}},"34":{"start":{"line":91,"column":26},"end":{"line":91,"column":28}},"35":{"start":{"line":92,"column":8},"end":{"line":107,"column":11}},"36":{"start":{"line":93,"column":19},"end":{"line":93,"column":25}},"37":{"start":{"line":94,"column":26},"end":{"line":94,"column":39}},"38":{"start":{"line":95,"column":26},"end":{"line":95,"column":39}},"39":{"start":{"line":96,"column":25},"end":{"line":96,"column":37}},"40":{"start":{"line":97,"column":29},"end":{"line":97,"column":45}},"41":{"start":{"line":98,"column":24},"end":{"line":98,"column":35}},"42":{"start":{"line":99,"column":10},"end":{"line":106,"column":13}},"43":{"start":{"line":108,"column":8},"end":{"line":111,"column":11}},"44":{"start":{"line":117,"column":6},"end":{"line":143,"column":9}},"45":{"start":{"line":118,"column":8},"end":{"line":142,"column":9}},"46":{"start":{"line":119,"column":10},"end":{"line":122,"column":13}},"47":{"start":{"line":124,"column":27},"end":{"line":124,"column":37}},"48":{"start":{"line":125,"column":19},"end":{"line":125,"column":32}},"49":{"start":{"line":126,"column":26},"end":{"line":126,"column":46}},"50":{"start":{"line":127,"column":26},"end":{"line":127,"column":46}},"51":{"start":{"line":128,"column":25},"end":{"line":128,"column":44}},"52":{"start":{"line":129,"column":29},"end":{"line":129,"column":52}},"53":{"start":{"line":130,"column":24},"end":{"line":130,"column":42}},"54":{"start":{"line":131,"column":10},"end":{"line":141,"column":13}},"55":{"start":{"line":148,"column":6},"end":{"line":162,"column":9}},"56":{"start":{"line":149,"column":8},"end":{"line":161,"column":9}},"57":{"start":{"line":150,"column":10},"end":{"line":153,"column":13}},"58":{"start":{"line":155,"column":10},"end":{"line":160,"column":13}},"59":{"start":{"line":165,"column":2},"end":{"line":165,"column":25}},"60":{"start":{"line":168,"column":15},"end":{"line":168,"column":36}},"61":{"start":{"line":170,"column":0},"end":{"line":170,"column":30}}},"fnMap":{"0":{"name":"(anonymous_0)","decl":{"start":{"line":18,"column":35},"end":{"line":18,"column":36}},"loc":{"start":{"line":18,"column":47},"end":{"line":166,"column":1}},"line":18},"1":{"name":"PartyManagement","decl":{"start":{"line":19,"column":11},"end":{"line":19,"column":26}},"loc":{"start":{"line":19,"column":29},"end":{"line":21,"column":3}},"line":19},"2":{"name":"createParty","decl":{"start":{"line":25,"column":20},"end":{"line":25,"column":31}},"loc":{"start":{"line":25,"column":42},"end":{"line":55,"column":5}},"line":25},"3":{"name":"(anonymous_3)","decl":{"start":{"line":28,"column":60},"end":{"line":28,"column":61}},"loc":{"start":{"line":28,"column":79},"end":{"line":54,"column":7}},"line":28},"4":{"name":"viewParty","decl":{"start":{"line":58,"column":20},"end":{"line":58,"column":29}},"loc":{"start":{"line":58,"column":40},"end":{"line":86,"column":5}},"line":58},"5":{"name":"(anonymous_5)","decl":{"start":{"line":59,"column":63},"end":{"line":59,"column":64}},"loc":{"start":{"line":59,"column":82},"end":{"line":85,"column":7}},"line":59},"6":{"name":"getAllParties","decl":{"start":{"line":89,"column":20},"end":{"line":89,"column":33}},"loc":{"start":{"line":89,"column":44},"end":{"line":113,"column":5}},"line":89},"7":{"name":"(anonymous_7)","decl":{"start":{"line":90,"column":48},"end":{"line":90,"column":49}},"loc":{"start":{"line":90,"column":67},"end":{"line":112,"column":7}},"line":90},"8":{"name":"(anonymous_8)","decl":{"start":{"line":92,"column":24},"end":{"line":92,"column":25}},"loc":{"start":{"line":92,"column":39},"end":{"line":107,"column":9}},"line":92},"9":{"name":"editParty","decl":{"start":{"line":116,"column":20},"end":{"line":116,"column":29}},"loc":{"start":{"line":116,"column":40},"end":{"line":144,"column":5}},"line":116},"10":{"name":"(anonymous_10)","decl":{"start":{"line":117,"column":75},"end":{"line":117,"column":76}},"loc":{"start":{"line":117,"column":94},"end":{"line":143,"column":7}},"line":117},"11":{"name":"deletePartry","decl":{"start":{"line":147,"column":20},"end":{"line":147,"column":32}},"loc":{"start":{"line":147,"column":43},"end":{"line":163,"column":5}},"line":147},"12":{"name":"(anonymous_12)","decl":{"start":{"line":148,"column":65},"end":{"line":148,"column":66}},"loc":{"start":{"line":148,"column":84},"end":{"line":162,"column":7}},"line":148}},"branchMap":{"0":{"loc":{"start":{"line":29,"column":8},"end":{"line":53,"column":9}},"type":"if","locations":[{"start":{"line":29,"column":8},"end":{"line":53,"column":9}},{"start":{"line":29,"column":8},"end":{"line":53,"column":9}}],"line":29},"1":{"loc":{"start":{"line":46,"column":20},"end":{"line":46,"column":35}},"type":"binary-expr","locations":[{"start":{"line":46,"column":20},"end":{"line":46,"column":29}},{"start":{"line":46,"column":33},"end":{"line":46,"column":35}}],"line":46},"2":{"loc":{"start":{"line":47,"column":25},"end":{"line":47,"column":43}},"type":"binary-expr","locations":[{"start":{"line":47,"column":25},"end":{"line":47,"column":37}},{"start":{"line":47,"column":41},"end":{"line":47,"column":43}}],"line":47},"3":{"loc":{"start":{"line":48,"column":23},"end":{"line":48,"column":36}},"type":"binary-expr","locations":[{"start":{"line":48,"column":23},"end":{"line":48,"column":30}},{"start":{"line":48,"column":34},"end":{"line":48,"column":36}}],"line":48},"4":{"loc":{"start":{"line":49,"column":25},"end":{"line":49,"column":40}},"type":"binary-expr","locations":[{"start":{"line":49,"column":25},"end":{"line":49,"column":34}},{"start":{"line":49,"column":38},"end":{"line":49,"column":40}}],"line":49},"5":{"loc":{"start":{"line":50,"column":24},"end":{"line":50,"column":38}},"type":"binary-expr","locations":[{"start":{"line":50,"column":24},"end":{"line":50,"column":32}},{"start":{"line":50,"column":36},"end":{"line":50,"column":38}}],"line":50},"6":{"loc":{"start":{"line":60,"column":8},"end":{"line":84,"column":9}},"type":"if","locations":[{"start":{"line":60,"column":8},"end":{"line":84,"column":9}},{"start":{"line":60,"column":8},"end":{"line":84,"column":9}}],"line":60},"7":{"loc":{"start":{"line":77,"column":20},"end":{"line":77,"column":35}},"type":"binary-expr","locations":[{"start":{"line":77,"column":20},"end":{"line":77,"column":29}},{"start":{"line":77,"column":33},"end":{"line":77,"column":35}}],"line":77},"8":{"loc":{"start":{"line":78,"column":25},"end":{"line":78,"column":43}},"type":"binary-expr","locations":[{"start":{"line":78,"column":25},"end":{"line":78,"column":37}},{"start":{"line":78,"column":41},"end":{"line":78,"column":43}}],"line":78},"9":{"loc":{"start":{"line":79,"column":23},"end":{"line":79,"column":36}},"type":"binary-expr","locations":[{"start":{"line":79,"column":23},"end":{"line":79,"column":30}},{"start":{"line":79,"column":34},"end":{"line":79,"column":36}}],"line":79},"10":{"loc":{"start":{"line":80,"column":25},"end":{"line":80,"column":40}},"type":"binary-expr","locations":[{"start":{"line":80,"column":25},"end":{"line":80,"column":34}},{"start":{"line":80,"column":38},"end":{"line":80,"column":40}}],"line":80},"11":{"loc":{"start":{"line":81,"column":24},"end":{"line":81,"column":38}},"type":"binary-expr","locations":[{"start":{"line":81,"column":24},"end":{"line":81,"column":32}},{"start":{"line":81,"column":36},"end":{"line":81,"column":38}}],"line":81},"12":{"loc":{"start":{"line":101,"column":18},"end":{"line":101,"column":33}},"type":"binary-expr","locations":[{"start":{"line":101,"column":18},"end":{"line":101,"column":27}},{"start":{"line":101,"column":31},"end":{"line":101,"column":33}}],"line":101},"13":{"loc":{"start":{"line":102,"column":23},"end":{"line":102,"column":41}},"type":"binary-expr","locations":[{"start":{"line":102,"column":23},"end":{"line":102,"column":35}},{"start":{"line":102,"column":39},"end":{"line":102,"column":41}}],"line":102},"14":{"loc":{"start":{"line":103,"column":21},"end":{"line":103,"column":34}},"type":"binary-expr","locations":[{"start":{"line":103,"column":21},"end":{"line":103,"column":28}},{"start":{"line":103,"column":32},"end":{"line":103,"column":34}}],"line":103},"15":{"loc":{"start":{"line":104,"column":23},"end":{"line":104,"column":38}},"type":"binary-expr","locations":[{"start":{"line":104,"column":23},"end":{"line":104,"column":32}},{"start":{"line":104,"column":36},"end":{"line":104,"column":38}}],"line":104},"16":{"loc":{"start":{"line":105,"column":22},"end":{"line":105,"column":36}},"type":"binary-expr","locations":[{"start":{"line":105,"column":22},"end":{"line":105,"column":30}},{"start":{"line":105,"column":34},"end":{"line":105,"column":36}}],"line":105},"17":{"loc":{"start":{"line":118,"column":8},"end":{"line":142,"column":9}},"type":"if","locations":[{"start":{"line":118,"column":8},"end":{"line":142,"column":9}},{"start":{"line":118,"column":8},"end":{"line":142,"column":9}}],"line":118},"18":{"loc":{"start":{"line":135,"column":20},"end":{"line":135,"column":35}},"type":"binary-expr","locations":[{"start":{"line":135,"column":20},"end":{"line":135,"column":29}},{"start":{"line":135,"column":33},"end":{"line":135,"column":35}}],"line":135},"19":{"loc":{"start":{"line":136,"column":25},"end":{"line":136,"column":43}},"type":"binary-expr","locations":[{"start":{"line":136,"column":25},"end":{"line":136,"column":37}},{"start":{"line":136,"column":41},"end":{"line":136,"column":43}}],"line":136},"20":{"loc":{"start":{"line":137,"column":23},"end":{"line":137,"column":36}},"type":"binary-expr","locations":[{"start":{"line":137,"column":23},"end":{"line":137,"column":30}},{"start":{"line":137,"column":34},"end":{"line":137,"column":36}}],"line":137},"21":{"loc":{"start":{"line":138,"column":25},"end":{"line":138,"column":40}},"type":"binary-expr","locations":[{"start":{"line":138,"column":25},"end":{"line":138,"column":34}},{"start":{"line":138,"column":38},"end":{"line":138,"column":40}}],"line":138},"22":{"loc":{"start":{"line":139,"column":24},"end":{"line":139,"column":38}},"type":"binary-expr","locations":[{"start":{"line":139,"column":24},"end":{"line":139,"column":32}},{"start":{"line":139,"column":36},"end":{"line":139,"column":38}}],"line":139},"23":{"loc":{"start":{"line":149,"column":8},"end":{"line":161,"column":9}},"type":"if","locations":[{"start":{"line":149,"column":8},"end":{"line":161,"column":9}},{"start":{"line":149,"column":8},"end":{"line":161,"column":9}}],"line":149}},"s":{"0":1,"1":1,"2":1,"3":1,"4":1,"5":1,"6":1,"7":1,"8":1,"9":1,"10":0,"11":0,"12":0,"13":0,"14":0,"15":0,"16":0,"17":0,"18":0,"19":0,"20":0,"21":0,"22":0,"23":0,"24":0,"25":0,"26":0,"27":0,"28":0,"29":0,"30":0,"31":0,"32":0,"33":0,"34":0,"35":0,"36":0,"37":0,"38":0,"39":0,"40":0,"41":0,"42":0,"43":0,"44":0,"45":0,"46":0,"47":0,"48":0,"49":0,"50":0,"51":0,"52":0,"53":0,"54":0,"55":0,"56":0,"57":0,"58":0,"59":1,"60":1,"61":1},"f":{"0":1,"1":1,"2":0,"3":0,"4":0,"5":0,"6":0,"7":0,"8":0,"9":0,"10":0,"11":0,"12":0},"b":{"0":[0,0],"1":[0,0],"2":[0,0],"3":[0,0],"4":[0,0],"5":[0,0],"6":[0,0],"7":[0,0],"8":[0,0],"9":[0,0],"10":[0,0],"11":[0,0],"12":[0,0],"13":[0,0],"14":[0,0],"15":[0,0],"16":[0
[...]
:0,"82":0,"83":0,"84":0,"85":0,"86":0,"87":0,"88":0,"89":0,"90":0,"91":1,"92":1,"93":0,"94":0,"95":0,"96":0,"97":0,"98":0,"99":0,"100":0,"101":0,"102":0,"103":0,"104":0,"105":0,"106":0,"107":0,"108":0,"109":1,"110":1,"111":1,"112":1},"f":{"0":1,"1":1,"2":1,"3":0,"4":0,"5":0,"6":0,"7":1,"8":0,"9":0,"10":0,"11":0,"12":1,"13":0,"14":0,"15":0,"16":1,"17":0,"18":0,"19":0,"20":0,"21":1,"22":0,"23":0,"24":0},"b":{"0":[0,0,0,0,0,0,0],"1":[0,0],"2":[0,0,0,0,0,0],"3":[0,0],"4":[0,0,0,0],"5":[0,0,0,0,0,0,0],"6":[0,0],"7":[0,0,0,0,0,0],"8":[0,0],"9":[0,0]},"inputSourceMap":{"version":3,"sources":["officeManagement.js"],"names":["client","Client","user","password","host","port","database","connect","Office","officeInfo","query","allOffices","officeExist","rows","some","n","officename","data","inputs","officeinfo","officetype","goveremntid","officeaddress","officeleader","officestatus","leaderemail","logourl","partyCreated","officeId","allParties","id","partData","office","length","console","log"],"mappings":";;;;;;;;;;;;;;;;;AAAA;;AACA;;AAEA,IAAIA,MAAM,GAAG,IAAIC,UAAJ,CAAW;AACpBC,EAAAA,IAAI,EAAE,UADc;AAEpBC,EAAAA,QAAQ,EAAE,MAFU;AAGpBC,EAAAA,IAAI,EAAE,WAHc;AAIpBC,EAAAA,IAAI,EAAE,IAJc;AAKpBC,EAAAA,QAAQ,EAAE;AALU,CAAX,CAAb;AAQAN,MAAM,CAACO,OAAP;;IAEMC,M;;;;;;;;yHACiBC,U;;;;;;;uBACUT,MAAM,CAACU,KAAP,CAAa,uBAAb,C;;;AAAnBC,gBAAAA,U;AACAC,gBAAAA,W,GAAcD,UAAU,CAACE,IAAX,CAAgBC,IAAhB,CAAqB,UAAAC,CAAC;AAAA,yBAAIA,CAAC,CAACC,UAAF,IAAgBP,UAAU,CAACO,UAA/B;AAAA,iBAAtB,C;;qBACjBJ,W;;;;;iDACQ,e;;;AAEHK,gBAAAA,I;AAMAC,gBAAAA,M,GAAS,CAACT,UAAU,CAACO,UAAZ,EAAwBP,UAAU,CAACU,UAAnC,EAA+CV,UAAU,CAACW,UAA1D,EAAqEX,UAAU,CAACY,WAAhF,EAA6FZ,UAAU,CAACa,aAAxG,EAAuHb,UAAU,CAACc,YAAlI,EAA+Id,UAAU,CAACe,YAA1J,EAAwKf,UAAU,CAACgB,WAAnL,EAAgMhB,UAAU,CAACiB,OAA3M,C;;uBAEP1B,MAAM,CAACU,KAAP,CAAaO,IAAb,EAAkBC,MAAlB,C;;;;uBACmBlB,MAAM,CAACU,KAAP,CAAa,2CAAb,EAA0D,CAACD,UAAU,CAACO,UAAZ,CAA1D,C;;;AAArBW,gBAAAA,Y;iDAEGA,YAAY,CAACd,I;;;;;;;;;;;;;;;;;;;wHAKXe,Q;;;;;;;uBACU5B,MAAM,CAACU,KAAP,CAAa,uBAAb,C;;;AAAnBmB,gBAAAA,U;;qBACDA,UAAU,CAAChB,IAAX,CAAgBC,IAAhB,CAAqB,UAAAC,CAAC;AAAA,yBAAIA,CAAC,CAACe,EAAF,IAAQF,QAAZ;AAAA,iBAAtB,C;;;;;;uBACuB5B,MAAM,CAACU,KAAP,CAAa,mCAAb,EAAkD,CAACkB,QAAD,CAAlD,C;;;AAAlBG,gBAAAA,Q;kDACGA,QAAQ,CAAClB,I;;;kDAET,Y;;;;;;;;;;;;;;;;;;;;;;;;;;uBAMYb,MAAM,CAACU,KAAP,CAAa,uBAAb,C;;;AAAnBmB,gBAAAA,U;kDACGA,UAAU,CAAChB,I;;;;;;;;;;;;;;;;;;;0HAGHe,Q,EAAUnB,U;;;;;;;uBACAT,MAAM,CAACU,KAAP,CAAa,uBAAb,C;;;AAAnBC,gBAAAA,U;AACAC,gBAAAA,W,GAAcD,UAAU,CAACE,IAAX,CAAgBC,IAAhB,CAAqB,UAAAC,CAAC;AAAA,yBAAIA,CAAC,CAACe,EAAF,IAAQF,QAAZ;AAAA,iBAAtB,C;;qBACjBhB,W;;;;;AACKK,gBAAAA,I;AAKAC,gBAAAA,M,GAAS,CAACT,UAAU,CAACO,UAAZ,EAAwBP,UAAU,CAACU,UAAnC,EAA+CV,UAAU,CAACW,UAA1D,EAAqEX,UAAU,CAACY,WAAhF,EAA6FZ,UAAU,CAACa,aAAxG,EAAuHb,UAAU,CAACc,YAAlI,EAA+Id,UAAU,CAACe,YAA1J,EAAwKf,UAAU,CAACgB,WAAnL,EAAgMhB,UAAU,CAACiB,OAA3M,EAAoNE,QAApN,C;;uBAEP5B,MAAM,CAACU,KAAP,CAAaO,IAAb,EAAkBC,MAAlB,C;;;;uBACmBlB,MAAM,CAACU,KAAP,CAAa,mCAAb,EAAkD,CAACkB,QAAD,CAAlD,C;;;AAArBD,gBAAAA,Y;kDAEGA,YAAY,CAACd,I;;;kDAGb,mB;;;;;;;;;;;;;;;;;;;0HAIIe,Q;;;;;;;uBACM5B,MAAM,CAACU,KAAP,CAAa,mCAAb,EAAkD,CAACkB,QAAD,CAAlD,C;;;AAAfI,gBAAAA,M;;sBAEHA,MAAM,IAAIA,MAAM,CAACnB,IAAP,CAAYoB,MAAZ,GAAqB,C;;;;;AAE9BC,gBAAAA,OAAO,CAACC,GAAR,CAAYH,MAAM,CAACnB,IAAnB;;uBACMb,MAAM,CAACU,KAAP,CAAa,iCAAb,EAAgD,CAACkB,QAAD,CAAhD,C;;;kDACCI,MAAM,CAACnB,I;;;kDAEP,mB;;;;;;;;;;;;;;;;;;;;eAOJ,IAAIL,MAAJ,E","sourceRoot":"C:\\Users\\PAUL\\Videos\\project\\politico\\server\\models","sourcesContent":["import token from '../helpers/userTokens'\r\nimport { Client } from 'pg';\r\n\r\nlet client = new Client({\r\n    user: \"postgres\",\r\n    password: \"paul\",\r\n    host: \"localhost\",\r\n    port: 5432,\r\n    database: \"politico\"\r\n})\r\n\r\nclient.connect()\r\n\r\nclass Office {\r\n    async createOffice(officeInfo) {\r\n        const allOffices = await client.query('select * from offices');\r\n        const officeExist = allOffices.rows.some(n => n.officename == officeInfo.officename)\r\n        if(officeExist) {\r\n            return \"office exists\"\r\n        }else {\r\n            let data = `\r\n            INSERT INTO offices\r\n            (officename, officeinfo,officetype,goveremntid ,officeadress,officeleader ,officestatus ,leaderemail,logourl)\r\n            VALUES ($1,$2,$3,$4,$5,$6,$7,$8,$9)\r\n            RETURNING * \r\n            `\r\n            let inputs = [officeInfo.officename, officeInfo.officeinfo, officeInfo.officetype,officeInfo.goveremntid, officeInfo.officeaddress, officeInfo.officeleader,officeInfo.officestatus, officeInfo.leaderemail, officeInfo.logourl]\r\n\r\n            await client.query(data,inputs)\r\n            let partyCreated = await client.query('select * from offices where officename=$1', [officeInfo.officename])\r\n\r\n            return partyCreated.rows\r\n        }\r\n\r\n    }\r\n\r\n    async viewOffice(officeId) {\r\n        let allParties = await client.query('select * from offices')\r\n        if(allParties.rows.some(n => n.id == officeId)) {\r\n            let partData  = await client.query('select * from parties where id=$1', [officeId])\r\n            return partData.rows\r\n        } else {\r\n            return \"dont exist\"\r\n        }\r\n        \r\n    }\r\n\r\n    async viewAll() {\r\n        let allParties = await client.query('select * from parties')\r\n        return allParties.rows\r\n    }\r\n\r\n    async updateOffice(officeId, officeInfo) {\r\n        const allOffices = await client.query('select * from offices');\r\n        const officeExist = allOffices.rows.some(n => n.id == officeId)\r\n        if(officeExist) {\r\n            let data = `\r\n            UPDATE offices SET \r\n            officename=$1, officeinfo=$2, officetype=$3,goveremntid=$4 ,officeadress=$5,officeleader=$6 ,officestatus=$7 ,leaderemail=$8,logourl=$9\r\n            WHERE id=$10 \r\n            `\r\n            let inputs = [officeInfo.officename, officeInfo.officeinfo, officeInfo.officetype,officeInfo.goveremntid, officeInfo.officeaddress, officeInfo.officeleader,officeInfo.officestatus, officeInfo.leaderemail, officeInfo.logourl, officeId]\r\n\r\n            await client.query(data,inputs)\r\n            let partyCreated = await client.query('select * from offices where id=$1', [officeId])\r\n\r\n            return partyCreated.rows\r\n            \r\n        }else {\r\n            return \"office dont exist\"\r\n        }\r\n    }\r\n\r\n    async deleteOffice(officeId) {\r\n        const office = await client.query('select * from offices where id=$1', [officeId])\r\n\r\n        if(office && office.rows.length > 0) \r\n         {\r\n            console.log(office.rows)\r\n            await client.query('DELETE FROM offices WHERE id=$1', [officeId])\r\n            return office.rows \r\n        } else {\r\n            return \"office dont exist\"\r\n        }\r\n\r\n    }\r\n}\r\n\r\n\r\nexport default new Office()"]},"_coverageSchema":"1a1c01bbd47fc00a2c39e90264f33305004495a9","hash":"2cee5704e5f7448adaaa861a20a29031c55fefc1","contentHash":"77a1550fcb7bf5ac5d839d1c5bec0a239a106e3237a908b7477d232ffe50ecf6"},"C:\\Users\\PAUL\\Videos\\project\\politico\\server\\tests\\partyTest.js":{"path":"C:\\Users\\PAUL\\Videos\\project\\politico\\server\\tests\\partyTest.js","statementMap":{"0":{"start":{"line":3,"column":29},"end":{"line":3,"column":84}},"1":{"start":{"line":5,"column":10},"end":{"line":5,"column":23}},"2":{"start":{"line":7,"column":12},"end":{"line":7,"column":51}},"3":{"start":{"line":9,"column":16},"end":{"line":9,"column":60}},"4":{"start":{"line":11,"column":14},"end":{"line":11,"column":58}},"5":{"start":{"line":13,"column":13},"end":{"line":19,"column":2}},"6":{"start":{"line":20,"column":0},"end":{"line":20,"column":17}},"7":{"start":{"line":22,"column":0},"end":{"line":22,"column":26}},"8":{"start":{"line":24,"column":0},"end":{"line":24,"column":43}},"9":{"start":{"line":26,"column":16},"end":{"line":28,"column":1}},"10":{"start":{"line":29,"column":17},"end":{"line":32,"column":1}},"11":{"start":{"line":33,"column":0},"end":{"line":48,"column":3}},"12":{"start":{"line":34,"column":2},"end":{"line":40,"column":5}},"13":{"start":{"line":35,"column":4},"end":{"line":37,"column":7}},"14":{"start":{"line":36,"column":6},"end":{"line":36,"column":34}},"15":{"start":{"line":39,"column":4},"end":{"line":39,"column":11}},"16":{"start":{"line":41,"column":2},"end":{"line":47,"column":5}},"17":{"start":{"line":42,"column":4},"end":{"line":44,"column":7}},"18":{"start":{"line":43,"column":6},"end":{"line":43,"column":34}},"19":{"start":{"line":46,"column":4},"end":{"line":46,"column":11}}},"fnMap":{"0":{"name":"(anonymous_0)","decl":{"start":{"line":33,"column":24},"end":{"line":33,"column":25}},"loc":{"start":{"line":33,"column":36},"end":{"line":48,"column":1}},"line":33},"1":{"name":"(anonymous_1)","decl":{"start":{"line":34,"column":59},"end":{"line":34,"column":60}},"loc":{"start":{"line":34,"column":75},"end":{"line":40,"column":3}},"line":34},"2":{"name":"(anonymous_2)","decl":{"start":{"line":35,"column":93},"end":{"line":35,"column":94}},"loc":{"start":{"line":35,"column":113},"end":{"line":37,"column":5}},"line":35},"3":{"name":"(anonymous_3)","decl":{"start":{"line":41,"column":51},"end":{"line":41,"column":52}},"loc":{"start":{"line":41,"column":67},"end":{"line":47,"column":3}},"line":41},"4":{"name":"(anonymous_4)","decl":{"start":{"line":42,"column":94},"end":{"line":42,"column":95}},"loc":{"start":{"line":42,"column":114},"end":{"line":44,"column":5}},"line":42}},"branchMap":{},"s":{"0":1,"1":1,"2":1,"3":1,"4":1,"5":1,"6":1,"7":1,"8":1,"9":1,"10":1,"11":1,"12":1,"13":1,"14":1,"15":1,"16":1,"17":1,"18":1,"19":1},"f":{"0":1,"1":1,"2":1,"3":1,"4":1},"b":{},"inputSourceMap":{"version":3,"sources":["partyTest.js"],"names":["client","Client","user","password","host","port","database","connect","chai","should","use","chaiHttp","partyInfo","partyInfo2","Math","floor","random","describe","it","done","request","app","post","send","end","err","res","have","status"],"mappings":";;;;AAAA;;AACA;;AACA;;AACA;;AAEA,IAAIA,MAAM,GAAG,IAAIC,UAAJ,CAAW;AACpBC,EAAAA,IAAI,EAAE,UADc;AAEpBC,EAAAA,QAAQ,EAAE,MAFU;AAGpBC,EAAAA,IAAI,EAAE,WAHc;AAIpBC,EAAAA,IAAI,EAAE,IAJc;AAKpBC,EAAAA,QAAQ,EAAE;AALU,CAAX,CAAb;AAQAN,MAAM,CAACO,OAAP;;AACAC,iBAAKC,MAAL;;AACAD,iBAAKE,GAAL,CAASC,oBAAT;;AAEA,IAAIC,SAAS,GAAG;AACR,eAAa;AADL,CAAhB;AAIA,IAAIC,UAAU,GAAG;AACb,kCAAyBC,IAAI,CAACC,KAAL,CAAWD,IAAI,CAACE,MAAL,KAAgB,GAA3B,IAAkC,GAA3D,CADa;AAEb,eAAa;AAFA,CAAjB;AAKAC,QAAQ,CAAC,aAAD,EAAgB,YAAK;AAEzBC,EAAAA,EAAE,CAAC,oDAAD,EAAuD,UAACC,IAAD,EAAU;AAC/DX,qBAAKY,OAAL,CAAaC,kBAAb,EACKC,IADL,CACU,iBADV,EAEKC,IAFL,CAEUX,SAFV,EAGKY,GAHL,CAGS,UAACC,GAAD,EAAMC,GAAN,EAAa;AACdA,MAAAA,GAAG,CAACjB,MAAJ,CAAWkB,IAAX,CAAgBC,MAAhB,CAAuB,GAAvB;AACH,KALL;;AAMIT,IAAAA,IAAI;AACX,GARC,CAAF;AASAD,EAAAA,EAAE,CAAC,4CAAD,EAA+C,UAACC,IAAD,EAAU;AACvDX,qBAAKY,OAAL,CAAaC,kBAAb,EACKC,IADL,CACU,iBADV,EAEKC,IAFL,CAEUV,UAFV,EAGKW,GAHL,CAGS,UAACC,GAAD,EAAMC,GAAN,EAAa;AACdA,MAAAA,GAAG,CAACjB,MAAJ,CAAWkB,IAAX,CAAgBC,MAAhB,CAAuB,GAAvB;AACH,KALL;;AAMIT,IAAAA,IAAI;AACX,GARC,CAAF;AAYH,CAvBO,CAAR","sourceRoot":"C:\\Users\\PAUL\\Videos\\project\\politico\\server\\tests","sourcesContent":["import {Client} from 'pg'\r\nimport chai from 'chai'\r\nimport chaiHttp from 'chai-http'\r\nimport app from '../server'\r\n\r\nlet client = new Client({\r\n    user: \"postgres\",\r\n    password: \"paul\",\r\n    host: \"localhost\",\r\n    port: 5432,\r\n    database: \"politico\"\r\n})\r\n\r\nclient.connect()\r\nchai.should()\r\nchai.use(chaiHttp)\r\n\r\nlet partyInfo = {\r\n        \"partyname\": \" new name herre \"\r\n}\r\n\r\nlet partyInfo2 = {\r\n    \"partyname\": `new name ${Math.floor(Math.random() * 100) + 100}`,\r\n    'hqaddress': 'home'\r\n}\r\n\r\ndescribe('Party Tests', ()=> {\r\n    \r\n    it('user should not create A party with existing name ', (done) => {        \r\n        chai.request(app)\r\n            .post('/api/v1/parties')\r\n            .send(partyInfo)\r\n            .end((err, res) =>{\r\n                res.should.have.status(403);\r\n            });\r\n            done();\r\n    });\r\n    it('user should  create A party with new name ', (done) => {        \r\n        chai.request(app)\r\n            .post('/api/v1/parties')\r\n            .send(partyInfo2)\r\n            .end((err, res) =>{\r\n                res.should.have.status(403);\r\n            });\r\n            done();\r\n    });\r\n    \r\n   \r\n\r\n})\r\n\r\n\r\n\r\n"]},"_coverageSchema":"1a1c01bbd47fc00a2c39e90264f33305004495a9","hash":"5877b51db53c96ccf47312de1461106ca14de8da","contentHash":"f7dbc3e8a71518dc3d93da246b3ee702efe2c8df93108e39187e947ad7d4b09f"},"C:\\Users\\PAUL\\Videos\\project\\politico\\server\\tests\\userTest.js":{"path":"C:\\Users\\PAUL\\Videos\\project\\politico\\server\\tests\\userTest.js","statementMap":{"0":{"start":{"line":3,"column":29},"end":{"line":3,"column":84}},"1":{"start":{"line":5,"column":10},"end":{"line":5,"column":23}},"2":{"start":{"line":7,"column":12},"end":{"line":7,"column":51}},"3":{"start":{"line":9,"column":16},"end":{"line":9,"column":60}},"4":{"start":{"line":11,"column":14},"end":{"line":11,"column":58}},"5":{"start":{"line":13,"column":13},"end":{"line":19,"column":2}},"6":{"start":{"line":20,"column":0},"end":{"line":20,"column":17}},"7":{"start":{"line":22,"column":0},"end":{"line":22,"column":26}},"8":{"start":{"line":24,"column":0},"end":{"line":24,"column":43}},"9":{"start":{"line":26,"column":13},"end":{"line":35,"column":1}},"10":{"start":{"line":36,"column":17},"end":{"line":39,"column":1}},"11":{"start":{"line":40,"column":18},"end":{"line":43,"column":1}},"12":{"start":{"line":44,"column":0},"end":{"line":66,"column":3}},"13":{"start":{"line":45,"column":2},"end":{"line":51,"column":5}},"14":{"start":{"line":46,"column":4},"end":{"line":48,"column":7}},"15":{"start":{"line":47,"column":6},"end":{"line":47,"column":34}},"16":{"start":{"line":50,"column":4},"end":{"line":50,"column":11}},"17":{"start":{"line":52,"column":2},"end":{"line":58,"column":5}},"18":{"start":{"line":53,"column":4},"end":{"line":55,"column":7}},"19":{"start":{"line":54,"column":6},"end":{"line":54,"column":34}},"20":{"start":{"line":57,"column":4},"end":{"line":57,"column":11}},"21":{"start":{"line":59,"column":2},"end":{"line":65,"column":5}},"22":{"start":{"line":60,"column":4},"end":{"line":62,"column":7}},"23":{"start":{"line":61,"column":6},"end":{"line":61,"column":34}},"24":{"start":{"line":64,"column":4},"end":{"line":64,"column":11}}},"fnMap":{"0":{"name":"(anonymous_0)","decl":{"start":{"line":44,"column":28},"end":{"line":44,"column":29}},"loc":{"start":{"line":44,"column":40},"end":{"line":66,"column":1}},"line":44},"1":{"name":"(anonymous_1)","decl":{"start":{"line":45,"column":42},"end":{"line":45,"column":43}},"loc":{"start":{"line":45,"column":58},"end":{"line":51,"column":3}},"line":45},"2":{"name":"(anonymous_2)","decl":{"start":{"line":46,"column":94},"end":{"line":46,"column":95}},"loc":{"start":{"line":46,"column":114},"end":{"line":48,"column":5}},"line":46},"3":{"name":"(anonymous_3)","decl":{"start":{"line":52,"column":61},"end":{"line":52,"column":62}},"loc":{"start":{"line":52,"column":77},"end":{"line":58,"column":3}},"line":52},"4":{"name":"(anonymous_4)","decl":{"start":{"line":53,"column":94},"end":{"line":53,"column":95}},"loc":{"start":{"line":53,"column":114},"end":{"line":55,"column":5}},"line":53},"5":{"name":"(anonymous_5)","decl":{"start":{"line":59,"column":79},"end":{"line":59,"column":80}},"loc":{"start":{"line":59,"column":95},"end":{"line":65,"column":3}},"line":59},"6":{"name":"(anonymous_6)","decl":{"start":{"line":60,"column":99},"end":{"line":60,"column":100}},"loc":{"start":{"line":60,"column":119},"end":{"line":62,"column":5}},"line":60}},"branchMap":{},"s":{"0":1,"1":1,"2":1,"3":1,"4":1,"5":1,"6":1,"7":1,"8":1,"9":1,"10":1,"11":1,"12":1,"13":1,"14":1,"15":1,"16":1,"17":1,"18":1,"19":0,"20":1,"21":1,"22":1,"23":0,"24":1},"f":{"0":1,"1":1,"2":1,"3":1,"4":0,"5":1,"6":0},"b":{},"inputSourceMap":{"version":3,"sources":["userTest.js"],"names":["client","Client","user","password","host","port","database","connect","chai","should","use","chaiHttp","signUp","userSignin","userSignin2","describe","it","done","request","app","post","send","end","err","res","have","status"],"mappings":";;;;AAAA;;AACA;;AACA;;AACA;;AAEA,IAAIA,MAAM,GAAG,IAAIC,UAAJ,CAAW;AACpBC,EAAAA,IAAI,EAAE,UADc;AAEpBC,EAAAA,QAAQ,EAAE,MAFU;AAGpBC,EAAAA,IAAI,EAAE,WAHc;AAIpBC,EAAAA,IAAI,EAAE,IAJc;AAKpBC,EAAAA,QAAQ,EAAE;AALU,CAAX,CAAb;AAQAN,MAAM,CAACO,OAAP;;AACAC,iBAAKC,MAAL;;AACAD,iBAAKE,GAAL,CAASC,oBAAT;;AAEA,IAAIC,MAAM,GAAG;AACZ,eAAa,WADD;AAEZ,gBAAc,QAFF;AAGZ,WAAS,0BAHG;AAIZ,cAAY,YAJA;AAKZ,gBAAc,UALF;AAMZ,aAAW,MANC;AAOZ,iBAAe,OAPH;AAQZ,iBAAe;AARH,CAAb;AAYA,IAAIC,UAAU,GAAG;AAEhB,WAAS,0BAFO;AAGhB,cAAY;AAHI,CAAjB;AAOA,IAAIC,WAAW,GAAG;AAEjB,WAAS,0BAFQ;AAGjB,cAAY;AAHK,CAAlB;AAQAC,QAAQ,CAAC,iBAAD,EAAoB,YAAK;AAE7BC,EAAAA,EAAE,CAAC,mCAAD,EAAsC,UAACC,IAAD,EAAU;AAC9CT,qBAAKU,OAAL,CAAaC,kBAAb,EACKC,IADL,CACU,qBADV,EAEKC,IAFL,CAEUT,MAFV,EAGKU,GAHL,CAGS,UAACC,GAAD,EAAMC,GAAN,EAAa;AACdA,MAAAA,GAAG,CAACf,MAAJ,CAAWgB,IAAX,CAAgBC,MAAhB,CAAuB,GAAvB;AACH,KALL;;AAMIT,IAAAA,IAAI;AACX,GARC,CAAF;AAUAD,EAAAA,EAAE,CAAC,sDAAD,EAAyD,UAACC,IAAD,EAAU;AACjET,qBAAKU,OAAL,CAAaC,kBAAb,EACKC,IADL,CACU,qBADV,EAEKC,IAFL,CAEUT,MAFV,EAGKU,GAHL,CAGS,UAACC,GAAD,EAAMC,GAAN,EAAa;AACdA,MAAAA,GAAG,CAACf,MAAJ,CAAWgB,IAAX,CAAgBC,MAAhB,CAAuB,GAAvB;AACH,KALL;;AAMIT,IAAAA,IAAI;AACX,GARC,CAAF;AAUAD,EAAAA,EAAE,CAAC,wEAAD,EAA2E,UAACC,IAAD,EAAU;AACnFT,qBAAKU,OAAL,CAAaC,kBAAb,EACKC,IADL,CACU,qBADV,EAEKC,IAFL,CAEUP,WAFV,EAGKQ,GAHL,CAGS,UAACC,GAAD,EAAMC,GAAN,EAAa;AACdA,MAAAA,GAAG,CAACf,MAAJ,CAAWgB,IAAX,CAAgBC,MAAhB,CAAuB,GAAvB;AACH,KALL;;AAMIT,IAAAA,IAAI;AACX,GARC,CAAF;AAUH,CAhCO,CAAR","sourceRoot":"C:\\Users\\PAUL\\Videos\\project\\politico\\server\\tests","sourcesContent":["import {Client} from 'pg'\r\nimport chai from 'chai'\r\nimport chaiHttp from 'chai-http'\r\nimport app from '../server'\r\n\r\nlet client = new Client({\r\n    user: \"postgres\",\r\n    password: \"paul\",\r\n    host: \"localhost\",\r\n    port: 5432,\r\n    database: \"politico\"\r\n})\r\n\r\nclient.connect()\r\nchai.should()\r\nchai.use(chaiHttp)\r\n\r\nlet signUp = {\r\n\t\"firstname\": \"firstname\",\r\n\t\"secondname\": \"second\",\r\n\t\"email\": \"suscy@seut12sncursus.com\",\r\n\t\"password\": \"mainpass12\",\r\n\t\"nationalid\": 2111323123,\r\n\t\"address\": \"home\",\r\n\t\"phonenumber\": 1234321,\r\n\t\"passporturl\": \"userdbhsadbsc\"\t\r\n\t\r\n}\r\n\r\nlet userSignin = {\r\n   \r\n\t\"email\": \"suscy@seut12sncursus.com\",\r\n\t\"password\": \"mainpass12\"\r\n\t\r\n}\r\n\r\nlet userSignin2 = {\r\n   \r\n\t\"email\": \"suscy@seut12sncursus.com\",\r\n\t\"password\": \"\"\r\n\t\r\n}\r\n\r\n\r\ndescribe('User Auth Tests', ()=> {\r\n    \r\n    it('user should sign-up in the system', (done) => {        \r\n        chai.request(app)\r\n            .post('/api/v1/auth/signup')\r\n            .send(signUp)\r\n            .end((err, res) =>{\r\n                res.should.have.status(403);\r\n            });\r\n            done();\r\n    });\r\n    \r\n    it('user should sign-in in the system with valid inputs ', (done) => {        \r\n        chai.request(app)\r\n            .post('/api/v1/auth/signin')\r\n            .send(signUp)\r\n            .end((err, res) =>{\r\n                res.should.have.status(403);\r\n            });\r\n            done();\r\n    });\r\n\r\n    it('user should not sign-in in the system without valid email and password', (done) => {        \r\n        chai.request(app)\r\n            .post('/api/v1/auth/signin')\r\n            .send(userSignin2)\r\n            .end((err, res) =>{\r\n                res.should.have.status(200);\r\n            });\r\n            done();\r\n    });\r\n\r\n})\r\n\r\n\r\n\r\n"]},"_coverageSchema":"1a1c01bbd47fc00a2c39e90264f33305004495a9","hash":"022fed20f338ae4bf9443011566e98c4d83a2303","contentHash":"5d9f9eaf535a1a2a8b8a59092f88307cb304e1d4cc405453f337d6fce8ab112b"}}