{"C:\\Users\\PAUL\\Videos\\project\\politico\\server\\tests\\contentTest.js":{"path":"C:\\Users\\PAUL\\Videos\\project\\politico\\server\\tests\\contentTest.js","statementMap":{},"fnMap":{},"branchMap":{},"s":{},"f":{},"b":{},"inputSourceMap":{"version":3,"sources":[],"names":[],"mappings":"","sourceRoot":"C:\\Users\\PAUL\\Videos\\project\\politico\\server\\tests","sourcesContent":[]},"_coverageSchema":"1a1c01bbd47fc00a2c39e90264f33305004495a9","hash":"b581e29921353212a8d452f28a0d5c7922db443d","contentHash":"faf6df8d304e91fabfc4687478414613c767f8fbc200b80d09964280a71824ac"},"C:\\Users\\PAUL\\Videos\\project\\politico\\server\\tests\\officeTest.js":{"path":"C:\\Users\\PAUL\\Videos\\project\\politico\\server\\tests\\officeTest.js","statementMap":{"0":{"start":{"line":3,"column":29},"end":{"line":3,"column":84}},"1":{"start":{"line":5,"column":10},"end":{"line":5,"column":23}},"2":{"start":{"line":7,"column":12},"end":{"line":7,"column":51}},"3":{"start":{"line":9,"column":16},"end":{"line":9,"column":60}},"4":{"start":{"line":11,"column":14},"end":{"line":11,"column":58}},"5":{"start":{"line":13,"column":13},"end":{"line":19,"column":2}},"6":{"start":{"line":20,"column":0},"end":{"line":20,"column":17}},"7":{"start":{"line":22,"column":0},"end":{"line":22,"column":26}},"8":{"start":{"line":24,"column":0},"end":{"line":24,"column":43}},"9":{"start":{"line":26,"column":17},"end":{"line":28,"column":1}},"10":{"start":{"line":29,"column":18},"end":{"line":32,"column":1}},"11":{"start":{"line":33,"column":0},"end":{"line":48,"column":3}},"12":{"start":{"line":34,"column":2},"end":{"line":40,"column":5}},"13":{"start":{"line":35,"column":4},"end":{"line":37,"column":7}},"14":{"start":{"line":36,"column":6},"end":{"line":36,"column":34}},"15":{"start":{"line":39,"column":4},"end":{"line":39,"column":11}},"16":{"start":{"line":41,"column":2},"end":{"line":47,"column":5}},"17":{"start":{"line":42,"column":4},"end":{"line":44,"column":7}},"18":{"start":{"line":43,"column":6},"end":{"line":43,"column":34}},"19":{"start":{"line":46,"column":4},"end":{"line":46,"column":11}}},"fnMap":{"0":{"name":"(anonymous_0)","decl":{"start":{"line":33,"column":25},"end":{"line":33,"column":26}},"loc":{"start":{"line":33,"column":37},"end":{"line":48,"column":1}},"line":33},"1":{"name":"(anonymous_1)","decl":{"start":{"line":34,"column":61},"end":{"line":34,"column":62}},"loc":{"start":{"line":34,"column":77},"end":{"line":40,"column":3}},"line":34},"2":{"name":"(anonymous_2)","decl":{"start":{"line":35,"column":94},"end":{"line":35,"column":95}},"loc":{"start":{"line":35,"column":114},"end":{"line":37,"column":5}},"line":35},"3":{"name":"(anonymous_3)","decl":{"start":{"line":41,"column":53},"end":{"line":41,"column":54}},"loc":{"start":{"line":41,"column":69},"end":{"line":47,"column":3}},"line":41},"4":{"name":"(anonymous_4)","decl":{"start":{"line":42,"column":95},"end":{"line":42,"column":96}},"loc":{"start":{"line":42,"column":115},"end":{"line":44,"column":5}},"line":42}},"branchMap":{},"s":{"0":1,"1":1,"2":1,"3":1,"4":1,"5":1,"6":1,"7":1,"8":1,"9":1,"10":1,"11":1,"12":1,"13":1,"14":1,"15":1,"16":1,"17":1,"18":1,"19":1},"f":{"0":1,"1":1,"2":1,"3":1,"4":1},"b":{},"inputSourceMap":{"version":3,"sources":["officeTest.js"],"names":["client","Client","user","password","host","port","database","connect","chai","should","use","chaiHttp","officeInfo","officeInfo2","Math","floor","random","describe","it","done","request","app","post","send","end","err","res","have","status"],"mappings":";;;;AAAA;;AACA;;AACA;;AACA;;AAEA,IAAIA,MAAM,GAAG,IAAIC,UAAJ,CAAW;AACpBC,EAAAA,IAAI,EAAE,UADc;AAEpBC,EAAAA,QAAQ,EAAE,MAFU;AAGpBC,EAAAA,IAAI,EAAE,WAHc;AAIpBC,EAAAA,IAAI,EAAE,IAJc;AAKpBC,EAAAA,QAAQ,EAAE;AALU,CAAX,CAAb;AAQAN,MAAM,CAACO,OAAP;;AACAC,iBAAKC,MAAL;;AACAD,iBAAKE,GAAL,CAASC,oBAAT;;AAEA,IAAIC,UAAU,GAAG;AACT,gBAAc;AADL,CAAjB;AAIA,IAAIC,WAAW,GAAG;AACd,mCAA0BC,IAAI,CAACC,KAAL,CAAWD,IAAI,CAACE,MAAL,KAAgB,GAA3B,IAAkC,GAA5D,CADc;AAEd,eAAa;AAFC,CAAlB;AAKAC,QAAQ,CAAC,cAAD,EAAiB,YAAK;AAE1BC,EAAAA,EAAE,CAAC,sDAAD,EAAyD,UAACC,IAAD,EAAU;AACjEX,qBAAKY,OAAL,CAAaC,kBAAb,EACKC,IADL,CACU,iBADV,EAEKC,IAFL,CAEUX,UAFV,EAGKY,GAHL,CAGS,UAACC,GAAD,EAAMC,GAAN,EAAa;AACdA,MAAAA,GAAG,CAACjB,MAAJ,CAAWkB,IAAX,CAAgBC,MAAhB,CAAuB,GAAvB;AACH,KALL;;AAMIT,IAAAA,IAAI;AACX,GARC,CAAF;AASAD,EAAAA,EAAE,CAAC,8CAAD,EAAiD,UAACC,IAAD,EAAU;AACzDX,qBAAKY,OAAL,CAAaC,kBAAb,EACKC,IADL,CACU,iBADV,EAEKC,IAFL,CAEUV,WAFV,EAGKW,GAHL,CAGS,UAACC,GAAD,EAAMC,GAAN,EAAa;AACdA,MAAAA,GAAG,CAACjB,MAAJ,CAAWkB,IAAX,CAAgBC,MAAhB,CAAuB,GAAvB;AACH,KALL;;AAMIT,IAAAA,IAAI;AACX,GARC,CAAF;AAYH,CAvBO,CAAR","sourceRoot":"C:\\Users\\PAUL\\Videos\\project\\politico\\server\\tests","sourcesContent":["import {Client} from 'pg'\r\nimport chai from 'chai'\r\nimport chaiHttp from 'chai-http'\r\nimport app from '../server'\r\n\r\nlet client = new Client({\r\n    user: \"postgres\",\r\n    password: \"paul\",\r\n    host: \"localhost\",\r\n    port: 5432,\r\n    database: \"politico\"\r\n})\r\n\r\nclient.connect()\r\nchai.should()\r\nchai.use(chaiHttp)\r\n\r\nlet officeInfo = {\r\n        \"officename\": \"nandsa\"\r\n}\r\n\r\nlet officeInfo2 = {\r\n    \"officename\": `new name ${Math.floor(Math.random() * 100) + 100}`,\r\n    'hqaddress': 'home'\r\n}\r\n\r\ndescribe('office Tests', ()=> {\r\n    \r\n    it('user should not create An Office with existing name ', (done) => {        \r\n        chai.request(app)\r\n            .post('/api/v1/offices')\r\n            .send(officeInfo)\r\n            .end((err, res) =>{\r\n                res.should.have.status(401);\r\n            });\r\n            done();\r\n    });\r\n    it('user should  create An office with new name ', (done) => {        \r\n        chai.request(app)\r\n            .post('/api/v1/offices')\r\n            .send(officeInfo2)\r\n            .end((err, res) =>{\r\n                res.should.have.status(401);\r\n            });\r\n            done();\r\n    });\r\n    \r\n   \r\n\r\n})\r\n\r\n\r\n\r\n"]},"_coverageSchema":"1a1c01bbd47fc00a2c39e90264f33305004495a9","hash":"a258e51c5d320ac57dd9dc2b08c0b76046ccc7e9","contentHash":"04eff52baddd53a851411fe44496ddbe406a33e19c2c057e8817798d4b765ab7"},"C:\\Users\\PAUL\\Videos\\project\\politico\\server\\server.js":{"path":"C:\\Users\\PAUL\\Videos\\project\\politico\\server\\server.js","statementMap":{"0":{"start":{"line":3,"column":29},"end":{"line":3,"column":84}},"1":{"start":{"line":5,"column":0},"end":{"line":7,"column":3}},"2":{"start":{"line":8,"column":0},"end":{"line":8,"column":28}},"3":{"start":{"line":10,"column":15},"end":{"line":10,"column":57}},"4":{"start":{"line":12,"column":22},"end":{"line":12,"column":80}},"5":{"start":{"line":14,"column":19},"end":{"line":14,"column":74}},"6":{"start":{"line":16,"column":20},"end":{"line":16,"column":76}},"7":{"start":{"line":18,"column":18},"end":{"line":18,"column":64}},"8":{"start":{"line":20,"column":10},"end":{"line":20,"column":36}},"9":{"start":{"line":21,"column":0},"end":{"line":23,"column":4}},"10":{"start":{"line":24,"column":0},"end":{"line":24,"column":39}},"11":{"start":{"line":25,"column":0},"end":{"line":25,"column":47}},"12":{"start":{"line":26,"column":0},"end":{"line":26,"column":44}},"13":{"start":{"line":27,"column":0},"end":{"line":27,"column":45}},"14":{"start":{"line":28,"column":11},"end":{"line":28,"column":35}},"15":{"start":{"line":29,"column":0},"end":{"line":31,"column":3}},"16":{"start":{"line":30,"column":2},"end":{"line":30,"column":67}},"17":{"start":{"line":32,"column":15},"end":{"line":32,"column":18}},"18":{"start":{"line":33,"column":0},"end":{"line":33,"column":30}}},"fnMap":{"0":{"name":"(anonymous_0)","decl":{"start":{"line":29,"column":17},"end":{"line":29,"column":18}},"loc":{"start":{"line":29,"column":29},"end":{"line":31,"column":1}},"line":29}},"branchMap":{"0":{"loc":{"start":{"line":28,"column":11},"end":{"line":28,"column":35}},"type":"binary-expr","locations":[{"start":{"line":28,"column":11},"end":{"line":28,"column":27}},{"start":{"line":28,"column":31},"end":{"line":28,"column":35}}],"line":28}},"s":{"0":1,"1":1,"2":1,"3":1,"4":1,"5":1,"6":1,"7":1,"8":1,"9":1,"10":1,"11":1,"12":1,"13":1,"14":1,"15":1,"16":1,"17":1,"18":1},"f":{"0":1},"b":{"0":[1,1]},"inputSourceMap":{"version":3,"sources":["server.js"],"names":["app","use","parser","urlencoded","extended","json","userRouter","partyRoutes","officeRouter","port","process","env","PORT","listen","console","log"],"mappings":";;;;;;;;;AAAA;;AACA;;AACA;;AACA;;AACA;;AAEA,IAAMA,GAAG,GAAG,0BAAZ;AAEAA,GAAG,CAACC,GAAJ,CAAQC,uBAAOC,UAAP,CAAkB;AAAEC,EAAAA,QAAQ,EAAE;AAAZ,CAAlB,CAAR;AACAJ,GAAG,CAACC,GAAJ,CAAQC,uBAAOG,IAAP,EAAR;AAIAL,GAAG,CAACC,GAAJ,CAAQ,SAAR,EAAmBK,0BAAnB;AACAN,GAAG,CAACC,GAAJ,CAAQ,SAAR,EAAmBM,uBAAnB;AACAP,GAAG,CAACC,GAAJ,CAAQ,SAAR,EAAmBO,wBAAnB;AAGA,IAAMC,IAAI,GAAGC,OAAO,CAACC,GAAR,CAAYC,IAAZ,IAAoB,IAAjC;AAEAZ,GAAG,CAACa,MAAJ,CAAWJ,IAAX,EAAiB;AAAA,SAAMK,OAAO,CAACC,GAAR,6BAAiCN,IAAjC,aAAN;AAAA,CAAjB;eAGeT,G","sourceRoot":"C:\\Users\\PAUL\\Videos\\project\\politico\\server","sourcesContent":["import express from \"express\"\r\nimport userRouter from './routes/userAuthRoutes'\r\nimport partyRoutes from './routes/partyRoutes'\r\nimport officeRouter from './routes/officeRoutes'\r\nimport parser  from 'body-parser'\r\n\r\nconst app = express()\r\n\r\napp.use(parser.urlencoded({ extended: true }));\r\napp.use(parser.json());\r\n\r\n\r\n\r\napp.use('/api/v1', userRouter)\r\napp.use('/api/v1', partyRoutes)\r\napp.use('/api/v1', officeRouter)\r\n\r\n\r\nconst port = process.env.PORT || 5000\r\n\r\napp.listen(port, () => console.log(`listening to port ${port} ......`))\r\n\r\n\r\nexport default app;\r\n"]},"_coverageSchema":"1a1c01bbd47fc00a2c39e90264f33305004495a9","hash":"ee258032c5fbe288ada35c82853d4e8f8b884d82","contentHash":"4c4d8dd7583a0617d702dfd6ada6b2d5ed4448b93866d46c8ee4100a90c897e4"},"C:\\Users\\PAUL\\Videos\\project\\politico\\server\\routes\\userAuthRoutes.js":{"path":"C:\\Users\\PAUL\\Videos\\project\\politico\\server\\routes\\userAuthRoutes.js","statementMap":{"0":{"start":{"line":3,"column":29},"end":{"line":3,"column":84}},"1":{"start":{"line":5,"column":0},"end":{"line":7,"column":3}},"2":{"start":{"line":8,"column":0},"end":{"line":8,"column":28}},"3":{"start":{"line":10,"column":22},"end":{"line":10,"column":86}},"4":{"start":{"line":12,"column":15},"end":{"line":12,"column":57}},"5":{"start":{"line":14,"column":18},"end":{"line":14,"column":77}},"6":{"start":{"line":16,"column":15},"end":{"line":16,"column":71}},"7":{"start":{"line":18,"column":22},"end":{"line":18,"column":85}},"8":{"start":{"line":20,"column":13},"end":{"line":20,"column":41}},"9":{"start":{"line":22,"column":0},"end":{"line":22,"column":147}},"10":{"start":{"line":23,"column":0},"end":{"line":23,"column":67}},"11":{"start":{"line":24,"column":0},"end":{"line":24,"column":113}},"12":{"start":{"line":25,"column":0},"end":{"line":25,"column":98}},"13":{"start":{"line":26,"column":15},"end":{"line":26,"column":21}},"14":{"start":{"line":27,"column":0},"end":{"line":27,"column":30}}},"fnMap":{},"branchMap":{},"s":{"0":1,"1":1,"2":1,"3":1,"4":1,"5":1,"6":1,"7":1,"8":1,"9":1,"10":1,"11":1,"12":1,"13":1,"14":1},"f":{},"b":{},"inputSourceMap":{"version":3,"sources":["userAuthRoutes.js"],"names":["router","express","Router","post","validation","inputsValids","schemas","UserSchema","user","userSignUp","userSignIn","get","checkToken","isAdmin","getAllUsers","getOneUser"],"mappings":";;;;;;;;;AAAA;;AACA;;AACA;;AACA;;AACA;;AAEA,IAAMA,MAAM,GAAGC,oBAAQC,MAAR,EAAf;;AAEAF,MAAM,CAACG,IAAP,CAAY,cAAZ,EAA2BC,uBAAWC,YAAX,CAAwBD,uBAAWE,OAAX,CAAmBC,UAA3C,CAA3B,EAAmFC,2BAAKC,UAAxF;AACAT,MAAM,CAACG,IAAP,CAAY,cAAZ,EAA4BK,2BAAKE,UAAjC;AACAV,MAAM,CAACW,GAAP,CAAW,WAAX,EAAwBC,0BAAxB,EAAoCC,mBAApC,EAA6CL,2BAAKM,WAAlD;AACAd,MAAM,CAACW,GAAP,CAAW,kBAAX,EAA8BC,0BAA9B,EAA0CJ,2BAAKO,UAA/C;eAIgBf,M","sourceRoot":"C:\\Users\\PAUL\\Videos\\project\\politico\\server\\routes","sourcesContent":["import user from '../controllers/userCotrnolers'\r\nimport express from 'express';\r\nimport validation from '../middleware/validation'\r\nimport isAdmin from '../middleware/isAdmin'\r\nimport checkToken from '../middleware/authentication'\r\n\r\nconst router = express.Router()\r\n\r\nrouter.post(\"/auth/signup\",validation.inputsValids(validation.schemas.UserSchema), user.userSignUp)\r\nrouter.post(\"/auth/signin\", user.userSignIn)\r\nrouter.get(\"/allusers\", checkToken, isAdmin, user.getAllUsers)\r\nrouter.get(\"/useraccount/:id\",checkToken, user.getOneUser)\r\n\r\n\r\n\r\nexport  default router "]},"_coverageSchema":"1a1c01bbd47fc00a2c39e90264f33305004495a9","hash":"e55d70783433611e9dc9522f0f48ec7e737add4f","contentHash":"9dbec9dca8d008187bbe616e821549cb7a16878e36481cbada6d16a0a7f1af17"},"C:\\Users\\PAUL\\Videos\\project\\politico\\server\\controllers\\userCotrnolers.js":{"path":"C:\\Users\\PAUL\\Videos\\project\\politico\\server\\controllers\\userCotrnolers.js","statementMap":{"0":{"start":{"line":3,"column":29},"end":{"line":3,"column":84}},"1":{"start":{"line":5,"column":0},"end":{"line":7,"column":3}},"2":{"start":{"line":8,"column":0},"end":{"line":8,"column":28}},"3":{"start":{"line":10,"column":23},"end":{"line":10,"column":95}},"4":{"start":{"line":12,"column":20},"end":{"line":12,"column":89}},"5":{"start":{"line":14,"column":16},"end":{"line":14,"column":69}},"6":{"start":{"line":16,"column":18},"end":{"line":16,"column":74}},"7":{"start":{"line":21,"column":34},"end":{"line":189,"column":3}},"8":{"start":{"line":23,"column":4},"end":{"line":23,"column":59}},"9":{"start":{"line":26,"column":2},"end":{"line":187,"column":6}},"10":{"start":{"line":29,"column":6},"end":{"line":71,"column":9}},"11":{"start":{"line":30,"column":8},"end":{"line":70,"column":9}},"12":{"start":{"line":31,"column":10},"end":{"line":34,"column":13}},"13":{"start":{"line":35,"column":15},"end":{"line":70,"column":9}},"14":{"start":{"line":36,"column":10},"end":{"line":39,"column":13}},"15":{"start":{"line":41,"column":28},"end":{"line":41,"column":35}},"16":{"start":{"line":42,"column":30},"end":{"line":42,"column":44}},"17":{"start":{"line":43,"column":19},"end":{"line":43,"column":35}},"18":{"start":{"line":44,"column":26},"end":{"line":44,"column":49}},"19":{"start":{"line":45,"column":27},"end":{"line":45,"column":51}},"20":{"start":{"line":46,"column":22},"end":{"line":46,"column":41}},"21":{"start":{"line":47,"column":22},"end":{"line":47,"column":41}},"22":{"start":{"line":48,"column":28},"end":{"line":48,"column":53}},"23":{"start":{"line":49,"column":24},"end":{"line":49,"column":45}},"24":{"start":{"line":50,"column":10},"end":{"line":69,"column":13}},"25":{"start":{"line":76,"column":6},"end":{"line":118,"column":9}},"26":{"start":{"line":77,"column":8},"end":{"line":117,"column":9}},"27":{"start":{"line":78,"column":10},"end":{"line":81,"column":13}},"28":{"start":{"line":82,"column":15},"end":{"line":117,"column":9}},"29":{"start":{"line":83,"column":10},"end":{"line":86,"column":13}},"30":{"start":{"line":88,"column":23},"end":{"line":88,"column":30}},"31":{"start":{"line":89,"column":19},"end":{"line":89,"column":28}},"32":{"start":{"line":90,"column":26},"end":{"line":90,"column":42}},"33":{"start":{"line":91,"column":27},"end":{"line":91,"column":44}},"34":{"start":{"line":92,"column":22},"end":{"line":92,"column":34}},"35":{"start":{"line":93,"column":22},"end":{"line":93,"column":34}},"36":{"start":{"line":94,"column":28},"end":{"line":94,"column":46}},"37":{"start":{"line":95,"column":24},"end":{"line":95,"column":38}},"38":{"start":{"line":96,"column":25},"end":{"line":96,"column":40}},"39":{"start":{"line":97,"column":10},"end":{"line":116,"column":13}},"40":{"start":{"line":123,"column":6},"end":{"line":145,"column":9}},"41":{"start":{"line":124,"column":29},"end":{"line":124,"column":31}},"42":{"start":{"line":125,"column":8},"end":{"line":140,"column":11}},"43":{"start":{"line":126,"column":19},"end":{"line":126,"column":23}},"44":{"start":{"line":127,"column":26},"end":{"line":127,"column":37}},"45":{"start":{"line":128,"column":22},"end":{"line":128,"column":29}},"46":{"start":{"line":129,"column":22},"end":{"line":129,"column":29}},"47":{"start":{"line":130,"column":28},"end":{"line":130,"column":41}},"48":{"start":{"line":131,"column":24},"end":{"line":131,"column":33}},"49":{"start":{"line":132,"column":10},"end":{"line":139,"column":13}},"50":{"start":{"line":141,"column":8},"end":{"line":144,"column":11}},"51":{"start":{"line":150,"column":6},"end":{"line":155,"column":7}},"52":{"start":{"line":151,"column":8},"end":{"line":154,"column":11}},"53":{"start":{"line":157,"column":6},"end":{"line":185,"column":9}},"54":{"start":{"line":158,"column":8},"end":{"line":184,"column":9}},"55":{"start":{"line":159,"column":10},"end":{"line":162,"column":13}},"56":{"start":{"line":164,"column":26},"end":{"line":164,"column":36}},"57":{"start":{"line":165,"column":19},"end":{"line":165,"column":31}},"58":{"start":{"line":166,"column":26},"end":{"line":166,"column":45}},"59":{"start":{"line":167,"column":27},"end":{"line":167,"column":47}},"60":{"start":{"line":168,"column":22},"end":{"line":168,"column":37}},"61":{"start":{"line":169,"column":22},"end":{"line":169,"column":37}},"62":{"start":{"line":170,"column":28},"end":{"line":170,"column":49}},"63":{"start":{"line":171,"column":24},"end":{"line":171,"column":41}},"64":{"start":{"line":172,"column":10},"end":{"line":183,"column":13}},"65":{"start":{"line":188,"column":2},"end":{"line":188,"column":24}},"66":{"start":{"line":191,"column":15},"end":{"line":191,"column":35}},"67":{"start":{"line":193,"column":0},"end":{"line":193,"column":30}}},"fnMap":{"0":{"name":"(anonymous_0)","decl":{"start":{"line":21,"column":34},"end":{"line":21,"column":35}},"loc":{"start":{"line":21,"column":46},"end":{"line":189,"column":1}},"line":21},"1":{"name":"userController","decl":{"start":{"line":22,"column":11},"end":{"line":22,"column":25}},"loc":{"start":{"line":22,"column":28},"end":{"line":24,"column":3}},"line":22},"2":{"name":"userSignUp","decl":{"start":{"line":28,"column":20},"end":{"line":28,"column":30}},"loc":{"start":{"line":28,"column":41},"end":{"line":72,"column":5}},"line":28},"3":{"name":"(anonymous_3)","decl":{"start":{"line":29,"column":53},"end":{"line":29,"column":54}},"loc":{"start":{"line":29,"column":72},"end":{"line":71,"column":7}},"line":29},"4":{"name":"userSignIn","decl":{"start":{"line":75,"column":20},"end":{"line":75,"column":30}},"loc":{"start":{"line":75,"column":41},"end":{"line":119,"column":5}},"line":75},"5":{"name":"(anonymous_5)","decl":{"start":{"line":76,"column":51},"end":{"line":76,"column":52}},"loc":{"start":{"line":76,"column":67},"end":{"line":118,"column":7}},"line":76},"6":{"name":"getAllUsers","decl":{"start":{"line":122,"column":20},"end":{"line":122,"column":31}},"loc":{"start":{"line":122,"column":42},"end":{"line":146,"column":5}},"line":122},"7":{"name":"(anonymous_7)","decl":{"start":{"line":123,"column":51},"end":{"line":123,"column":52}},"loc":{"start":{"line":123,"column":70},"end":{"line":145,"column":7}},"line":123},"8":{"name":"(anonymous_8)","decl":{"start":{"line":125,"column":24},"end":{"line":125,"column":25}},"loc":{"start":{"line":125,"column":37},"end":{"line":140,"column":9}},"line":125},"9":{"name":"getOneUser","decl":{"start":{"line":149,"column":20},"end":{"line":149,"column":30}},"loc":{"start":{"line":149,"column":41},"end":{"line":186,"column":5}},"line":149},"10":{"name":"(anonymous_10)","decl":{"start":{"line":157,"column":76},"end":{"line":157,"column":77}},"loc":{"start":{"line":157,"column":95},"end":{"line":185,"column":7}},"line":157}},"branchMap":{"0":{"loc":{"start":{"line":30,"column":8},"end":{"line":70,"column":9}},"type":"if","locations":[{"start":{"line":30,"column":8},"end":{"line":70,"column":9}},{"start":{"line":30,"column":8},"end":{"line":70,"column":9}}],"line":30},"1":{"loc":{"start":{"line":35,"column":15},"end":{"line":70,"column":9}},"type":"if","locations":[{"start":{"line":35,"column":15},"end":{"line":70,"column":9}},{"start":{"line":35,"column":15},"end":{"line":70,"column":9}}],"line":35},"2":{"loc":{"start":{"line":65,"column":29},"end":{"line":65,"column":46}},"type":"binary-expr","locations":[{"start":{"line":65,"column":29},"end":{"line":65,"column":40}},{"start":{"line":65,"column":44},"end":{"line":65,"column":46}}],"line":65},"3":{"loc":{"start":{"line":77,"column":8},"end":{"line":117,"column":9}},"type":"if","locations":[{"start":{"line":77,"column":8},"end":{"line":117,"column":9}},{"start":{"line":77,"column":8},"end":{"line":117,"column":9}}],"line":77},"4":{"loc":{"start":{"line":82,"column":15},"end":{"line":117,"column":9}},"type":"if","locations":[{"start":{"line":82,"column":15},"end":{"line":117,"column":9}},{"start":{"line":82,"column":15},"end":{"line":117,"column":9}}],"line":82},"5":{"loc":{"start":{"line":111,"column":29},"end":{"line":111,"column":46}},"type":"binary-expr","locations":[{"start":{"line":111,"column":29},"end":{"line":111,"column":40}},{"start":{"line":111,"column":44},"end":{"line":111,"column":46}}],"line":111},"6":{"loc":{"start":{"line":112,"column":25},"end":{"line":112,"column":41}},"type":"binary-expr","locations":[{"start":{"line":112,"column":25},"end":{"line":112,"column":32}},{"start":{"line":112,"column":36},"end":{"line":112,"column":41}}],"line":112},"7":{"loc":{"start":{"line":150,"column":6},"end":{"line":155,"column":7}},"type":"if","locations":[{"start":{"line":150,"column":6},"end":{"line":155,"column":7}},{"start":{"line":150,"column":6},"end":{"line":155,"column":7}}],"line":150},"8":{"loc":{"start":{"line":158,"column":8},"end":{"line":184,"column":9}},"type":"if","locations":[{"start":{"line":158,"column":8},"end":{"line":184,"column":9}},{"start":{"line":158,"column":8},"end":{"line":184,"column":9}}],"line":158},"9":{"loc":{"start":{"line":180,"column":27},"end":{"line":180,"column":44}},"type":"binary-expr","locations":[{"start":{"line":180,"column":27},"end":{"line":180,"column":38}},{"start":{"line":180,"column":42},"end":{"line":180,"column":44}}],"line":180},"10":{"loc":{"start":{"line":181,"column":23},"end":{"line":181,"column":39}},"type":"binary-expr","locations":[{"start":{"line":181,"column":23},"end":{"line":181,"column":30}},{"start":{"line":181,"column":34},"end":{"line":181,"column":39}}],"line":181}},"s":{"0":1,"1":1,"2":1,"3":1,"4":1,"5":1,"6":1,"7":1,"8":1,"9":1,"10":0,"11":0,"12":0,"13":0,"14":0,"15":0,"16":0,"17":0,"18":0,"19":0,"20":0,"21":0,"22":0,"23":0,"24":0,"25":2,"26":0,"27":0,"28":0,"29":0,"30":0,"31":0,"32":0,"33":0,"34":0,"35":0,"36":0,"37":0,"38":0,"39":0,"40":0,"41":0,"42":0,"43":0,"44":0,"45":0,"46":0,"47":0,"48":0,"49":0,"50":0,"51":0,"52":0,"53":0,"54":0,"55":0,"56":0,"57":0,"58":0,"59":0,"60":0,"61":0,"62":0,"63":0,"64":0,"65":1,"66":1,"67":1},"f":{"0":1,"1":1,"2":0,"3":0,"4":2,"5":0,"6":0,"7":0,"8":0,"9":0,"10":0},"b":{"0":[0,0],"1":[0,0],"2":[0,0],"3":[0,0],"4":[0,0],"5":[0,0],"6":[0,0],"7":[0,0],"8":[0,0],"9":[0,0],"10":[0,0]},"inputSourceMap":{"version":3,"sources":["userCotrnolers.js"],"names":["userController","req","res","account","createUser","body","then","results","status","json","newUSerInfo","id","firstname","secondname","email","phone","userprofile","isadmin","tokens","encode","phoneNumber","passportUrl","isAdmin","logiUser","resi","password","allUsers","displayResults","forEach","n","push","parseInt","params","toString","oneUser"],"mappings":";;;;;;;;;;;;;AACA;;AACA;;AAEA;;;IAGMA,c;;;;;;;+BAESC,G,EAAKC,G,EAAK;AACjBC,2BAAQC,UAAR,CAAmBH,GAAG,CAACI,IAAvB,EACCC,IADD,CACM,UAAAC,OAAO,EAAI;AACjB,YAAIA,OAAO,IAAI,MAAf,EAAuB;AACnB,iBAAOL,GAAG,CAACM,MAAJ,CAAW,GAAX,EAAgBC,IAAhB,CAAqB;AACxB,sBAAU,GADc;AAExB,qBAAQ;AAFgB,WAArB,CAAP;AAIH,SALD,MAMK,IAAIF,OAAO,IAAI,OAAf,EAAwB;AACzB,iBAAOL,GAAG,CAACM,MAAJ,CAAW,GAAX,EAAgBC,IAAhB,CAAqB;AACxB,sBAAU,GADc;AAExB,qBAAQ;AAFgB,WAArB,CAAP;AAIH,SALI,MAMA;AACD,cAAIC,WAAW,GAAGH,OAAlB;AADC,8BAGsEG,WAAW,CAAC,CAAD,CAHjF;AAAA,cAGMC,EAHN,iBAGMA,EAHN;AAAA,cAGSC,SAHT,iBAGSA,SAHT;AAAA,cAGqBC,UAHrB,iBAGqBA,UAHrB;AAAA,cAGiCC,KAHjC,iBAGiCA,KAHjC;AAAA,cAGwCC,KAHxC,iBAGwCA,KAHxC;AAAA,cAG8CC,WAH9C,iBAG8CA,WAH9C;AAAA,cAG0DC,OAH1D,iBAG0DA,OAH1D;AAID,iBAAOf,GAAG,CAACM,MAAJ,CAAW,GAAX,EAAgBC,IAAhB,CAAqB;AACxB,sBAAU,GADc;AAExB,oBAAQ,CAEL;AACK,uBAASS,uBAAOC,MAAP,CAAc;AAACF,gBAAAA,OAAO,EAAPA,OAAD;AAAUL,gBAAAA,SAAS,EAATA,SAAV;AAAoBD,gBAAAA,EAAE,EAAFA,EAApB;AAAuBG,gBAAAA,KAAK,EAALA;AAAvB,eAAd,CADd;AAEK,sBAAQ;AACJH,gBAAAA,EAAE,EAAEA,EADA;AAEJC,gBAAAA,SAAS,EAAEA,SAFP;AAGJC,gBAAAA,UAAU,EAAEA,UAHR;AAIJC,gBAAAA,KAAK,EAAEA,KAJH;AAKJM,gBAAAA,WAAW,EAAEL,KALT;AAMJM,gBAAAA,WAAW,EAAEL,WAAW,IAAI,EANxB;AAOJM,gBAAAA,OAAO,EAAE;AAPL;AAFb,aAFK;AAFgB,WAArB,CAAP;AAkBH;AAEJ,OAtCG;AA2CH;;;+BAEUrB,G,EAAKC,G,EAAK;AAClBC,2BAAQoB,QAAR,CAAiBtB,GAAG,CAACI,IAArB,EACCC,IADD,CACM,UAAAkB,IAAI,EAAI;AACb,YAAGA,IAAI,IAAI,IAAX,EAAiB;AACb,iBAAOtB,GAAG,CAACM,MAAJ,CAAW,GAAX,EAAgBC,IAAhB,CAAqB;AACxB,sBAAU,GADc;AAExB,qBAAQ;AAFgB,WAArB,CAAP;AAIH,SALD,MAKO,IAAIe,IAAI,IAAI,YAAZ,EAA0B;AAC7B,iBAAOtB,GAAG,CAACM,MAAJ,CAAW,GAAX,EAAgBC,IAAhB,CAAqB;AACxB,sBAAU,GADc;AAExB,qBAAQ;AAFgB,WAArB,CAAP;AAIH,SALM,MAMF;AAAA,uBACgFe,IAAI,CAAC,CAAD,CADpF;AAAA,cACMb,EADN,UACMA,EADN;AAAA,cACSC,SADT,UACSA,SADT;AAAA,cACqBC,UADrB,UACqBA,UADrB;AAAA,cACiCC,KADjC,UACiCA,KADjC;AAAA,cACwCC,KADxC,UACwCA,KADxC;AAAA,cAC8CC,WAD9C,UAC8CA,WAD9C;AAAA,cAC0DC,OAD1D,UAC0DA,OAD1D;AAAA,cACmEQ,QADnE,UACmEA,QADnE;AAED,iBAAOvB,GAAG,CAACM,MAAJ,CAAW,GAAX,EAAgBC,IAAhB,CAAqB;AACxB,sBAAU,GADc;AAExB,oBAAQ,CAEL;AACK,uBAASS,uBAAOC,MAAP,CAAc;AAACR,gBAAAA,EAAE,EAAFA,EAAD;AAAIG,gBAAAA,KAAK,EAALA,KAAJ;AAAUG,gBAAAA,OAAO,EAAPA;AAAV,eAAd,CADd;AAEK,sBAAQ;AACJN,gBAAAA,EAAE,EAAEA,EADA;AAEJC,gBAAAA,SAAS,EAAEA,SAFP;AAGJC,gBAAAA,UAAU,EAAEA,UAHR;AAIJC,gBAAAA,KAAK,EAAEA,KAJH;AAKJM,gBAAAA,WAAW,EAAEL,KALT;AAMJM,gBAAAA,WAAW,EAAEL,WAAW,IAAI,EANxB;AAOJM,gBAAAA,OAAO,EAAEL,OAAO,IAAI,KAPhB;AAQJQ,gBAAAA,QAAQ,EAAEA;AARN;AAFb,aAFK;AAFgB,WAArB,CAAP;AAmBH;AACD,OAnCD;AAoCF;;;gCACWxB,G,EAAKC,G,EAAK;AAClBC,2BAAQuB,QAAR,CAAiBzB,GAAG,CAACI,IAArB,EACCC,IADD,CACM,UAAAC,OAAO,EAAI;AACb,YAAIoB,cAAc,GAAG,EAArB;AACApB,QAAAA,OAAO,CAACqB,OAAR,CAAgB,UAAAC,CAAC,EAAI;AAAA,cACZlB,EADY,GACoCkB,CADpC,CACZlB,EADY;AAAA,cACTC,SADS,GACoCiB,CADpC,CACTjB,SADS;AAAA,cACCE,KADD,GACoCe,CADpC,CACCf,KADD;AAAA,cACOC,KADP,GACoCc,CADpC,CACOd,KADP;AAAA,cACaC,WADb,GACoCa,CADpC,CACab,WADb;AAAA,cACyBM,OADzB,GACoCO,CADpC,CACyBP,OADzB;AAEjBK,UAAAA,cAAc,CAACG,IAAf,CAAoB;AAACnB,YAAAA,EAAE,EAAFA,EAAD;AAAIC,YAAAA,SAAS,EAATA,SAAJ;AAAcE,YAAAA,KAAK,EAALA,KAAd;AAAoBC,YAAAA,KAAK,EAALA,KAApB;AAA0BC,YAAAA,WAAW,EAAXA,WAA1B;AAAsCM,YAAAA,OAAO,EAAPA;AAAtC,WAApB;AACH,SAHD;AAIA,eAAOpB,GAAG,CAACM,MAAJ,CAAW,GAAX,EAAgBC,IAAhB,CAAqB;AACxB,oBAAU,GADc;AAExB,kBAAQkB;AAFgB,SAArB,CAAP;AAIH,OAXD;AAaH;;;+BACU1B,G,EAAKC,G,EAAK;AACjB,UAAG6B,QAAQ,CAAC9B,GAAG,CAAC+B,MAAJ,CAAWrB,EAAZ,CAAR,CAAwBsB,QAAxB,MAAsC,KAAzC,EAAgD;AAC5C,eAAO/B,GAAG,CAACM,MAAJ,CAAW,GAAX,EAAgBC,IAAhB,CAAqB;AACxB,oBAAU,GADc;AAExB,qBAAW;AAFa,SAArB,CAAP;AAIH;;AACFN,2BAAQ+B,OAAR,CAAgBH,QAAQ,CAAC9B,GAAG,CAAC+B,MAAJ,CAAWrB,EAAZ,CAAR,CAAwBsB,QAAxB,EAAhB,EACC3B,IADD,CACM,UAAAC,OAAO,EAAI;AACb,YAAGA,OAAO,IAAI,IAAd,EAAoB;AACnB,iBAAOL,GAAG,CAACM,MAAJ,CAAW,GAAX,EAAgBC,IAAhB,CAAqB;AACxB,sBAAU,GADc;AAExB,qBAAQ;AAFgB,WAArB,CAAP;AAIA,SALD,MAKO;AAAA,0BACiEF,OAAO,CAAC,CAAD,CADxE;AAAA,cACCI,EADD,aACCA,EADD;AAAA,cACIC,SADJ,aACIA,SADJ;AAAA,cACgBC,UADhB,aACgBA,UADhB;AAAA,cAC4BC,KAD5B,aAC4BA,KAD5B;AAAA,cACmCC,KADnC,aACmCA,KADnC;AAAA,cACyCC,WADzC,aACyCA,WADzC;AAAA,cACqDC,OADrD,aACqDA,OADrD;AAEN,iBAAOf,GAAG,CAACM,MAAJ,CAAW,GAAX,EAAgBC,IAAhB,CAAqB;AACxB,sBAAU,GADc;AAExB,oBAAQ;AACJE,cAAAA,EAAE,EAAEA,EADA;AAEJC,cAAAA,SAAS,EAAEA,SAFP;AAGJC,cAAAA,UAAU,EAAEA,UAHR;AAIJC,cAAAA,KAAK,EAAEA,KAJH;AAKJM,cAAAA,WAAW,EAAEL,KALT;AAMJM,cAAAA,WAAW,EAAEL,WAAW,IAAI,EANxB;AAOJM,cAAAA,OAAO,EAAEL,OAAO,IAAI;AAPhB;AAFgB,WAArB,CAAP;AAYA;AACJ,OAtBD;AAuBF;;;;;eAGU,IAAIjB,cAAJ,E","sourceRoot":"C:\\Users\\PAUL\\Videos\\project\\politico\\server\\controllers","sourcesContent":["\r\nimport account from '../models/userAuth';\r\nimport tokens from '../helpers/userTokens'\r\n\r\n/*\r\n\r\n*/\r\nclass userController {\r\n    \r\n    userSignUp(req, res) {\r\n        account.createUser(req.body)\r\n        .then(results => {\r\n        if (results == \"true\") {\r\n            return res.status(403).json({\r\n                \"status\": 403,\r\n                \"error\":\"email you provide the your information\"\r\n            });\r\n        }\r\n        else if (results == \"email\") {\r\n            return res.status(409).json({\r\n                \"status\": 409,\r\n                \"error\":\"email you provide is already in use \"\r\n            });\r\n        }\r\n        else { \r\n            let newUSerInfo = results   \r\n\r\n            const {id,firstname , secondname, email, phone,userprofile,isadmin} =  newUSerInfo[0]\r\n            return res.status(201).json({\r\n                \"status\": 201,\r\n                \"data\": [\r\n                    \r\n                   {\r\n                        \"token\": tokens.encode({isadmin, firstname,id,email}),\r\n                        \"user\": {\r\n                            id: id,\r\n                            firstname: firstname,\r\n                            secondname: secondname,\r\n                            email: email,\r\n                            phoneNumber: phone,\r\n                            passportUrl: userprofile || \"\",\r\n                            isAdmin: false\r\n                        }\r\n                    }\r\n                ]\r\n               });\r\n        }\r\n    \r\n    }\r\n        )\r\n        \r\n        \r\n    \r\n    }\r\n\r\n    userSignIn(req, res) {\r\n       account.logiUser(req.body)\r\n       .then(resi => {\r\n        if(resi == \"no\") {\r\n            return res.status(403).json({\r\n                \"status\": 403,\r\n                \"error\":\"you are not registered in the system \"\r\n            });\r\n        } else if (resi == \"dont match\") {\r\n            return res.status(403).json({\r\n                \"status\": 403,\r\n                \"error\":\"your password does not match your email\"\r\n            }); \r\n        }\r\n        else {\r\n            const {id,firstname , secondname, email, phone,userprofile,isadmin, password} =  resi[0]\r\n            return res.status(200).json({\r\n                \"status\": 200,\r\n                \"data\": [\r\n                    \r\n                   {\r\n                        \"token\": tokens.encode({id,email,isadmin}),\r\n                        \"user\": {\r\n                            id: id,\r\n                            firstname: firstname,\r\n                            secondname: secondname,\r\n                            email: email,\r\n                            phoneNumber: phone,\r\n                            passportUrl: userprofile || \"\",\r\n                            isAdmin: isadmin || false,\r\n                            password: password\r\n                        }\r\n                    }\r\n                ]\r\n               });\r\n        }\r\n       })\r\n    }\r\n    getAllUsers(req, res) {\r\n        account.allUsers(req.body)\r\n        .then(results => {\r\n            let displayResults = []\r\n            results.forEach(n => {\r\n                let {id,firstname,email,phone,userprofile,isAdmin} = n\r\n                displayResults.push({id,firstname,email,phone,userprofile,isAdmin} )\r\n            })\r\n            return res.status(200).json({\r\n                \"status\": 200,\r\n                \"data\": displayResults\r\n               });\r\n        })\r\n    \r\n    }\r\n    getOneUser(req, res) {\r\n        if(parseInt(req.params.id).toString() == \"NaN\") {\r\n            return res.status(400).json({\r\n                \"status\": 400,\r\n                \"message\": \"the id you specified is not valid \"\r\n            }); \r\n        }\r\n       account.oneUser(parseInt(req.params.id).toString())\r\n       .then(results => {\r\n           if(results == 'no') {\r\n            return res.status(403).json({\r\n                \"status\": 403,\r\n                \"error\":\"the user you are reffering does not exist\"\r\n            }); \r\n           } else {\r\n            const {id,firstname , secondname, email, phone,userprofile,isadmin} =  results[0]\r\n            return res.status(200).json({\r\n                \"status\": 200,\r\n                \"data\": {\r\n                    id: id,\r\n                    firstname: firstname,\r\n                    secondname: secondname,\r\n                    email: email,\r\n                    phoneNumber: phone,\r\n                    passportUrl: userprofile || \"\",\r\n                    isAdmin: isadmin || false\r\n                }\r\n            }); \r\n           }\r\n       })\r\n    }\r\n}\r\n\r\nexport default new userController()\r\n"]},"_coverageSchema":"1a1c01bbd47fc00a2c39e90264f33305004495a9","hash":"a3e4fa52380793fb9d4868d58f14d28307f6157e","contentHash":"38e3a232e6e535040ca2f9cfb95848a91672dfcf1f2f2a3c0fe8c7b50781a797"},"C:\\Users\\PAUL\\Videos\\project\\politico\\server\\models\\userAuth.js":{"path":"C:\\Users\\PAUL\\Videos\\project\\politico\\server\\models\\userAuth.js","statementMap":{"0":{"start":{"line":3,"column":29},"end":{"line":3,"column":84}},"1":{"start":{"line":5,"column":0},"end":{"line":7,"column":3}},"2":{"start":{"line":8,"column":0},"end":{"line":8,"column":28}},"3":{"start":{"line":10,"column":19},"end":{"line":10,"column":80}},"4":{"start":{"line":12,"column":25},"end":{"line":12,"column":99}},"5":{"start":{"line":14,"column":23},"end":{"line":14,"column":95}},"6":{"start":{"line":16,"column":20},"end":{"line":16,"column":89}},"7":{"start":{"line":18,"column":10},"end":{"line":18,"column":23}},"8":{"start":{"line":20,"column":0},"end":{"line":20,"column":25}},"9":{"start":{"line":22,"column":13},"end":{"line":28,"column":2}},"10":{"start":{"line":29,"column":0},"end":{"line":29,"column":17}},"11":{"start":{"line":31,"column":24},"end":{"line":243,"column":3}},"12":{"start":{"line":33,"column":4},"end":{"line":33,"column":49}},"13":{"start":{"line":36,"column":2},"end":{"line":241,"column":6}},"14":{"start":{"line":39,"column":24},"end":{"line":95,"column":9}},"15":{"start":{"line":41,"column":8},"end":{"line":94,"column":20}},"16":{"start":{"line":42,"column":10},"end":{"line":93,"column":11}},"17":{"start":{"line":43,"column":12},"end":{"line":92,"column":13}},"18":{"start":{"line":45,"column":16},"end":{"line":45,"column":34}},"19":{"start":{"line":46,"column":16},"end":{"line":46,"column":59}},"20":{"start":{"line":49,"column":16},"end":{"line":49,"column":41}},"21":{"start":{"line":50,"column":16},"end":{"line":50,"column":38}},"22":{"start":{"line":51,"column":16},"end":{"line":53,"column":19}},"23":{"start":{"line":52,"column":18},"end":{"line":52,"column":50}},"24":{"start":{"line":55,"column":16},"end":{"line":58,"column":17}},"25":{"start":{"line":56,"column":18},"end":{"line":56,"column":36}},"26":{"start":{"line":57,"column":18},"end":{"line":57,"column":24}},"27":{"start":{"line":60,"column":16},"end":{"line":60,"column":57}},"28":{"start":{"line":63,"column":16},"end":{"line":66,"column":17}},"29":{"start":{"line":64,"column":18},"end":{"line":64,"column":37}},"30":{"start":{"line":65,"column":18},"end":{"line":65,"column":24}},"31":{"start":{"line":68,"column":16},"end":{"line":68,"column":58}},"32":{"start":{"line":71,"column":16},"end":{"line":71,"column":48}},"33":{"start":{"line":72,"column":16},"end":{"line":72,"column":244}},"34":{"start":{"line":73,"column":16},"end":{"line":73,"column":223}},"35":{"start":{"line":74,"column":16},"end":{"line":74,"column":35}},"36":{"start":{"line":75,"column":16},"end":{"line":79,"column":19}},"37":{"start":{"line":76,"column":18},"end":{"line":78,"column":19}},"38":{"start":{"line":77,"column":20},"end":{"line":77,"column":37}},"39":{"start":{"line":82,"column":16},"end":{"line":82,"column":35}},"40":{"start":{"line":83,"column":16},"end":{"line":83,"column":91}},"41":{"start":{"line":86,"column":16},"end":{"line":86,"column":39}},"42":{"start":{"line":87,"column":16},"end":{"line":87,"column":62}},"43":{"start":{"line":91,"column":16},"end":{"line":91,"column":39}},"44":{"start":{"line":98,"column":8},"end":{"line":98,"column":50}},"45":{"start":{"line":101,"column":6},"end":{"line":101,"column":24}},"46":{"start":{"line":106,"column":22},"end":{"line":156,"column":9}},"47":{"start":{"line":108,"column":8},"end":{"line":155,"column":21}},"48":{"start":{"line":109,"column":10},"end":{"line":154,"column":11}},"49":{"start":{"line":110,"column":12},"end":{"line":153,"column":13}},"50":{"start":{"line":112,"column":16},"end":{"line":112,"column":35}},"51":{"start":{"line":113,"column":16},"end":{"line":113,"column":59}},"52":{"start":{"line":116,"column":16},"end":{"line":116,"column":41}},"53":{"start":{"line":117,"column":16},"end":{"line":117,"column":37}},"54":{"start":{"line":118,"column":16},"end":{"line":120,"column":19}},"55":{"start":{"line":119,"column":18},"end":{"line":119,"column":51}},"56":{"start":{"line":122,"column":16},"end":{"line":125,"column":17}},"57":{"start":{"line":123,"column":18},"end":{"line":123,"column":38}},"58":{"start":{"line":124,"column":18},"end":{"line":124,"column":24}},"59":{"start":{"line":127,"column":16},"end":{"line":127,"column":35}},"60":{"start":{"line":128,"column":16},"end":{"line":128,"column":92}},"61":{"start":{"line":131,"column":16},"end":{"line":131,"column":42}},"62":{"start":{"line":133,"column":16},"end":{"line":136,"column":17}},"63":{"start":{"line":134,"column":18},"end":{"line":134,"column":38}},"64":{"start":{"line":135,"column":18},"end":{"line":135,"column":24}},"65":{"start":{"line":138,"column":16},"end":{"line":138,"column":65}},"66":{"start":{"line":141,"column":16},"end":{"line":141,"column":64}},"67":{"start":{"line":144,"column":16},"end":{"line":144,"column":36}},"68":{"start":{"line":145,"column":16},"end":{"line":145,"column":22}},"69":{"start":{"line":148,"column":16},"end":{"line":148,"column":56}},"70":{"start":{"line":152,"column":16},"end":{"line":152,"column":40}},"71":{"start":{"line":159,"column":8},"end":{"line":159,"column":48}},"72":{"start":{"line":162,"column":6},"end":{"line":162,"column":22}},"73":{"start":{"line":167,"column":22},"end":{"line":186,"column":9}},"74":{"start":{"line":169,"column":8},"end":{"line":185,"column":21}},"75":{"start":{"line":170,"column":10},"end":{"line":184,"column":11}},"76":{"start":{"line":171,"column":12},"end":{"line":183,"column":13}},"77":{"start":{"line":173,"column":16},"end":{"line":173,"column":35}},"78":{"start":{"line":174,"column":16},"end":{"line":174,"column":59}},"79":{"start":{"line":177,"column":16},"end":{"line":177,"column":42}},"80":{"start":{"line":178,"column":16},"end":{"line":178,"column":65}},"81":{"start":{"line":182,"column":16},"end":{"line":182,"column":40}},"82":{"start":{"line":189,"column":8},"end":{"line":189,"column":48}},"83":{"start":{"line":192,"column":6},"end":{"line":192,"column":22}},"84":{"start":{"line":197,"column":21},"end":{"line":233,"column":9}},"85":{"start":{"line":199,"column":8},"end":{"line":232,"column":21}},"86":{"start":{"line":200,"column":10},"end":{"line":231,"column":11}},"87":{"start":{"line":201,"column":12},"end":{"line":230,"column":13}},"88":{"start":{"line":203,"column":16},"end":{"line":203,"column":35}},"89":{"start":{"line":204,"column":16},"end":{"line":204,"column":59}},"90":{"start":{"line":207,"column":16},"end":{"line":207,"column":42}},"91":{"start":{"line":208,"column":16},"end":{"line":210,"column":19}},"92":{"start":{"line":209,"column":18},"end":{"line":209,"column":40}},"93":{"start":{"line":212,"column":16},"end":{"line":215,"column":17}},"94":{"start":{"line":213,"column":18},"end":{"line":213,"column":38}},"95":{"start":{"line":214,"column":18},"end":{"line":214,"column":24}},"96":{"start":{"line":217,"column":16},"end":{"line":217,"column":35}},"97":{"start":{"line":218,"column":16},"end":{"line":218,"column":81}},"98":{"start":{"line":221,"column":16},"end":{"line":221,"column":45}},"99":{"start":{"line":222,"column":16},"end":{"line":222,"column":68}},"100":{"start":{"line":225,"column":16},"end":{"line":225,"column":56}},"101":{"start":{"line":229,"column":16},"end":{"line":229,"column":40}},"102":{"start":{"line":236,"column":8},"end":{"line":236,"column":47}},"103":{"start":{"line":239,"column":6},"end":{"line":239,"column":21}},"104":{"start":{"line":242,"column":2},"end":{"line":242,"column":14}},"105":{"start":{"line":245,"column":15},"end":{"line":245,"column":25}},"106":{"start":{"line":247,"column":0},"end":{"line":247,"column":30}}},"fnMap":{"0":{"name":"(anonymous_0)","decl":{"start":{"line":31,"column":24},"end":{"line":31,"column":25}},"loc":{"start":{"line":31,"column":36},"end":{"line":243,"column":1}},"line":31},"1":{"name":"User","decl":{"start":{"line":32,"column":11},"end":{"line":32,"column":15}},"loc":{"start":{"line":32,"column":18},"end":{"line":34,"column":3}},"line":32},"2":{"name":"(anonymous_2)","decl":{"start":{"line":38,"column":11},"end":{"line":38,"column":12}},"loc":{"start":{"line":38,"column":23},"end":{"line":102,"column":5}},"line":38},"3":{"name":"_callee","decl":{"start":{"line":39,"column":111},"end":{"line":39,"column":118}},"loc":{"start":{"line":39,"column":128},"end":{"line":95,"column":7}},"line":39},"4":{"name":"_callee$","decl":{"start":{"line":41,"column":53},"end":{"line":41,"column":61}},"loc":{"start":{"line":41,"column":72},"end":{"line":94,"column":9}},"line":41},"5":{"name":"(anonymous_5)","decl":{"start":{"line":51,"column":39},"end":{"line":51,"column":40}},"loc":{"start":{"line":51,"column":52},"end":{"line":53,"column":17}},"line":51},"6":{"name":"(anonymous_6)","decl":{"start":{"line":75,"column":54},"end":{"line":75,"column":55}},"loc":{"start":{"line":75,"column":69},"end":{"line":79,"column":17}},"line":75},"7":{"name":"createUser","decl":{"start":{"line":97,"column":15},"end":{"line":97,"column":25}},"loc":{"start":{"line":97,"column":30},"end":{"line":99,"column":7}},"line":97},"8":{"name":"(anonymous_8)","decl":{"start":{"line":105,"column":11},"end":{"line":105,"column":12}},"loc":{"start":{"line":105,"column":23},"end":{"line":163,"column":5}},"line":105},"9":{"name":"_callee2","decl":{"start":{"line":106,"column":109},"end":{"line":106,"column":117}},"loc":{"start":{"line":106,"column":128},"end":{"line":156,"column":7}},"line":106},"10":{"name":"_callee2$","decl":{"start":{"line":108,"column":53},"end":{"line":108,"column":62}},"loc":{"start":{"line":108,"column":74},"end":{"line":155,"column":9}},"line":108},"11":{"name":"(anonymous_11)","decl":{"start":{"line":118,"column":39},"end":{"line":118,"column":40}},"loc":{"start":{"line":118,"column":52},"end":{"line":120,"column":17}},"line":118},"12":{"name":"logiUser","decl":{"start":{"line":158,"column":15},"end":{"line":158,"column":23}},"loc":{"start":{"line":158,"column":29},"end":{"line":160,"column":7}},"line":158},"13":{"name":"(anonymous_13)","decl":{"start":{"line":166,"column":11},"end":{"line":166,"column":12}},"loc":{"start":{"line":166,"column":23},"end":{"line":193,"column":5}},"line":166},"14":{"name":"_callee3","decl":{"start":{"line":167,"column":109},"end":{"line":167,"column":117}},"loc":{"start":{"line":167,"column":120},"end":{"line":186,"column":7}},"line":167},"15":{"name":"_callee3$","decl":{"start":{"line":169,"column":53},"end":{"line":169,"column":62}},"loc":{"start":{"line":169,"column":74},"end":{"line":185,"column":9}},"line":169},"16":{"name":"allUsers","decl":{"start":{"line":188,"column":15},"end":{"line":188,"column":23}},"loc":{"start":{"line":188,"column":26},"end":{"line":190,"column":7}},"line":188},"17":{"name":"(anonymous_17)","decl":{"start":{"line":196,"column":11},"end":{"line":196,"column":12}},"loc":{"start":{"line":196,"column":23},"end":{"line":240,"column":5}},"line":196},"18":{"name":"_callee4","decl":{"start":{"line":197,"column":108},"end":{"line":197,"column":116}},"loc":{"start":{"line":197,"column":125},"end":{"line":233,"column":7}},"line":197},"19":{"name":"_callee4$","decl":{"start":{"line":199,"column":53},"end":{"line":199,"column":62}},"loc":{"start":{"line":199,"column":74},"end":{"line":232,"column":9}},"line":199},"20":{"name":"(anonymous_20)","decl":{"start":{"line":208,"column":45},"end":{"line":208,"column":46}},"loc":{"start":{"line":208,"column":58},"end":{"line":210,"column":17}},"line":208},"21":{"name":"oneUser","decl":{"start":{"line":235,"column":15},"end":{"line":235,"column":22}},"loc":{"start":{"line":235,"column":28},"end":{"line":237,"column":7}},"line":235}},"branchMap":{"0":{"loc":{"start":{"line":43,"column":12},"end":{"line":92,"column":13}},"type":"switch","locations":[{"start":{"line":44,"column":14},"end":{"line":46,"column":59}},{"start":{"line":48,"column":14},"end":{"line":60,"column":57}},{"start":{"line":62,"column":14},"end":{"line":68,"column":58}},{"start":{"line":70,"column":14},"end":{"line":79,"column":19}},{"start":{"line":81,"column":14},"end":{"line":83,"column":91}},{"start":{"line":85,"column":14},"end":{"line":87,"column":62}},{"start":{"line":89,"column":14},"end":{"line":89,"column":22}},{"start":{"line":90,"column":14},"end":{"line":91,"column":39}}],"line":43},"1":{"loc":{"start":{"line":55,"column":16},"end":{"line":58,"column":17}},"type":"if","locations":[{"start":{"line":55,"column":16},"end":{"line":58,"column":17}},{"start":{"line":55,"column":16},"end":{"line":58,"column":17}}],"line":55},"2":{"loc":{"start":{"line":63,"column":16},"end":{"line":66,"column":17}},"type":"if","locations":[{"start":{"line":63,"column":16},"end":{"line":66,"column":17}},{"start":{"line":63,"column":16},"end":{"line":66,"column":17}}],"line":63},"3":{"loc":{"start":{"line":76,"column":18},"end":{"line":78,"column":19}},"type":"if","locations":[{"start":{"line":76,"column":18},"end":{"line":78,"column":19}},{"start":{"line":76,"column":18},"end":{"line":78,"column":19}}],"line":76},"4":{"loc":{"start":{"line":110,"column":12},"end":{"line":153,"column":13}},"type":"switch","locations":[{"start":{"line":111,"column":14},"end":{"line":113,"column":59}},{"start":{"line":115,"column":14},"end":{"line":128,"column":92}},{"start":{"line":130,"column":14},"end":{"line":138,"column":65}},{"start":{"line":140,"column":14},"end":{"line":141,"column":64}},{"start":{"line":143,"column":14},"end":{"line":145,"column":22}},{"start":{"line":147,"column":14},"end":{"line":148,"column":56}},{"start":{"line":150,"column":14},"end":{"line":150,"column":22}},{"start":{"line":151,"column":14},"end":{"line":152,"column":40}}],"line":110},"5":{"loc":{"start":{"line":122,"column":16},"end":{"line":125,"column":17}},"type":"if","locations":[{"start":{"line":122,"column":16},"end":{"line":125,"column":17}},{"start":{"line":122,"column":16},"end":{"line":125,"column":17}}],"line":122},"6":{"loc":{"start":{"line":133,"column":16},"end":{"line":136,"column":17}},"type":"if","locations":[{"start":{"line":133,"column":16},"end":{"line":136,"column":17}},{"start":{"line":133,"column":16},"end":{"line":136,"column":17}}],"line":133},"7":{"loc":{"start":{"line":171,"column":12},"end":{"line":183,"column":13}},"type":"switch","locations":[{"start":{"line":172,"column":14},"end":{"line":174,"column":59}},{"start":{"line":176,"column":14},"end":{"line":178,"column":65}},{"start":{"line":180,"column":14},"end":{"line":180,"column":21}},{"start":{"line":181,"column":14},"end":{"line":182,"column":40}}],"line":171},"8":{"loc":{"start":{"line":201,"column":12},"end":{"line":230,"column":13}},"type":"switch","locations":[{"start":{"line":202,"column":14},"end":{"line":204,"column":59}},{"start":{"line":206,"column":14},"end":{"line":218,"column":81}},{"start":{"line":220,"column":14},"end":{"line":222,"column":68}},{"start":{"line":224,"column":14},"end":{"line":225,"column":56}},{"start":{"line":227,"column":14},"end":{"line":227,"column":22}},{"start":{"line":228,"column":14},"end":{"line":229,"column":40}}],"line":201},"9":{"loc":{"start":{"line":212,"column":16},"end":{"line":215,"column":17}},"type":"if","locations":[{"start":{"line":212,"column":16},"end":{"line":215,"column":17}},{"start":{"line":212,"column":16},"end":{"line":215,"column":17}}],"line":212}},"s":{"0":1,"1":1,"2":1,"3":1,"4":1,"5":1,"6":1,"7":1,"8":1,"9":1,"10":1,"11":1,"12":1,"13":1,"14":1,"15":0,"16":0,"17":0,"18":0,"19":0,"20":0,"21":0,"22":0,"23":0,"24":0,"25":0,"26":0,"27":0,"28":0,"29":0,"30":0,"31":0,"32":0,"33":0,"34":0,"35":0,"36":0,"37":0,"38":0,"39":0,"40":0,"41":0,"42":0,"43":0,"44":0,"45":1,"46":1,"47":2,"48":2,"49":2,"50":2,"51":2,"52":0,"53":0,"54":0,"55":0,"56":0,"57":0,"58":0,"59":0,"60":0,"61":0,"62":0,"63":0,"64":0,"65":0,"66":0,"67":0,"68":0,"69":0,"70":0,"71":2,"72":1,"73":1,"74":0,"75":0,"76":0,"77":0,"78":0,"79":0,"80":0,"81":0,"82":0,"83":1,"84":1,"85":0,"86":0,"87":0,"88":0,"89":0,"90":0,"91":0,"92":0,"93":0,"94":0,"95":0,"96":0,"97":0,"98":0,"99":0,"100":0,"101":0,"102":0,"103":1,"104":1,"105":1,"106":1},"f":{"0":1,"1":1,"2":1,"3":0,"4":0,"5":0,"6":0,"7":0,"8":1,"9":2,"10":2,"11":0,"12":2,"13":1,"14":0,"15":0,"16":0,"17":1,"18":0,"19":0,"20":0,"21":0},"b":{"0":[0,0,0,0,0,0,0,0],"1":[0,0],"2":[0,0],"3":[0,0],"4":[2,0,0,0,0,0,0,0],"5":[0,0],"6":[0,0],"7":[0,0,0,0],"8":[0,0,0,0,0,0],"9":[0,0]},"inputSourceMap":{"version":3,"sources":["userAuth.js"],"names":["client","Client","user","password","host","port","database","connect","User","newUser","query","allUsers","users","rows","userExist","some","n","email","Object","keys","length","values","results","inserts","firstname","secondname","phone","nationalid","userprofile","address","userId","usertype","isadmin","err","console","log","rezult","userInfo","Alluser","fullInfo","idExist","id","userDetails"],"mappings":";;;;;;;;;;;;;;;;;AACA;;AACA;;AAEA,IAAIA,MAAM,GAAG,IAAIC,UAAJ,CAAW;AACpBC,EAAAA,IAAI,EAAE,UADc;AAEpBC,EAAAA,QAAQ,EAAE,MAFU;AAGpBC,EAAAA,IAAI,EAAE,WAHc;AAIpBC,EAAAA,IAAI,EAAE,IAJc;AAKpBC,EAAAA,QAAQ,EAAE;AALU,CAAX,CAAb;AAQAN,MAAM,CAACO,OAAP,G,CACA;;IACMC,I;;;;;;;;uHACeC,O;;;;;;;uBACUT,MAAM,CAACU,KAAP,CAAa,qBAAb,C;;;AAAjBC,gBAAAA,Q;AACFC,gBAAAA,K,GAAQD,QAAQ,CAACE,I;AACfC,gBAAAA,S,GAAYF,KAAK,CAACG,IAAN,CAAW,UAAAC,CAAC;AAAA,yBAAIA,CAAC,CAACC,KAAF,IAAWR,OAAO,CAACQ,KAAvB;AAAA,iBAAZ,C;;sBACdC,MAAM,CAACC,IAAP,CAAYV,OAAZ,EAAqBW,MAArB,IAA+B,C;;;;;iDACxB,M;;;qBACAN,S;;;;;iDACA,O;;;AAGHO,gBAAAA,M,GAASH,MAAM,CAACG,MAAP,CAAcZ,OAAd,C;AAETa,gBAAAA,O;AAMCC,gBAAAA,O,GAAU,CAACd,OAAO,CAACe,SAAT,EAAmBf,OAAO,CAACgB,UAA3B,EAAuChB,OAAO,CAACQ,KAA/C,EAAqDR,OAAO,CAACiB,KAA7D,EAAmEjB,OAAO,CAACkB,UAA3E,EAAsFlB,OAAO,CAACN,QAA9F,EAAuGM,OAAO,CAACmB,WAA/G,EAA2HnB,OAAO,CAACoB,OAAnI,EAA2IpB,OAAO,CAACqB,MAAnJ,EAA0JrB,OAAO,CAACsB,QAAlK,EAA4KtB,OAAO,CAACuB,OAApL,C;;uBAERhC,MAAM,CAACU,KAAP,CAAaY,OAAb,EAAsBC,OAAtB,EAA+B,UAACU,GAAD,EAAS;AAC1C,sBAAGA,GAAH,EAAQ;AACJC,oBAAAA,OAAO,CAACC,GAAR,CAAYF,GAAZ;AACH;AACJ,iBAJK,C;;;;uBAMajC,MAAM,CAACU,KAAP,CAAa,oCAAb,EAAmD,CAACD,OAAO,CAACQ,KAAT,CAAnD,C;;;AAAfmB,gBAAAA,M;iDAEGA,MAAM,CAACvB,I;;;;;;;;;;;;;;;;;;;sHAIRwB,Q;;;;;;;uBACWrC,MAAM,CAACU,KAAP,CAAa,qBAAb,C;;;AAAhB4B,gBAAAA,O;AACA1B,gBAAAA,K,GAAQ0B,OAAO,CAACzB,I;AAClBC,gBAAAA,S,GAAYF,KAAK,CAACG,IAAN,CAAW,UAAAC,CAAC;AAAA,yBAAIA,CAAC,CAACC,KAAF,IAAWoB,QAAQ,CAACpB,KAAxB;AAAA,iBAAZ,C;;qBACZH,S;;;;;;uBACqBd,MAAM,CAACU,KAAP,CAAa,oCAAb,EAAmD,CAAC2B,QAAQ,CAACpB,KAAV,CAAnD,C;;;AAAjBsB,gBAAAA,Q;;sBACFA,QAAQ,CAAC1B,IAAT,CAAc,CAAd,EAAiBV,QAAjB,IAA6BkC,QAAQ,CAAClC,Q;;;;;kDAC7BoC,QAAQ,CAAC1B,I;;;kDAGV,Y;;;;;;;kDAIH,I;;;;;;;;;;;;;;;;;;;;;;;;;;uBAKYb,MAAM,CAACU,KAAP,CAAa,qBAAb,C;;;AAAjBC,gBAAAA,Q;kDACCA,QAAQ,CAACE,I;;;;;;;;;;;;;;;;;;;qHAGNiB,M;;;;;;;uBACa9B,MAAM,CAACU,KAAP,CAAa,qBAAb,C;;;AAAjBC,gBAAAA,Q;AACF6B,gBAAAA,O,GAAU7B,QAAQ,CAACE,IAAT,CAAcE,IAAd,CAAmB,UAAAC,CAAC;AAAA,yBAAIA,CAAC,CAACyB,EAAF,IAAQX,MAAZ;AAAA,iBAApB,C;;qBACXU,O;;;;;;uBAC2BxC,MAAM,CAACU,KAAP,CAAa,iCAAb,EAAgD,CAACoB,MAAD,CAAhD,C;;;AAApBY,gBAAAA,W;kDACCA,WAAW,CAAC7B,I;;;kDAEZ,I;;;;;;;;;;;;;;;;;;;;eAMJ,IAAIL,IAAJ,E","sourceRoot":"C:\\Users\\PAUL\\Videos\\project\\politico\\server\\models","sourcesContent":["\r\nimport { Client, Pool } from 'pg';\r\nimport 'dotenv/config'\r\n\r\nlet client = new Client({\r\n    user: \"postgres\",\r\n    password: \"paul\",\r\n    host: \"localhost\",\r\n    port: 5432,\r\n    database: \"politico\"\r\n})\r\n\r\nclient.connect()\r\n// \r\nclass User {\r\n    async createUser(newUser){\r\n        const allUsers = await client.query('select * from users');\r\n        let users = allUsers.rows\r\n        const userExist = users.some(n => n.email == newUser.email)\r\n        if( Object.keys(newUser).length <= 1) {\r\n            return \"true\"\r\n        } else if (userExist) {\r\n            return \"email\"\r\n        }\r\n        else {\r\n            let values = Object.values(newUser)     \r\n            \r\n            let results = \r\n            `INSERT INTO users\r\n             (firstname,secondname,email,phone,nationalId,password,userprofile,address,userId,usertype,isadmin) VALUES\r\n             ($1,$2,$3,$4,$5,$6,$7,$8,$9,$10,$11) RETURNING * \r\n            `\r\n\r\n             let inserts = [newUser.firstname,newUser.secondname ,newUser.email,newUser.phone,newUser.nationalid,newUser.password,newUser.userprofile,newUser.address,newUser.userId,newUser.usertype, newUser.isadmin]\r\n             \r\n             await client.query(results, inserts, (err) => {\r\n                 if(err) {\r\n                     console.log(err)\r\n                 }\r\n             })\r\n\r\n             let rezult = await client.query('select * from users where email=$1', [newUser.email])\r\n            \r\n             return rezult.rows\r\n        }\r\n     }\r\n\r\n    async logiUser(userInfo) {\r\n        const Alluser = await client.query('select * from users');\r\n        const users = Alluser.rows\r\n        let userExist = users.some(n => n.email == userInfo.email)\r\n        if (userExist) {\r\n            let fullInfo = await client.query('select * from users where email=$1', [userInfo.email]);\r\n           if(fullInfo.rows[0].password == userInfo.password) {\r\n                return fullInfo.rows\r\n           } else {\r\n            \r\n               return \"dont match\"\r\n           }           \r\n            \r\n        } else {\r\n            return \"no\"\r\n        }\r\n    }\r\n\r\n   async allUsers() {\r\n        const allUsers = await client.query('select * from users');\r\n        return allUsers.rows\r\n    }\r\n\r\n    async oneUser(userId) {\r\n        const allUsers = await client.query('select * from users');\r\n        let idExist = allUsers.rows.some(n => n.id == userId)\r\n        if(idExist) {\r\n            const userDetails = await client.query('select * from users where id=$1', [userId])\r\n            return userDetails.rows\r\n        } else {\r\n            return 'no'\r\n        }\r\n    }\r\n}\r\n\r\n\r\nexport default new User();\r\n\r\n"]},"_coverageSchema":"1a1c01bbd47fc00a2c39e90264f33305004495a9","hash":"041fb2af71796b4adf7cdf7b647f188929860cf1","contentHash":"f43fd6bec495e38e02980be6beb1da1083426c43a5d7f62a0df0cc6be5fc1ce4"},"C:\\Users\\PAUL\\Videos\\project\\politico\\server\\helpers\\userTokens.js":{"path":"C:\\Users\\PAUL\\Videos\\project\\politico\\server\\helpers\\userTokens.js","statementMap":{"0":{"start":{"line":3,"column":0},"end":{"line":5,"column":3}},"1":{"start":{"line":6,"column":0},"end":{"line":6,"column":28}},"2":{"start":{"line":8,"column":20},"end":{"line":8,"column":43}},"3":{"start":{"line":10,"column":13},"end":{"line":19,"column":1}},"4":{"start":{"line":12,"column":16},"end":{"line":12,"column":61}},"5":{"start":{"line":13,"column":4},"end":{"line":13,"column":17}},"6":{"start":{"line":16,"column":19},"end":{"line":16,"column":64}},"7":{"start":{"line":17,"column":4},"end":{"line":17,"column":20}},"8":{"start":{"line":20,"column":15},"end":{"line":20,"column":21}},"9":{"start":{"line":21,"column":0},"end":{"line":21,"column":30}}},"fnMap":{"0":{"name":"encode","decl":{"start":{"line":11,"column":19},"end":{"line":11,"column":25}},"loc":{"start":{"line":11,"column":35},"end":{"line":14,"column":3}},"line":11},"1":{"name":"decode","decl":{"start":{"line":15,"column":19},"end":{"line":15,"column":25}},"loc":{"start":{"line":15,"column":33},"end":{"line":18,"column":3}},"line":15}},"branchMap":{},"s":{"0":1,"1":1,"2":1,"3":1,"4":0,"5":0,"6":8,"7":0,"8":1,"9":1},"f":{"0":0,"1":8},"b":{},"inputSourceMap":{"version":3,"sources":["userTokens.js"],"names":["tokens","encode","payload","token","decode","response"],"mappings":";;;;;;;AAAA;;AAEA,IAAMA,MAAM,GAAG;AACXC,EAAAA,MADW,kBACJC,OADI,EACK;AACZ,QAAMC,KAAK,GAAG,wBAAKD,OAAL,EAAc,WAAd,CAAd;AACA,WAAOC,KAAP;AACH,GAJU;AAKXC,EAAAA,MALW,kBAKJD,KALI,EAKG;AACV,QAAME,QAAQ,GAAG,0BAAOF,KAAP,EAAc,WAAd,CAAjB;AACA,WAAOE,QAAP;AACH;AARU,CAAf;eAWeL,M","sourceRoot":"C:\\Users\\PAUL\\Videos\\project\\politico\\server\\helpers","sourcesContent":["import { sign, verify } from 'jsonwebtoken';\r\n\r\nconst tokens = {\r\n    encode(payload) {\r\n        const token = sign(payload, 'secretKey')\r\n        return token \r\n    },\r\n    decode(token) {\r\n        const response = verify(token, 'secretKey')\r\n        return response\r\n    }\r\n}\r\n\r\nexport default tokens\r\n"]},"_coverageSchema":"1a1c01bbd47fc00a2c39e90264f33305004495a9","hash":"dd07c36b3fea3efc5a7a7e2343f61f971bae3194","contentHash":"ade9ac62a61c3dc829a529115e35cd2cf75dde6bec26ebe36de3077ad6a84c7a"},"C:\\Users\\PAUL\\Videos\\project\\politico\\server\\middleware\\validation.js":{"path":"C:\\Users\\PAUL\\Videos\\project\\politico\\server\\middleware\\validation.js","statementMap":{"0":{"start":{"line":3,"column":29},"end":{"line":3,"column":84}},"1":{"start":{"line":5,"column":0},"end":{"line":7,"column":3}},"2":{"start":{"line":8,"column":0},"end":{"line":8,"column":28}},"3":{"start":{"line":10,"column":11},"end":{"line":10,"column":49}},"4":{"start":{"line":12,"column":15},"end":{"line":118,"column":1}},"5":{"start":{"line":105,"column":4},"end":{"line":116,"column":6}},"6":{"start":{"line":106,"column":6},"end":{"line":115,"column":9}},"7":{"start":{"line":107,"column":8},"end":{"line":114,"column":9}},"8":{"start":{"line":108,"column":10},"end":{"line":111,"column":13}},"9":{"start":{"line":113,"column":10},"end":{"line":113,"column":17}},"10":{"start":{"line":119,"column":0},"end":{"line":119,"column":30}}},"fnMap":{"0":{"name":"inputsValids","decl":{"start":{"line":104,"column":25},"end":{"line":104,"column":37}},"loc":{"start":{"line":104,"column":46},"end":{"line":117,"column":3}},"line":104},"1":{"name":"(anonymous_1)","decl":{"start":{"line":105,"column":11},"end":{"line":105,"column":12}},"loc":{"start":{"line":105,"column":37},"end":{"line":116,"column":5}},"line":105},"2":{"name":"(anonymous_2)","decl":{"start":{"line":106,"column":49},"end":{"line":106,"column":50}},"loc":{"start":{"line":106,"column":73},"end":{"line":115,"column":7}},"line":106}},"branchMap":{"0":{"loc":{"start":{"line":107,"column":8},"end":{"line":114,"column":9}},"type":"if","locations":[{"start":{"line":107,"column":8},"end":{"line":114,"column":9}},{"start":{"line":107,"column":8},"end":{"line":114,"column":9}}],"line":107}},"s":{"0":1,"1":1,"2":1,"3":1,"4":1,"5":5,"6":1,"7":1,"8":1,"9":0,"10":1},"f":{"0":5,"1":1,"2":1},"b":{"0":[1,0]},"inputSourceMap":{"version":3,"sources":["validation.js"],"names":["schemas","UserSchema","Joi","object","keys","email","string","required","firstname","trim","secondname","address","phone","number","nationalid","othername","passporturl","password","min","usertype","valid","isAdmin","options","abortEarly","UpdateUser","firstName","lastName","phoneNumber","otherName","userName","userType","PartySchema","partyname","hqaddress","logourl","foundeon","date","partinfo","partyaddress","UpdateParty","OfficeSchema","officename","officeinfo","status","applyid","leader","type","updateOffice","candidateSchema","candidate","offices","party","voteSchema","petitionSchema","body","office","inputsValids","schema","req","res","next","validate","err","results","json"],"mappings":";;;;;;;;;AAAA;;eAGe;AAEXA,EAAAA,OAAO,EAAC;AAAIC,IAAAA,UAAU,EAACC,gBAAIC,MAAJ,GAAaC,IAAb,CAAkB;AACjBC,MAAAA,KAAK,EAAEH,gBAAII,MAAJ,GAAaD,KAAb,GAAqBE,QAArB,EADU;AAEjBC,MAAAA,SAAS,EAAEN,gBAAII,MAAJ,GAAaG,IAAb,GAAoBF,QAApB,EAFM;AAGjBG,MAAAA,UAAU,EAAER,gBAAII,MAAJ,GAAaG,IAAb,GAAoBF,QAApB,EAHK;AAIjBI,MAAAA,OAAO,EAAET,gBAAII,MAAJ,GAAaG,IAAb,GAAoBF,QAApB,EAJQ;AAKjBK,MAAAA,KAAK,EAAEV,gBAAIW,MAAJ,EALU;AAMjBC,MAAAA,UAAU,EAAEZ,gBAAIW,MAAJ,EANK;AAOjBE,MAAAA,SAAS,EAAEb,gBAAII,MAAJ,GAAaG,IAAb,EAPM;AAQjBO,MAAAA,WAAW,EAAEd,gBAAII,MAAJ,GAAaG,IAAb,EARI;AASjBQ,MAAAA,QAAQ,EAAEf,gBAAII,MAAJ,GAAaY,GAAb,CAAiB,CAAjB,EAAoBX,QAApB,EATO;AAUjBY,MAAAA,QAAQ,EAAEjB,gBAAII,MAAJ,GAAac,KAAb,CAAmB,CAAC,MAAD,EAAQ,WAAR,CAAnB,CAVO;AAWjBC,MAAAA,OAAO,EAAEnB;AAXQ,KAAlB,EAYIoB,OAZJ,CAYY;AAACC,MAAAA,UAAU,EAAG;AAAd,KAZZ,CAAf;AAcgBC,IAAAA,UAAU,EAACtB,gBAAIC,MAAJ,GAAaC,IAAb,CAAkB;AACzBC,MAAAA,KAAK,EAAEH,gBAAII,MAAJ,GAAaD,KAAb,GAAqBI,IAArB,EADkB;AAEzBgB,MAAAA,SAAS,EAAEvB,gBAAII,MAAJ,GAAaG,IAAb,EAFc;AAGzBiB,MAAAA,QAAQ,EAAExB,gBAAII,MAAJ,GAAaG,IAAb,EAHe;AAIzBE,MAAAA,OAAO,EAAET,gBAAII,MAAJ,GAAaG,IAAb,EAJgB;AAKzBkB,MAAAA,WAAW,EAAEzB,gBAAIW,MAAJ,EALY;AAMzBe,MAAAA,SAAS,EAAE1B,gBAAII,MAAJ,GAAaG,IAAb,EANc;AAOzBO,MAAAA,WAAW,EAAEd,gBAAII,MAAJ,GAAaG,IAAb,EAPY;AAQzBoB,MAAAA,QAAQ,EAAE3B,gBAAII,MAAJ,GAAaG,IAAb,EARe;AASzBQ,MAAAA,QAAQ,EAAEf,gBAAII,MAAJ,GAAaG,IAAb,GAAoBS,GAApB,CAAwB,CAAxB,CATe;AAUzBY,MAAAA,QAAQ,EAAE5B,gBAAII,MAAJ,GAAaG,IAAb,GAAoBW,KAApB,CAA0B,CAAC,MAAD,EAAQ,WAAR,CAA1B,CAVe;AAWzBC,MAAAA,OAAO,EAAEnB;AAXgB,KAAlB,EAYJoB,OAZI,CAYI;AAACC,MAAAA,UAAU,EAAG;AAAd,KAZJ,CAd3B;AA4BYQ,IAAAA,WAAW,EAAC7B,gBAAIC,MAAJ,GAAaC,IAAb,CAAkB;AAC1B4B,MAAAA,SAAS,EAAC9B,gBAAII,MAAJ,GAAaG,IAAb,GAAoBF,QAApB,EADgB;AAE1B0B,MAAAA,SAAS,EAAE/B,gBAAII,MAAJ,GAAaG,IAAb,GAAoBF,QAApB,EAFe;AAG1B2B,MAAAA,OAAO,EAAEhC,gBAAII,MAAJ,GAAaG,IAAb,GAAoBF,QAApB,EAHiB;AAI1B4B,MAAAA,QAAQ,EAAEjC,gBAAIkC,IAAJ,EAJgB;AAK1BC,MAAAA,QAAQ,EAAEnC,gBAAII,MAAJ,GAAaG,IAAb,EALgB;AAM1B6B,MAAAA,YAAY,EAAEpC,gBAAII,MAAJ,GAAaG,IAAb;AANY,KAAlB,EAOTa,OAPS,CAOD;AAACC,MAAAA,UAAU,EAAG;AAAd,KAPC,CA5BxB;AAsCYgB,IAAAA,WAAW,EAACrC,gBAAIC,MAAJ,GAAaC,IAAb,CAAkB;AAC1B4B,MAAAA,SAAS,EAAC9B,gBAAII,MAAJ,GAAaG,IAAb,EADgB;AAE1BwB,MAAAA,SAAS,EAAE/B,gBAAII,MAAJ,GAAaG,IAAb,EAFe;AAG1ByB,MAAAA,OAAO,EAAEhC,gBAAII,MAAJ,GAAaG,IAAb,EAHiB;AAI1B0B,MAAAA,QAAQ,EAAEjC,gBAAIkC,IAAJ,EAJgB;AAK1BC,MAAAA,QAAQ,EAAEnC,gBAAII,MAAJ,GAAaG,IAAb,EALgB;AAM1B6B,MAAAA,YAAY,EAAEpC,gBAAII,MAAJ,GAAaG,IAAb;AANY,KAAlB,EAQTa,OARS,CAQD;AAACC,MAAAA,UAAU,EAAG;AAAd,KARC,CAtCxB;AAgDYiB,IAAAA,YAAY,EAACtC,gBAAIC,MAAJ,GAAaC,IAAb,CAAkB;AAC3BqC,MAAAA,UAAU,EAACvC,gBAAII,MAAJ,GAAaG,IAAb,GAAoBF,QAApB,EADgB;AAE3BmC,MAAAA,UAAU,EAAExC,gBAAII,MAAJ,GAAaG,IAAb,GAAoBF,QAApB,EAFe;AAG3BoC,MAAAA,MAAM,EAAEzC,gBAAII,MAAJ,GAAaG,IAAb,GAAoBW,KAApB,CAA0B,CAAC,MAAD,EAAQ,QAAR,CAA1B,CAHmB;AAI3Bc,MAAAA,OAAO,EAAEhC,gBAAII,MAAJ,GAAaG,IAAb,EAJkB;AAK3BmC,MAAAA,OAAO,EAAE1C,gBAAII,MAAJ,GAAaG,IAAb,EALkB;AAM3BoC,MAAAA,MAAM,EAAE3C,gBAAIW,MAAJ,EANmB;AAO3BoB,MAAAA,SAAS,EAAC/B,gBAAII,MAAJ,GAAaG,IAAb,EAPiB;AAQ3BqC,MAAAA,IAAI,EAAE5C,gBAAII,MAAJ,GAAaG,IAAb,GAAoBW,KAApB,CAA0B,CAAC,SAAD,EAAW,aAAX,EAA0B,OAA1B,EAAkC,kBAAlC,CAA1B;AARqB,KAAlB,EASVE,OATU,CASF;AAACC,MAAAA,UAAU,EAAG;AAAd,KATE,CAhDzB;AA2DYwB,IAAAA,YAAY,EAAC7C,gBAAIC,MAAJ,GAAaC,IAAb,CAAkB;AAC3BqC,MAAAA,UAAU,EAACvC,gBAAII,MAAJ,GAAaG,IAAb,GAAoBF,QAApB,EADgB;AAE3BuC,MAAAA,IAAI,EAAE5C,gBAAII,MAAJ,GAAaG,IAAb,GAAoBF,QAApB,EAFqB;AAG3BmC,MAAAA,UAAU,EAAExC,gBAAII,MAAJ,GAAaG,IAAb,GAAoBF,QAApB,EAHe;AAI3BoC,MAAAA,MAAM,EAAEzC,gBAAII,MAAJ,GAAaG,IAAb,GAAoBW,KAApB,CAA0B,CAAC,MAAD,EAAQ,QAAR,CAA1B,CAJmB;AAK3Bc,MAAAA,OAAO,EAAEhC,gBAAII,MAAJ,GAAaG,IAAb;AALkB,KAAlB,EAOVa,OAPU,CAOF;AAACC,MAAAA,UAAU,EAAG;AAAd,KAPE,CA3DzB;AAoEYyB,IAAAA,eAAe,EAAC9C,gBAAIC,MAAJ,GAAaC,IAAb,CAAkB;AAC9B6C,MAAAA,SAAS,EAAC/C,gBAAIW,MAAJ,GAAaN,QAAb,EADoB;AAE9B2C,MAAAA,OAAO,EAAEhD,gBAAIW,MAAJ,GAAaN,QAAb,EAFqB;AAG9B4C,MAAAA,KAAK,EAAEjD,gBAAIW,MAAJ,GAAaN,QAAb;AAHuB,KAAlB,EAKbe,OALa,CAKL;AAACC,MAAAA,UAAU,EAAG;AAAd,KALK,CApE5B;AA2EY6B,IAAAA,UAAU,EAAClD,gBAAIC,MAAJ,GAAaC,IAAb,CAAkB;AACzB6C,MAAAA,SAAS,EAAE/C,gBAAIW,MAAJ,GAAaN,QAAb;AADc,KAAlB,EAERe,OAFQ,CAEA;AAACC,MAAAA,UAAU,EAAG;AAAd,KAFA,CA3EvB;AAgFY8B,IAAAA,cAAc,EAACnD,gBAAIC,MAAJ,GAAaC,IAAb,CAAkB;AAE7BkD,MAAAA,IAAI,EAAEpD,gBAAII,MAAJ,GAAaG,IAAb,GAAoBF,QAApB,EAFuB;AAG7BgD,MAAAA,MAAM,EAAErD,gBAAIW,MAAJ,GAAaN,QAAb;AAHqB,KAAlB,EAKZe,OALY,CAKJ;AAACC,MAAAA,UAAU,EAAG;AAAd,KALI;AAhF3B,GAFG;AA2FFiC,EAAAA,YAAY,EAAC,sBAACC,MAAD,EAAU;AACpB,WAAO,UAACC,GAAD,EAAKC,GAAL,EAASC,IAAT,EAAgB;AACvB1D,sBAAI2D,QAAJ,CAAaH,GAAG,CAACJ,IAAjB,EAAsBG,MAAtB,EAA8B,UAACK,GAAD,EAAMC,OAAN,EAAkB;AAC5C,YAAGD,GAAH,EAAO;AACHH,UAAAA,GAAG,CAAChB,MAAJ,CAAW,GAAX,EAAgBqB,IAAhB,CAAqB;AACjB,sBAAU,GADO;AAEjB,6CAA0BF,GAA1B;AAFiB,WAArB;AAIH,SALD,MAMI;AACEF,UAAAA,IAAI;AACT;AACJ,OAVD;AAWH,KAZG;AAaN;AAzGK,C","sourceRoot":"C:\\Users\\PAUL\\Videos\\project\\politico\\server\\middleware","sourcesContent":["import Joi from 'joi';\r\n    \r\n\r\nexport default {\r\n    \r\n    schemas:{   UserSchema:Joi.object().keys({\r\n                            email: Joi.string().email().required(),\r\n                            firstname: Joi.string().trim().required(), \r\n                            secondname: Joi.string().trim().required(),\r\n                            address: Joi.string().trim().required(),\r\n                            phone: Joi.number(),\r\n                            nationalid: Joi.number(),\r\n                            othername: Joi.string().trim(),\r\n                            passporturl: Joi.string().trim(),\r\n                            password: Joi.string().min(5).required(),\r\n                            usertype: Joi.string().valid(['user','candidate']),\r\n                            isAdmin: Joi.boolean()\r\n                            }).options({abortEarly : false}),\r\n\r\n                            UpdateUser:Joi.object().keys({\r\n                                email: Joi.string().email().trim(),\r\n                                firstName: Joi.string().trim(), \r\n                                lastName: Joi.string().trim(),\r\n                                address: Joi.string().trim(),\r\n                                phoneNumber: Joi.number(),\r\n                                otherName: Joi.string().trim(),\r\n                                passporturl: Joi.string().trim(),\r\n                                userName: Joi.string().trim(),\r\n                                password: Joi.string().trim().min(5),\r\n                                userType: Joi.string().trim().valid(['user','candidate']),\r\n                                isAdmin: Joi.boolean()\r\n                                }).options({abortEarly : false}),\r\n             \r\n                        PartySchema:Joi.object().keys({\r\n                            partyname:Joi.string().trim().required(),\r\n                            hqaddress: Joi.string().trim().required(),\r\n                            logourl: Joi.string().trim().required(),\r\n                            foundeon: Joi.date(),\r\n                            partinfo: Joi.string().trim(),\r\n                            partyaddress: Joi.string().trim()\r\n                        }).options({abortEarly : false}),\r\n\r\n\r\n                        UpdateParty:Joi.object().keys({\r\n                            partyname:Joi.string().trim(),\r\n                            hqaddress: Joi.string().trim(),\r\n                            logourl: Joi.string().trim(),\r\n                            foundeon: Joi.date(),\r\n                            partinfo: Joi.string().trim(),\r\n                            partyaddress: Joi.string().trim()\r\n\r\n                        }).options({abortEarly : false}),\r\n\r\n                        OfficeSchema:Joi.object().keys({\r\n                            officename:Joi.string().trim().required(),\r\n                            officeinfo: Joi.string().trim().required(),\r\n                            status: Joi.string().trim().valid(['open','closed']),\r\n                            logourl: Joi.string().trim(),\r\n                            applyid: Joi.string().trim(),\r\n                            leader: Joi.number(),\r\n                            hqaddress:Joi.string().trim(),\r\n                            type: Joi.string().trim().valid(['federal','legislative', 'state','local government']),\r\n                        }).options({abortEarly : false}),\r\n\r\n                        updateOffice:Joi.object().keys({\r\n                            officename:Joi.string().trim().required(),\r\n                            type: Joi.string().trim().required(),\r\n                            officeinfo: Joi.string().trim().required(),\r\n                            status: Joi.string().trim().valid(['open','closed']),\r\n                            logourl: Joi.string().trim()\r\n                            \r\n                        }).options({abortEarly : false}),\r\n                        \r\n                        candidateSchema:Joi.object().keys({\r\n                            candidate:Joi.number().required(),\r\n                            offices: Joi.number().required(),\r\n                            party: Joi.number().required(),\r\n                            \r\n                        }).options({abortEarly : false}),\r\n\r\n                        voteSchema:Joi.object().keys({\r\n                            candidate: Joi.number().required()\r\n                        }).options({abortEarly : false}),\r\n                        \r\n                        \r\n                        petitionSchema:Joi.object().keys({\r\n                            \r\n                            body: Joi.string().trim().required(),\r\n                            office: Joi.number().required()\r\n\r\n                        }).options({abortEarly : false})\r\n\r\n                                   },\r\n\r\n             inputsValids:(schema)=>{\r\n                return (req,res,next)=>{\r\n                Joi.validate(req.body,schema, (err, results) => {\r\n                    if(err){\r\n                        res.status(400).json({\r\n                            \"status\": 400,\r\n                            \"message\": `solve this  ${err}`\r\n                        })\r\n                    }\r\n                    else{\r\n                          next();\r\n                    }\r\n                });\r\n            }\r\n         }\r\n}\r\n\r\n"]},"_coverageSchema":"1a1c01bbd47fc00a2c39e90264f33305004495a9","hash":"d393816d984a865da8f1cd759e1cd066f1dd5ef0","contentHash":"1cb46ef8d05d0ab915c7de9e591adf2e2d6a93def42e7d9af353b367f272357d"},"C:\\Users\\PAUL\\Videos\\project\\politico\\server\\middleware\\isAdmin.js":{"path":"C:\\Users\\PAUL\\Videos\\project\\politico\\server\\middleware\\isAdmin.js","statementMap":{"0":{"start":{"line":3,"column":29},"end":{"line":3,"column":84}},"1":{"start":{"line":5,"column":0},"end":{"line":7,"column":3}},"2":{"start":{"line":8,"column":0},"end":{"line":8,"column":28}},"3":{"start":{"line":10,"column":18},"end":{"line":10,"column":74}},"4":{"start":{"line":12,"column":14},"end":{"line":32,"column":1}},"5":{"start":{"line":13,"column":2},"end":{"line":31,"column":3}},"6":{"start":{"line":14,"column":22},"end":{"line":14,"column":62}},"7":{"start":{"line":16,"column":4},"end":{"line":19,"column":7}},"8":{"start":{"line":21,"column":23},"end":{"line":21,"column":63}},"9":{"start":{"line":23,"column":4},"end":{"line":30,"column":5}},"10":{"start":{"line":24,"column":6},"end":{"line":24,"column":20}},"11":{"start":{"line":26,"column":6},"end":{"line":29,"column":9}},"12":{"start":{"line":34,"column":15},"end":{"line":34,"column":22}},"13":{"start":{"line":35,"column":0},"end":{"line":35,"column":30}}},"fnMap":{"0":{"name":"isAdmin","decl":{"start":{"line":12,"column":23},"end":{"line":12,"column":30}},"loc":{"start":{"line":12,"column":47},"end":{"line":32,"column":1}},"line":12}},"branchMap":{"0":{"loc":{"start":{"line":23,"column":4},"end":{"line":30,"column":5}},"type":"if","locations":[{"start":{"line":23,"column":4},"end":{"line":30,"column":5}},{"start":{"line":23,"column":4},"end":{"line":30,"column":5}}],"line":23}},"s":{"0":1,"1":1,"2":1,"3":1,"4":1,"5":4,"6":4,"7":4,"8":4,"9":0,"10":0,"11":0,"12":1,"13":1},"f":{"0":4},"b":{"0":[0,0]},"inputSourceMap":{"version":3,"sources":["isAdmin.js"],"names":["isAdmin","req","res","next","information","token","decode","status","json","error","isadmin"],"mappings":";;;;;;;;;AAAA;;AAEA,IAAMA,OAAO,GAAG,SAAVA,OAAU,CAACC,GAAD,EAAMC,GAAN,EAAWC,IAAX,EAAoB;AAEhC,MAAI;AACA,QAAIC,WAAW,GAAGC,uBAAMC,MAAN,CAAaL,GAAG,CAACI,KAAjB,CAAlB;AACH,GAFD,CAEE,gBAAM;AACJ,WAAOH,GAAG,CAACK,MAAJ,CAAW,GAAX,EAAgBC,IAAhB,CAAqB;AACxBD,MAAAA,MAAM,EAAE,GADgB;AAExBE,MAAAA,KAAK,EAAE;AAFiB,KAArB,CAAP;AAIH,GAPD,SAQO;AACP,QAAIL,YAAW,GAAGC,uBAAMC,MAAN,CAAaL,GAAG,CAACI,KAAjB,CAAlB;;AACA,QAAGD,YAAW,CAACM,OAAZ,IAAuB,MAA1B,EAAkC;AAC9B,aAAOP,IAAI,EAAX;AACH,KAFD,MAEM;AACH,aAAOD,GAAG,CAACK,MAAJ,CAAW,GAAX,EAAgBC,IAAhB,CAAqB;AACxBD,QAAAA,MAAM,EAAE,GADgB;AAExBE,QAAAA,KAAK,EAAE;AAFiB,OAArB,CAAP;AAIF;AACD;AAGH,CAvBD;;eAwBeT,O","sourceRoot":"C:\\Users\\PAUL\\Videos\\project\\politico\\server\\middleware","sourcesContent":["import token from '../helpers/userTokens'\r\n\r\nconst isAdmin = (req, res, next) => {\r\n\r\n    try {\r\n        let information = token.decode(req.token)\r\n    } catch {\r\n        return res.status(403).json({\r\n            status: 403,\r\n            error: 'please stoping faking the token',\r\n          });\r\n    }\r\n   finally {\r\n    let information = token.decode(req.token)\r\n    if(information.isadmin == 'true') {\r\n        return next()\r\n    }else {\r\n       return res.status(403).json({\r\n           status: 403,\r\n           error: 'not allowed to access this route',\r\n         });\r\n    }\r\n   }\r\n\r\n\r\n};\r\nexport default isAdmin;   \r\n\r\n\r\n"]},"_coverageSchema":"1a1c01bbd47fc00a2c39e90264f33305004495a9","hash":"4ac7d9efc9e98a24bd276b78526279107632f8cf","contentHash":"8da68e9e64401563c9fb52fc8ba3a7fb2ae779897c73deddc8fbfc0e22e7e969"},"C:\\Users\\PAUL\\Videos\\project\\politico\\server\\middleware\\authentication.js":{"path":"C:\\Users\\PAUL\\Videos\\project\\politico\\server\\middleware\\authentication.js","statementMap":{"0":{"start":{"line":3,"column":29},"end":{"line":3,"column":84}},"1":{"start":{"line":5,"column":0},"end":{"line":7,"column":3}},"2":{"start":{"line":8,"column":0},"end":{"line":8,"column":28}},"3":{"start":{"line":10,"column":18},"end":{"line":10,"column":74}},"4":{"start":{"line":12,"column":19},"end":{"line":33,"column":1}},"5":{"start":{"line":13,"column":2},"end":{"line":32,"column":3}},"6":{"start":{"line":14,"column":4},"end":{"line":23,"column":5}},"7":{"start":{"line":15,"column":6},"end":{"line":18,"column":9}},"8":{"start":{"line":20,"column":24},"end":{"line":20,"column":52}},"9":{"start":{"line":22,"column":17},"end":{"line":22,"column":59}},"10":{"start":{"line":25,"column":4},"end":{"line":28,"column":7}},"11":{"start":{"line":30,"column":4},"end":{"line":30,"column":45}},"12":{"start":{"line":31,"column":4},"end":{"line":31,"column":18}},"13":{"start":{"line":35,"column":15},"end":{"line":35,"column":27}},"14":{"start":{"line":36,"column":0},"end":{"line":36,"column":30}}},"fnMap":{"0":{"name":"authenticate","decl":{"start":{"line":12,"column":28},"end":{"line":12,"column":40}},"loc":{"start":{"line":12,"column":57},"end":{"line":33,"column":1}},"line":12}},"branchMap":{"0":{"loc":{"start":{"line":14,"column":4},"end":{"line":23,"column":5}},"type":"if","locations":[{"start":{"line":14,"column":4},"end":{"line":23,"column":5}},{"start":{"line":14,"column":4},"end":{"line":23,"column":5}}],"line":14}},"s":{"0":1,"1":1,"2":1,"3":1,"4":1,"5":4,"6":4,"7":4,"8":0,"9":0,"10":0,"11":4,"12":4,"13":1,"14":1},"f":{"0":4},"b":{"0":[4,0]},"inputSourceMap":{"version":3,"sources":["authentication.js"],"names":["authenticate","req","res","next","headers","undefined","status","json","error","authHeaders","data","tokenHelper","decode","token"],"mappings":";;;;;;;;;AAAA;;AAGA,IAAMA,YAAY,GAAG,SAAfA,YAAe,CAACC,GAAD,EAAMC,GAAN,EAAWC,IAAX,EAAoB;AAEzC,MAAI;AACF,QAAGF,GAAG,CAACG,OAAJ,CAAY,eAAZ,KAAgCC,SAAnC,EAA8C;AAC5C,aAAOH,GAAG,CAACI,MAAJ,CAAW,GAAX,EAAgBC,IAAhB,CAAqB;AAC1BD,QAAAA,MAAM,EAAE,GADkB;AAE1BE,QAAAA,KAAK,EAAE;AAFmB,OAArB,CAAP;AAID,KALD,MAMK;AACH,UAAMC,WAAW,GAAGR,GAAG,CAACG,OAAJ,CAAY,eAAZ,CAApB;;AACA,UAAIM,IAAI,GAAGC,uBAAYC,MAAZ,CAAmBH,WAAnB,CAAX;AACD;AAEF,GAZD,CAYE,gBAAM;AACN,WAAOP,GAAG,CAACI,MAAJ,CAAW,GAAX,EAAgBC,IAAhB,CAAqB;AAC1BD,MAAAA,MAAM,EAAE,GADkB;AAE1BE,MAAAA,KAAK,EAAE;AAFmB,KAArB,CAAP;AAKD,GAlBD,SAkBU;AACJP,IAAAA,GAAG,CAACY,KAAJ,GAAYZ,GAAG,CAACG,OAAJ,CAAY,eAAZ,CAAZ;AACA,WAAOD,IAAI,EAAX;AACL;AAGA,CA1BD;;eA2BeH,Y","sourceRoot":"C:\\Users\\PAUL\\Videos\\project\\politico\\server\\middleware","sourcesContent":["import tokenHelper from '../helpers/userTokens'\r\n\r\n\r\nconst authenticate = (req, res, next) => {\r\n\r\ntry {\r\n  if(req.headers['authorization'] == undefined) {\r\n    return res.status(401).json({\r\n      status: 401,\r\n      error: 'you are not signed in',\r\n    });\r\n  }\r\n  else {\r\n    const authHeaders = req.headers['authorization'];\r\n    let data = tokenHelper.decode(authHeaders)\r\n  }\r\n  \r\n} catch {\r\n  return res.status(406).json({\r\n    status: 406,\r\n    error: 'you are providing an invalid token ',\r\n  });\r\n\r\n} finally {\r\n      req.token = req.headers['authorization'];\r\n      return next()  \r\n}\r\n \r\n  \r\n};\r\nexport default authenticate;   \r\n\r\n\r\n"]},"_coverageSchema":"1a1c01bbd47fc00a2c39e90264f33305004495a9","hash":"787a7d2a5099101d2b2a96c31c93f365cde1a9cd","contentHash":"a2ae8d7e27f751b6f3f8b990be93da2f617e50311d1f4fe68da1314189085f77"},"C:\\Users\\PAUL\\Videos\\project\\politico\\server\\routes\\partyRoutes.js":{"path":"C:\\Users\\PAUL\\Videos\\project\\politico\\server\\routes\\partyRoutes.js","statementMap":{"0":{"start":{"line":3,"column":29},"end":{"line":3,"column":84}},"1":{"start":{"line":5,"column":0},"end":{"line":7,"column":3}},"2":{"start":{"line":8,"column":0},"end":{"line":8,"column":28}},"3":{"start":{"line":10,"column":22},"end":{"line":10,"column":85}},"4":{"start":{"line":12,"column":23},"end":{"line":12,"column":88}},"5":{"start":{"line":14,"column":18},"end":{"line":14,"column":77}},"6":{"start":{"line":16,"column":15},"end":{"line":16,"column":57}},"7":{"start":{"line":18,"column":15},"end":{"line":18,"column":71}},"8":{"start":{"line":20,"column":13},"end":{"line":20,"column":41}},"9":{"start":{"line":23,"column":0},"end":{"line":23,"column":195}},"10":{"start":{"line":24,"column":0},"end":{"line":24,"column":94}},"11":{"start":{"line":25,"column":0},"end":{"line":25,"column":94}},"12":{"start":{"line":26,"column":0},"end":{"line":26,"column":196}},"13":{"start":{"line":27,"column":0},"end":{"line":27,"column":124}},"14":{"start":{"line":28,"column":15},"end":{"line":28,"column":21}},"15":{"start":{"line":29,"column":0},"end":{"line":29,"column":30}}},"fnMap":{},"branchMap":{},"s":{"0":1,"1":1,"2":1,"3":1,"4":1,"5":1,"6":1,"7":1,"8":1,"9":1,"10":1,"11":1,"12":1,"13":1,"14":1,"15":1},"f":{},"b":{},"inputSourceMap":{"version":3,"sources":["partyRoutes.js"],"names":["router","express","Router","post","checkToken","isAdmin","validations","inputsValids","schemas","PartySchema","party","createParty","get","viewParty","getAllParties","put","UpdateParty","editParty","deletePartry"],"mappings":";;;;;;;;;AAAA;;AACA;;AACA;;AACA;;AACA;;AAEA,IAAMA,MAAM,GAAGC,oBAAQC,MAAR,EAAf,C,CACA;;;AACAF,MAAM,CAACG,IAAP,CAAY,UAAZ,EAAuBC,0BAAvB,EAAkCC,mBAAlC,EAA0CC,uBAAYC,YAAZ,CAAyBD,uBAAYE,OAAZ,CAAoBC,WAA7C,CAA1C,EAAqGC,4BAAMC,WAA3G;AACAX,MAAM,CAACY,GAAP,CAAW,cAAX,EAA2BR,0BAA3B,EAAuCM,4BAAMG,SAA7C;AACAb,MAAM,CAACY,GAAP,CAAW,UAAX,EAAuBR,0BAAvB,EAAmCM,4BAAMI,aAAzC;AACAd,MAAM,CAACe,GAAP,CAAW,cAAX,EAA0BX,0BAA1B,EAAsCC,mBAAtC,EAA+CC,uBAAYC,YAAZ,CAAyBD,uBAAYE,OAAZ,CAAoBQ,WAA7C,CAA/C,EAA0GN,4BAAMO,SAAhH;AACAjB,MAAM,UAAN,CAAc,cAAd,EAA8BI,0BAA9B,EAAyCC,mB
[...]
=$3,goveremntid=$4 ,officeadress=$5,officeleader=$6 ,officestatus=$7 ,leaderemail=$8,logourl=$9\r\n            WHERE id=$10 \r\n            `\r\n            let inputs = [officeInfo.officename, officeInfo.officeinfo, officeInfo.officetype,officeInfo.goveremntid, officeInfo.hqaddress, officeInfo.officeleader,officeInfo.officestatus, officeInfo.leaderemail, officeInfo.logourl, officeId]\r\n\r\n            await client.query(data,inputs)\r\n            let partyCreated = await client.query('select * from offices where id=$1', [officeId])\r\n\r\n            return partyCreated.rows\r\n            \r\n        }else {\r\n            return \"office dont exist\"\r\n        }\r\n    }\r\n\r\n    async deleteOffice(officeId) {\r\n        const office = await client.query('select * from offices where id=$1', [officeId])\r\n\r\n        if(office && office.rows.length > 0) \r\n         {\r\n            console.log(office.rows)\r\n            await client.query('DELETE FROM offices WHERE id=$1', [officeId])\r\n            return office.rows \r\n        } else {\r\n            return \"office dont exist\"\r\n        }\r\n\r\n    }\r\n\r\n    async postCandidate(officeId,candidateInfo) {\r\n        \r\n        const office = await client.query('select * from offices where id=$1', [officeId])\r\n        if(office && office.rows.length > 0) {\r\n            let userInfo = await client.query('select * from users where id=$1', [candidateInfo.candidateid])\r\n            \r\n            if(userInfo && userInfo.rows.length > 0) {\r\n            const {firstname,secondname,userprofile} = userInfo.rows[0]\r\n            \r\n            let data = `\r\n            INSERT INTO candidates\r\n            (firstname,secondname,applyid,candidateid,candidateinfo,candidatebackground,profileimage )\r\n            VALUES ($1,$2,$3,$4,$5,$6,$7)\r\n            RETURNING * \r\n            `\r\n\r\n            let inputs  = [firstname, secondname, officeId, candidateInfo.candidateid,candidateInfo.candidateinfo, candidateInfo.candidatebackground,userprofile ]\r\n            let existUser = await client.query(\"select * from candidates where firstname=$1 and secondname=$2\",[firstname,secondname])\r\n            \r\n            if(existUser && existUser.rows.length > 0) {\r\n                return 'this candidate is already registered'\r\n            } else {\r\n                await client.query(data,inputs)\r\n\r\n                let createdUser = await client.query(\"select * from candidates where firstname=$1 and secondname=$2\",[firstname,secondname])\r\n                return createdUser.rows\r\n            }\r\n            \r\n            }else {\r\n                return 'you are reffering to a none existing user'\r\n            }\r\n        } else {\r\n           return \"office dont exist\"\r\n       }\r\n    }\r\n\r\n    async allCandidate() {\r\n        let candidates = await client.query('select * from candidates')\r\n        return candidates.rows\r\n    }\r\n\r\n    async createVote(tokenId, voteInfo) {\r\n        const {createdOn,office,candidate} = voteInfo\r\n        let votesDb = await client.query('select * from votes')\r\n        let users = await client.query('select * from users where id=$1',[tokenId])\r\n        let offis = await client.query('select * from offices')\r\n        let officeVoted = offis.rows.some(n => n.id == office)\r\n\r\n            let creator = users.rows[0].email\r\n            let candidates = await client.query('select * from candidates where id=$1', [candidate])\r\n            console.log(candidates.rows)\r\n        let voterExist = votesDb.rows.some(n => n.voter == creator)\r\n            if(officeVoted ) {\r\n                return 'you have voted in this office'\r\n            } else if (voterExist) {\r\n                return  'vote already exist'\r\n            }\r\n           else if(candidates.rows.length > 0) {\r\n                let party = candidates.rows[0].partyid\r\n                let votes = `\r\n                INSERT INTO votes\r\n                (votefor,office,createdon,votecount,party,voter )\r\n                VALUES ($1,$2,$3,$4,$5,$6)\r\n                RETURNING * \r\n                `\r\n        \r\n                let inputs = [candidate, office,createdOn,0,party,creator]\r\n                let voteCreated = await client.query(votes,inputs)\r\n        \r\n                return voteCreated.rows\r\n            } else {\r\n                return 'candidate does not exist'\r\n            }              \r\n      \r\n    }\r\n\r\n    async viewResults(officeId) {\r\n        let candidates = await client.query('select * from votes where office=$1', [officeId])\r\n        if(candidates) {\r\n            return candidates.rows\r\n        } else {\r\n            return 'office does not exist'\r\n        }\r\n    }\r\n\r\n    async createPetition(petitionInfo) {\r\n        const {createdBy, office,body,evidence} = petitionInfo\r\n\r\n        let offices = await client.query('select * from offices where id=$1',[office])\r\n        if(offices.rows.length > 0) {\r\n            let status = offices.rows[0].officestatus\r\n            if(status !== 'active') {\r\n                let petition = `\r\n                INSERT INTO petition\r\n                (createby,office,supports,evidence,information )\r\n                VALUES ($1,$2,$3,$4,$5)\r\n                RETURNING * \r\n                `\r\n                let inputs = [createdBy, office,0,evidence,body]\r\n                \r\n               let tryi =  await client.query(petition,inputs)\r\n                console.log(tryi, 'here')\r\n                let petitionCreated = await client.query('select * from petition')\r\n                console.log(petitionCreated)\r\n                return petitionCreated.rows[petitionCreated.rows.length - 1]\r\n            } else {\r\n                return 'office is still active'\r\n            }\r\n        } else {\r\n            return 'office does not exist'\r\n        }\r\n   \r\n    }\r\n}\r\n\r\n\r\nexport default new Office()\r\n\r\n"]},"_coverageSchema":"1a1c01bbd47fc00a2c39e90264f33305004495a9","hash":"e2a68117cdbe18f328d8b926cd167f18a6013066","contentHash":"96679b5e160730bef92c95654414df67b9a8107eaa1c2638888d3a69396cf1b6"},"C:\\Users\\PAUL\\Videos\\project\\politico\\server\\tests\\partyTest.js":{"path":"C:\\Users\\PAUL\\Videos\\project\\politico\\server\\tests\\partyTest.js","statementMap":{"0":{"start":{"line":3,"column":29},"end":{"line":3,"column":84}},"1":{"start":{"line":5,"column":10},"end":{"line":5,"column":23}},"2":{"start":{"line":7,"column":12},"end":{"line":7,"column":51}},"3":{"start":{"line":9,"column":16},"end":{"line":9,"column":60}},"4":{"start":{"line":11,"column":14},"end":{"line":11,"column":58}},"5":{"start":{"line":13,"column":22},"end":{"line":13,"column":85}},"6":{"start":{"line":15,"column":15},"end":{"line":15,"column":71}},"7":{"start":{"line":17,"column":18},"end":{"line":17,"column":77}},"8":{"start":{"line":19,"column":13},"end":{"line":25,"column":2}},"9":{"start":{"line":26,"column":0},"end":{"line":26,"column":17}},"10":{"start":{"line":28,"column":0},"end":{"line":28,"column":26}},"11":{"start":{"line":30,"column":0},"end":{"line":30,"column":43}},"12":{"start":{"line":32,"column":16},"end":{"line":34,"column":1}},"13":{"start":{"line":35,"column":17},"end":{"line":38,"column":1}},"14":{"start":{"line":39,"column":0},"end":{"line":54,"column":3}},"15":{"start":{"line":40,"column":2},"end":{"line":46,"column":5}},"16":{"start":{"line":41,"column":4},"end":{"line":43,"column":7}},"17":{"start":{"line":42,"column":6},"end":{"line":42,"column":34}},"18":{"start":{"line":45,"column":4},"end":{"line":45,"column":11}},"19":{"start":{"line":47,"column":2},"end":{"line":53,"column":5}},"20":{"start":{"line":48,"column":4},"end":{"line":50,"column":7}},"21":{"start":{"line":49,"column":6},"end":{"line":49,"column":34}},"22":{"start":{"line":52,"column":4},"end":{"line":52,"column":11}}},"fnMap":{"0":{"name":"(anonymous_0)","decl":{"start":{"line":39,"column":24},"end":{"line":39,"column":25}},"loc":{"start":{"line":39,"column":36},"end":{"line":54,"column":1}},"line":39},"1":{"name":"(anonymous_1)","decl":{"start":{"line":40,"column":59},"end":{"line":40,"column":60}},"loc":{"start":{"line":40,"column":75},"end":{"line":46,"column":3}},"line":40},"2":{"name":"(anonymous_2)","decl":{"start":{"line":41,"column":93},"end":{"line":41,"column":94}},"loc":{"start":{"line":41,"column":113},"end":{"line":43,"column":5}},"line":41},"3":{"name":"(anonymous_3)","decl":{"start":{"line":47,"column":51},"end":{"line":47,"column":52}},"loc":{"start":{"line":47,"column":67},"end":{"line":53,"column":3}},"line":47},"4":{"name":"(anonymous_4)","decl":{"start":{"line":48,"column":94},"end":{"line":48,"column":95}},"loc":{"start":{"line":48,"column":114},"end":{"line":50,"column":5}},"line":48}},"branchMap":{},"s":{"0":1,"1":1,"2":1,"3":1,"4":1,"5":1,"6":1,"7":1,"8":1,"9":1,"10":1,"11":1,"12":1,"13":1,"14":1,"15":1,"16":1,"17":1,"18":1,"19":1,"20":1,"21":1,"22":1},"f":{"0":1,"1":1,"2":1,"3":1,"4":1},"b":{},"inputSourceMap":{"version":3,"sources":["partyTest.js"],"names":["client","Client","user","password","host","port","database","connect","chai","should","use","chaiHttp","partyInfo","partyInfo2","Math","floor","random","describe","it","done","request","app","post","send","end","err","res","have","status"],"mappings":";;;;AAAA;;AACA;;AACA;;AACA;;AACA;;AACA;;AACA;;AAGA,IAAIA,MAAM,GAAG,IAAIC,UAAJ,CAAW;AACpBC,EAAAA,IAAI,EAAE,UADc;AAEpBC,EAAAA,QAAQ,EAAE,MAFU;AAGpBC,EAAAA,IAAI,EAAE,WAHc;AAIpBC,EAAAA,IAAI,EAAE,IAJc;AAKpBC,EAAAA,QAAQ,EAAE;AALU,CAAX,CAAb;AAQAN,MAAM,CAACO,OAAP;;AACAC,iBAAKC,MAAL;;AACAD,iBAAKE,GAAL,CAASC,oBAAT;;AAEA,IAAIC,SAAS,GAAG;AACR,eAAa;AADL,CAAhB;AAIA,IAAIC,UAAU,GAAG;AACb,kCAAyBC,IAAI,CAACC,KAAL,CAAWD,IAAI,CAACE,MAAL,KAAgB,GAA3B,IAAkC,GAA3D,CADa;AAEb,eAAa;AAFA,CAAjB;AAKAC,QAAQ,CAAC,aAAD,EAAgB,YAAK;AAEzBC,EAAAA,EAAE,CAAC,oDAAD,EAAuD,UAACC,IAAD,EAAU;AAC/DX,qBAAKY,OAAL,CAAaC,kBAAb,EACKC,IADL,CACU,iBADV,EAEKC,IAFL,CAEUX,SAFV,EAGKY,GAHL,CAGS,UAACC,GAAD,EAAMC,GAAN,EAAa;AACdA,MAAAA,GAAG,CAACjB,MAAJ,CAAWkB,IAAX,CAAgBC,MAAhB,CAAuB,GAAvB;AACH,KALL;;AAMIT,IAAAA,IAAI;AACX,GARC,CAAF;AASAD,EAAAA,EAAE,CAAC,4CAAD,EAA+C,UAACC,IAAD,EAAU;AACvDX,qBAAKY,OAAL,CAAaC,kBAAb,EACKC,IADL,CACU,iBADV,EAEKC,IAFL,CAEUV,UAFV,EAGKW,GAHL,CAGS,UAACC,GAAD,EAAMC,GAAN,EAAa;AACdA,MAAAA,GAAG,CAACjB,MAAJ,CAAWkB,IAAX,CAAgBC,MAAhB,CAAuB,GAAvB;AACH,KALL;;AAMIT,IAAAA,IAAI;AACX,GARC,CAAF;AAYH,CAvBO,CAAR","sourceRoot":"C:\\Users\\PAUL\\Videos\\project\\politico\\server\\tests","sourcesContent":["import {Client} from 'pg'\r\nimport chai from 'chai'\r\nimport chaiHttp from 'chai-http'\r\nimport app from '../server'\r\nimport auth from '../middleware/authentication'\r\nimport isadmin from '../middleware/isAdmin'\r\nimport validator from  '../middleware/validation'\r\n\r\n\r\nlet client = new Client({\r\n    user: \"postgres\",\r\n    password: \"paul\",\r\n    host: \"localhost\",\r\n    port: 5432,\r\n    database: \"politico\"\r\n})\r\n\r\nclient.connect()\r\nchai.should()\r\nchai.use(chaiHttp)\r\n\r\nlet partyInfo = {\r\n        \"partyname\": \" new name herre \"\r\n}\r\n\r\nlet partyInfo2 = {\r\n    \"partyname\": `new name ${Math.floor(Math.random() * 100) + 100}`,\r\n    'hqaddress': 'home'\r\n}\r\n\r\ndescribe('Party Tests', ()=> {\r\n    \r\n    it('user should not create A party with existing name ', (done) => {        \r\n        chai.request(app)\r\n            .post('/api/v1/parties')\r\n            .send(partyInfo)\r\n            .end((err, res) =>{\r\n                res.should.have.status(401);\r\n            });\r\n            done();\r\n    });\r\n    it('user should  create A party with new name ', (done) => {        \r\n        chai.request(app)\r\n            .post('/api/v1/parties')\r\n            .send(partyInfo2)\r\n            .end((err, res) =>{\r\n                res.should.have.status(401);\r\n            });\r\n            done();\r\n    });\r\n    \r\n   \r\n\r\n})\r\n\r\n\r\n\r\n"]},"_coverageSchema":"1a1c01bbd47fc00a2c39e90264f33305004495a9","hash":"332f2d1466b4aba75cbc9e4fe0181289e085053b","contentHash":"51a578a83d3e1e51e32860e202849408b6e3750b324b5c9aabc4efa6b12207fb"},"C:\\Users\\PAUL\\Videos\\project\\politico\\server\\tests\\userTest.js":{"path":"C:\\Users\\PAUL\\Videos\\project\\politico\\server\\tests\\userTest.js","statementMap":{"0":{"start":{"line":3,"column":29},"end":{"line":3,"column":84}},"1":{"start":{"line":5,"column":10},"end":{"line":5,"column":23}},"2":{"start":{"line":7,"column":12},"end":{"line":7,"column":51}},"3":{"start":{"line":9,"column":16},"end":{"line":9,"column":60}},"4":{"start":{"line":11,"column":14},"end":{"line":11,"column":58}},"5":{"start":{"line":13,"column":22},"end":{"line":13,"column":85}},"6":{"start":{"line":15,"column":15},"end":{"line":15,"column":71}},"7":{"start":{"line":17,"column":18},"end":{"line":17,"column":77}},"8":{"start":{"line":19,"column":13},"end":{"line":25,"column":2}},"9":{"start":{"line":26,"column":0},"end":{"line":26,"column":17}},"10":{"start":{"line":28,"column":0},"end":{"line":28,"column":26}},"11":{"start":{"line":30,"column":0},"end":{"line":30,"column":43}},"12":{"start":{"line":32,"column":13},"end":{"line":41,"column":1}},"13":{"start":{"line":42,"column":17},"end":{"line":45,"column":1}},"14":{"start":{"line":46,"column":18},"end":{"line":49,"column":1}},"15":{"start":{"line":50,"column":0},"end":{"line":72,"column":3}},"16":{"start":{"line":51,"column":2},"end":{"line":57,"column":5}},"17":{"start":{"line":52,"column":4},"end":{"line":54,"column":7}},"18":{"start":{"line":53,"column":6},"end":{"line":53,"column":34}},"19":{"start":{"line":56,"column":4},"end":{"line":56,"column":11}},"20":{"start":{"line":58,"column":2},"end":{"line":64,"column":5}},"21":{"start":{"line":59,"column":4},"end":{"line":61,"column":7}},"22":{"start":{"line":60,"column":6},"end":{"line":60,"column":34}},"23":{"start":{"line":63,"column":4},"end":{"line":63,"column":11}},"24":{"start":{"line":65,"column":2},"end":{"line":71,"column":5}},"25":{"start":{"line":66,"column":4},"end":{"line":68,"column":7}},"26":{"start":{"line":67,"column":6},"end":{"line":67,"column":34}},"27":{"start":{"line":70,"column":4},"end":{"line":70,"column":11}}},"fnMap":{"0":{"name":"(anonymous_0)","decl":{"start":{"line":50,"column":28},"end":{"line":50,"column":29}},"loc":{"start":{"line":50,"column":40},"end":{"line":72,"column":1}},"line":50},"1":{"name":"(anonymous_1)","decl":{"start":{"line":51,"column":42},"end":{"line":51,"column":43}},"loc":{"start":{"line":51,"column":58},"end":{"line":57,"column":3}},"line":51},"2":{"name":"(anonymous_2)","decl":{"start":{"line":52,"column":94},"end":{"line":52,"column":95}},"loc":{"start":{"line":52,"column":114},"end":{"line":54,"column":5}},"line":52},"3":{"name":"(anonymous_3)","decl":{"start":{"line":58,"column":61},"end":{"line":58,"column":62}},"loc":{"start":{"line":58,"column":77},"end":{"line":64,"column":3}},"line":58},"4":{"name":"(anonymous_4)","decl":{"start":{"line":59,"column":99},"end":{"line":59,"column":100}},"loc":{"start":{"line":59,"column":119},"end":{"line":61,"column":5}},"line":59},"5":{"name":"(anonymous_5)","decl":{"start":{"line":65,"column":79},"end":{"line":65,"column":80}},"loc":{"start":{"line":65,"column":95},"end":{"line":71,"column":3}},"line":65},"6":{"name":"(anonymous_6)","decl":{"start":{"line":66,"column":99},"end":{"line":66,"column":100}},"loc":{"start":{"line":66,"column":119},"end":{"line":68,"column":5}},"line":66}},"branchMap":{},"s":{"0":1,"1":1,"2":1,"3":1,"4":1,"5":1,"6":1,"7":1,"8":1,"9":1,"10":1,"11":1,"12":1,"13":1,"14":1,"15":1,"16":1,"17":1,"18":1,"19":1,"20":1,"21":1,"22":0,"23":1,"24":1,"25":1,"26":0,"27":1},"f":{"0":1,"1":1,"2":1,"3":1,"4":0,"5":1,"6":0},"b":{},"inputSourceMap":{"version":3,"sources":["userTest.js"],"names":["client","Client","user","password","host","port","database","connect","chai","should","use","chaiHttp","signUp","userSignin","userSignin2","describe","it","done","request","app","post","send","end","err","res","have","status"],"mappings":";;;;AAAA;;AACA;;AACA;;AACA;;AACA;;AACA;;AACA;;AAEA,IAAIA,MAAM,GAAG,IAAIC,UAAJ,CAAW;AACpBC,EAAAA,IAAI,EAAE,UADc;AAEpBC,EAAAA,QAAQ,EAAE,MAFU;AAGpBC,EAAAA,IAAI,EAAE,WAHc;AAIpBC,EAAAA,IAAI,EAAE,IAJc;AAKpBC,EAAAA,QAAQ,EAAE;AALU,CAAX,CAAb;AAQAN,MAAM,CAACO,OAAP;;AACAC,iBAAKC,MAAL;;AACAD,iBAAKE,GAAL,CAASC,oBAAT;;AAEA,IAAIC,MAAM,GAAG;AACZ,eAAa,WADD;AAEZ,gBAAc,QAFF;AAGZ,WAAS,0BAHG;AAIZ,cAAY,YAJA;AAKZ,gBAAc,UALF;AAMZ,aAAW,MANC;AAOZ,iBAAe,OAPH;AAQZ,iBAAe;AARH,CAAb;AAYA,IAAIC,UAAU,GAAG;AAEhB,WAAS,0BAFO;AAGhB,cAAY;AAHI,CAAjB;AAOA,IAAIC,WAAW,GAAG;AAEjB,WAAS,0BAFQ;AAGjB,cAAY;AAHK,CAAlB;AAQAC,QAAQ,CAAC,iBAAD,EAAoB,YAAK;AAE7BC,EAAAA,EAAE,CAAC,mCAAD,EAAsC,UAACC,IAAD,EAAU;AAC9CT,qBAAKU,OAAL,CAAaC,kBAAb,EACKC,IADL,CACU,qBADV,EAEKC,IAFL,CAEUT,MAFV,EAGKU,GAHL,CAGS,UAACC,GAAD,EAAMC,GAAN,EAAa;AACdA,MAAAA,GAAG,CAACf,MAAJ,CAAWgB,IAAX,CAAgBC,MAAhB,CAAuB,GAAvB;AACH,KALL;;AAMIT,IAAAA,IAAI;AACX,GARC,CAAF;AAUAD,EAAAA,EAAE,CAAC,sDAAD,EAAyD,UAACC,IAAD,EAAU;AACjET,qBAAKU,OAAL,CAAaC,kBAAb,EACKC,IADL,CACU,qBADV,EAEKC,IAFL,CAEUP,WAFV,EAGKQ,GAHL,CAGS,UAACC,GAAD,EAAMC,GAAN,EAAa;AACdA,MAAAA,GAAG,CAACf,MAAJ,CAAWgB,IAAX,CAAgBC,MAAhB,CAAuB,GAAvB;AACH,KALL;;AAMIT,IAAAA,IAAI;AACX,GARC,CAAF;AAUAD,EAAAA,EAAE,CAAC,wEAAD,EAA2E,UAACC,IAAD,EAAU;AACnFT,qBAAKU,OAAL,CAAaC,kBAAb,EACKC,IADL,CACU,qBADV,EAEKC,IAFL,CAEUP,WAFV,EAGKQ,GAHL,CAGS,UAACC,GAAD,EAAMC,GAAN,EAAa;AACdA,MAAAA,GAAG,CAACf,MAAJ,CAAWgB,IAAX,CAAgBC,MAAhB,CAAuB,GAAvB;AACH,KALL;;AAMIT,IAAAA,IAAI;AACX,GARC,CAAF;AAUH,CAhCO,CAAR","sourceRoot":"C:\\Users\\PAUL\\Videos\\project\\politico\\server\\tests","sourcesContent":["import {Client} from 'pg'\r\nimport chai from 'chai'\r\nimport chaiHttp from 'chai-http'\r\nimport app from '../server'\r\nimport auth from '../middleware/authentication'\r\nimport isadmin from '../middleware/isAdmin'\r\nimport validator from  '../middleware/validation'\r\n\r\nlet client = new Client({\r\n    user: \"postgres\",\r\n    password: \"paul\",\r\n    host: \"localhost\",\r\n    port: 5432,\r\n    database: \"politico\"\r\n})\r\n\r\nclient.connect()\r\nchai.should()\r\nchai.use(chaiHttp)\r\n\r\nlet signUp = {\r\n\t\"firstname\": \"firstname\",\r\n\t\"secondname\": \"second\",\r\n\t\"email\": \"suscy@seut12sncursus.com\",\r\n\t\"password\": \"mainpass12\",\r\n\t\"nationalid\": 2111323123,\r\n\t\"address\": \"home\",\r\n\t\"phonenumber\": 1234321,\r\n\t\"passporturl\": \"userdbhsadbsc\"\t\r\n\t\r\n}\r\n\r\nlet userSignin = {\r\n   \r\n\t\"email\": \"suscy@seut12sncursus.com\",\r\n\t\"password\": \"mainpass12\"\r\n\t\r\n}\r\n\r\nlet userSignin2 = {\r\n   \r\n\t\"email\": \"suscy@seut12sncursus.com\",\r\n\t\"password\": \"\"\r\n\t\r\n}\r\n\r\n\r\ndescribe('User Auth Tests', ()=> {\r\n    \r\n    it('user should sign-up in the system', (done) => {        \r\n        chai.request(app)\r\n            .post('/api/v1/auth/signup')\r\n            .send(signUp)\r\n            .end((err, res) =>{\r\n                res.should.have.status(400);\r\n            });\r\n            done();\r\n    });\r\n    \r\n    it('user should sign-in in the system with valid inputs ', (done) => {        \r\n        chai.request(app)\r\n            .post('/api/v1/auth/signin')\r\n            .send(userSignin2)\r\n            .end((err, res) =>{\r\n                res.should.have.status(200);\r\n            });\r\n            done();\r\n    });\r\n\r\n    it('user should not sign-in in the system without valid email and password', (done) => {        \r\n        chai.request(app)\r\n            .post('/api/v1/auth/signin')\r\n            .send(userSignin2)\r\n            .end((err, res) =>{\r\n                res.should.have.status(403);\r\n            });\r\n            done();\r\n    });\r\n\r\n})\r\n\r\n\r\n\r\n"]},"_coverageSchema":"1a1c01bbd47fc00a2c39e90264f33305004495a9","hash":"c602114b64019f78bbbc44125c66acea57c6b18a","contentHash":"95f1b48489cf13da0ce8590eed60c848b62f13733b25f4e7df7296ff16e900cb"}}